Log file open, 03/26/22 14:46:13
LogWindows: Failed to load 'aqProf.dll' (GetLastError=126)
LogWindows: File 'aqProf.dll' does not exist
LogWindows: Failed to load 'VtuneApi.dll' (GetLastError=126)
LogWindows: File 'VtuneApi.dll' does not exist
LogWindows: Failed to load 'VtuneApi32e.dll' (GetLastError=126)
LogWindows: File 'VtuneApi32e.dll' does not exist
LogConsoleResponse: Display: Failed to find resolution value strings in scalability ini. Falling back to default.
LogConsoleResponse: Display: Failed to find resolution value strings in scalability ini. Falling back to default.
LogInit: Display: Running engine for game: DiplomnaRabota1
LogPlatformFile: Not using cached read wrapper
LogTaskGraph: Started task graph with 5 named threads and 35 total threads with 3 sets of task threads.
LogStats: Stats thread started at 0.225033
LogICUInternationalization: ICU TimeZone Detection - Raw Offset: +2:00, Platform Override: ''
LogInit: Display: Loading text-based GConfig....
LogPluginManager: Mounting plugin MeshPainting
LogPluginManager: Mounting plugin XGEController
LogPluginManager: Mounting plugin Paper2D
LogPluginManager: Mounting plugin EnvironmentQueryEditor
LogPluginManager: Mounting plugin LiveLink
LogPluginManager: Mounting plugin LightPropagationVolume
LogPluginManager: Mounting plugin CameraShakePreviewer
LogPluginManager: Mounting plugin AnimationSharing
LogPluginManager: Mounting plugin GameplayCameras
LogPluginManager: Mounting plugin OodleData
LogPluginManager: Mounting plugin CLionSourceCodeAccess
LogPluginManager: Mounting plugin AISupport
LogPluginManager: Mounting plugin DatasmithContent
LogPluginManager: Mounting plugin AssetManagerEditor
LogPluginManager: Mounting plugin CryptoKeys
LogPluginManager: Mounting plugin CurveEditorTools
LogPluginManager: Mounting plugin VariantManagerContent
LogPluginManager: Mounting plugin FacialAnimation
LogPluginManager: Mounting plugin GeometryMode
LogPluginManager: Mounting plugin DataValidation
LogPluginManager: Mounting plugin MacGraphicsSwitching
LogPluginManager: Mounting plugin AlembicImporter
LogPluginManager: Mounting plugin MaterialAnalyzer
LogPluginManager: Mounting plugin MobileLauncherProfileWizard
LogPluginManager: Mounting plugin PluginBrowser
LogPluginManager: Mounting plugin AutomationUtils
LogPluginManager: Mounting plugin BackChannel
LogPluginManager: Mounting plugin GameplayTagsEditor
LogPluginManager: Mounting plugin SpeedTreeImporter
LogPluginManager: Mounting plugin ChaosClothEditor
LogPluginManager: Mounting plugin ChaosCloth
LogPluginManager: Mounting plugin ChaosEditor
LogPluginManager: Mounting plugin ChaosNiagara
LogPluginManager: Mounting plugin ChaosSolverPlugin
LogPluginManager: Mounting plugin CharacterAI
LogPluginManager: Mounting plugin CodeLiteSourceCodeAccess
LogPluginManager: Mounting plugin GitSourceControl
LogPluginManager: Mounting plugin KDevelopSourceCodeAccess
LogPluginManager: Mounting plugin NullSourceCodeAccess
LogPluginManager: Mounting plugin PerforceSourceControl
LogPluginManager: Mounting plugin PixWinPlugin
LogPluginManager: Mounting plugin PlasticSourceControl
LogPluginManager: Mounting plugin GeometryCache
LogPluginManager: Mounting plugin PluginUtils
LogPluginManager: Mounting plugin PropertyAccessNode
LogPluginManager: Mounting plugin GeometryCollectionPlugin
LogPluginManager: Mounting plugin RiderSourceCodeAccess
LogPluginManager: Mounting plugin SubversionSourceControl
LogPluginManager: Mounting plugin TextureFormatOodle
LogPluginManager: Mounting plugin UObjectPlugin
LogPluginManager: Mounting plugin VisualStudioSourceCodeAccess
LogPluginManager: Mounting plugin XCodeSourceCodeAccess
LogPluginManager: Mounting plugin VisualStudioCodeSourceCodeAccess
LogPluginManager: Mounting plugin GeometryProcessing
LogPluginManager: Mounting plugin MotoSynth
LogPluginManager: Mounting plugin OpenImageDenoise
LogPluginManager: Mounting plugin PlatformCrypto
LogPluginManager: Mounting plugin ProxyLODPlugin
LogPluginManager: Mounting plugin PlanarCut
LogPluginManager: Mounting plugin PythonScriptPlugin
LogPluginManager: Mounting plugin SkeletalReduction
LogPluginManager: Mounting plugin LuminPlatformFeatures
LogPluginManager: Mounting plugin MagicLeap
LogPluginManager: Mounting plugin MagicLeapLightEstimation
LogPluginManager: Mounting plugin MagicLeapMedia
LogPluginManager: Mounting plugin MagicLeapPassableWorld
LogPluginManager: Mounting plugin MLSDK
LogPluginManager: Mounting plugin AndroidMedia
LogPluginManager: Mounting plugin AvfMedia
LogPluginManager: Mounting plugin ImgMedia
LogPluginManager: Mounting plugin MediaCompositing
LogPluginManager: Mounting plugin MediaPlayerEditor
LogPluginManager: Mounting plugin WebMMedia
LogPluginManager: Mounting plugin WmfMedia
LogPluginManager: Mounting plugin Niagara
LogPluginManager: Mounting plugin ActorSequence
LogPluginManager: Mounting plugin TemplateSequence
LogPluginManager: Mounting plugin LevelSequenceEditor
LogPluginManager: Mounting plugin OnlineSubsystem
LogPluginManager: Mounting plugin OnlineSubsystemNull
LogPluginManager: Mounting plugin OnlineSubsystemUtils
LogPluginManager: Mounting plugin LauncherChunkInstaller
LogPluginManager: Mounting plugin ActorLayerUtilities
LogPluginManager: Mounting plugin AndroidMoviePlayer
LogPluginManager: Mounting plugin AndroidDeviceProfileSelector
LogPluginManager: Mounting plugin AppleMoviePlayer
LogPluginManager: Mounting plugin AppleImageUtils
LogPluginManager: Mounting plugin ArchVisCharacter
LogPluginManager: Mounting plugin AssetTags
LogPluginManager: Mounting plugin AudioCapture
LogPluginManager: Mounting plugin AudioSynesthesia
LogPluginManager: Mounting plugin CableComponent
LogPluginManager: Mounting plugin ChunkDownloader
LogPluginManager: Mounting plugin CustomMeshComponent
LogPluginManager: Mounting plugin EditableMesh
LogPluginManager: Mounting plugin ExampleDeviceProfileSelector
LogPluginManager: Mounting plugin GoogleCloudMessaging
LogPluginManager: Mounting plugin GooglePAD
LogPluginManager: Mounting plugin TcpMessaging
LogPluginManager: Mounting plugin UdpMessaging
LogPluginManager: Mounting plugin LinuxDeviceProfileSelector
LogPluginManager: Mounting plugin IOSDeviceProfileSelector
LogPluginManager: Mounting plugin AndroidPermission
LogPluginManager: Mounting plugin LocationServicesBPLibrary
LogPluginManager: Mounting plugin MobilePatchingUtils
LogPluginManager: Mounting plugin OpenXREyeTracker
LogPluginManager: Mounting plugin OpenXR
LogPluginManager: Mounting plugin OpenXRHandTracking
LogPluginManager: Mounting plugin PhysXVehicles
LogPluginManager: Mounting plugin MatineeToLevelSequence
LogPluginManager: Mounting plugin ScreenshotTools
LogPluginManager: Mounting plugin PostSplashScreen
LogPluginManager: Mounting plugin ProceduralMeshComponent
LogPluginManager: Mounting plugin PropertyAccessEditor
LogPluginManager: Mounting plugin Takes
LogPluginManager: Mounting plugin RuntimePhysXCooking
LogPluginManager: Mounting plugin SignificanceManager
LogPluginManager: Mounting plugin SoundFields
LogPluginManager: Mounting plugin Synthesis
LogPluginManager: Mounting plugin WebMMoviePlayer
LogPluginManager: Mounting plugin WindowsMoviePlayer
LogPluginManager: Mounting plugin OodleNetwork
LogPluginManager: Mounting plugin ContentBrowserAssetDataSource
LogPluginManager: Mounting plugin ContentBrowserClassDataSource
LogPluginManager: Mounting plugin ContentBrowserFileDataSource
LogPluginManager: Mounting plugin OnlineSubsystemGooglePlay
LogPluginManager: Mounting plugin OnlineSubsystemIOS
LogPluginManager: Mounting plugin OculusVR
LogPluginManager: Mounting plugin SteamVR
PixWinPlugin: PIX capture plugin failed to initialize! Check that the process is launched from PIX.
LogInit: Using libcurl 7.55.1-DEV
LogInit:  - built for x86_64-pc-win32
LogInit:  - supports SSL with OpenSSL/1.1.1
LogInit:  - supports HTTP deflate (compression) using libz 1.2.8
LogInit:  - other features:
LogInit:      CURL_VERSION_SSL
LogInit:      CURL_VERSION_LIBZ
LogInit:      CURL_VERSION_IPV6
LogInit:      CURL_VERSION_ASYNCHDNS
LogInit:      CURL_VERSION_LARGEFILE
LogInit:      CURL_VERSION_IDN
LogInit:  CurlRequestOptions (configurable via config and command line):
LogInit:  - bVerifyPeer = true  - Libcurl will verify peer certificate
LogInit:  - bUseHttpProxy = false  - Libcurl will NOT use HTTP proxy
LogInit:  - bDontReuseConnections = false  - Libcurl will reuse connections
LogInit:  - MaxHostConnections = 16  - Libcurl will limit the number of connections to a host
LogInit:  - LocalHostAddr = Default
LogInit:  - BufferSize = 65536
LogOnline: OSS: Creating online subsystem instance for: NULL
LogInit: WinSock: version 1.1 (2.2), MaxSocks=32767, MaxUdp=65467
LogOnline: OSS: TryLoadSubsystemAndSetDefault: Loaded subsystem for module [NULL]
LogOculusPluginWrapper: OculusPlugin initialized successfully
LogHMD: Failed initializing OVRPlugin 1.59.0
LogInit: Build: ++UE4+Release-4.27-CL-17735300
LogInit: Engine Version: 4.27.1-17735300+++UE4+Release-4.27
LogInit: Compatible Engine Version: 4.27.0-17155196+++UE4+Release-4.27
LogInit: Net CL: 17155196
LogInit: OS: Windows 10 (Release 2009) (), CPU: 11th Gen Intel(R) Core(TM) i5-11400H @ 2.70GHz, GPU: Intel(R) UHD Graphics
LogInit: Compiled (64-bit): Oct  6 2021 14:42:51
LogInit: Compiled with Visual C++: 19.24.28315.00
LogInit: Build Configuration: Development
LogInit: Branch Name: ++UE4+Release-4.27
LogInit: Command Line:  /Game/ThirdPersonBP/Maps/MainMenuMap/MainMenuMap -game -PIEVIACONSOLE -Multiprocess "GameUserSettingsINI=C:/Diplomna Rabota/Saved/Config/Windows/PIEGameUserSettings0.ini" -MultiprocessSaveConfig -forcepassthrough -messaging -SessionName="Play in Standalone Game" -windowed -WinX=0 -WinY=30 SAVEWINPOS=1 -ResX=1910 -ResY=996
LogInit: Base Directory: C:/Game Dev/UE_4.27/Engine/Binaries/Win64/
LogInit: Allocator: TBB
LogInit: Installed Engine Build: 1
LogDevObjectVersion: Number of dev versions registered: 29
LogDevObjectVersion:   Dev-Blueprints (B0D832E4-1F89-4F0D-ACCF-7EB736FD4AA2): 10
LogDevObjectVersion:   Dev-Build (E1C64328-A22C-4D53-A36C-8E866417BD8C): 0
LogDevObjectVersion:   Dev-Core (375EC13C-06E4-48FB-B500-84F0262A717E): 4
LogDevObjectVersion:   Dev-Editor (E4B068ED-F494-42E9-A231-DA0B2E46BB41): 40
LogDevObjectVersion:   Dev-Framework (CFFC743F-43B0-4480-9391-14DF171D2073): 37
LogDevObjectVersion:   Dev-Mobile (B02B49B5-BB20-44E9-A304-32B752E40360): 3
LogDevObjectVersion:   Dev-Networking (A4E4105C-59A1-49B5-A7C5-40C4547EDFEE): 0
LogDevObjectVersion:   Dev-Online (39C831C9-5AE6-47DC-9A44-9C173E1C8E7C): 0
LogDevObjectVersion:   Dev-Physics (78F01B33-EBEA-4F98-B9B4-84EACCB95AA2): 14
LogDevObjectVersion:   Dev-Platform (6631380F-2D4D-43E0-8009-CF276956A95A): 0
LogDevObjectVersion:   Dev-Rendering (12F88B9F-8875-4AFC-A67C-D90C383ABD29): 45
LogDevObjectVersion:   Dev-Sequencer (7B5AE74C-D270-4C10-A958-57980B212A5A): 13
LogDevObjectVersion:   Dev-VR (D7296918-1DD6-4BDD-9DE2-64A83CC13884): 3
LogDevObjectVersion:   Dev-LoadTimes (C2A15278-BFE7-4AFE-6C17-90FF531DF755): 1
LogDevObjectVersion:   Private-Geometry (6EACA3D4-40EC-4CC1-B786-8BED09428FC5): 3
LogDevObjectVersion:   Dev-AnimPhys (29E575DD-E0A3-4627-9D10-D276232CDCEA): 17
LogDevObjectVersion:   Dev-Anim (AF43A65D-7FD3-4947-9873-3E8ED9C1BB05): 15
LogDevObjectVersion:   Dev-ReflectionCapture (6B266CEC-1EC7-4B8F-A30B-E4D90942FC07): 1
LogDevObjectVersion:   Dev-Automation (0DF73D61-A23F-47EA-B727-89E90C41499A): 1
LogDevObjectVersion:   FortniteMain (601D1886-AC64-4F84-AA16-D3DE0DEAC7D6): 47
LogDevObjectVersion:   FortniteRelease (E7086368-6B23-4C58-8439-1B7016265E91): 1
LogDevObjectVersion:   Dev-Enterprise (9DFFBCD6-494F-0158-E221-12823C92A888): 10
LogDevObjectVersion:   Dev-Niagara (F2AED0AC-9AFE-416F-8664-AA7FFA26D6FC): 1
LogDevObjectVersion:   Dev-Destruction (174F1F0B-B4C6-45A5-B13F-2EE8D0FB917D): 10
LogDevObjectVersion:   Dev-Physics-Ext (35F94A83-E258-406C-A318-09F59610247C): 41
LogDevObjectVersion:   Dev-PhysicsMaterial-Chaos (B68FC16E-8B1B-42E2-B453-215C058844FE): 1
LogDevObjectVersion:   Dev-CineCamera (B2E18506-4273-CFC2-A54E-F4BB758BBA07): 1
LogDevObjectVersion:   Dev-VirtualProduction (64F58936-FD1B-42BA-BA96-7289D5D0FA4E): 1
LogDevObjectVersion:   Dev-MediaFramework (6F0ED827-A609-4895-9C91-998D90180EA4): 2
LogInit: Presizing for max 25165824 objects, including 0 objects not considered by GC, pre-allocating 0 bytes for permanent pool.
LogConfig: Applying CVar settings from Section [/Script/Engine.StreamingSettings] File [C:/Diplomna Rabota/Saved/Config/Windows/Engine.ini]
LogConfig: Setting CVar [[s.MinBulkDataSizeForAsyncLoading:131072]]
LogConfig: Setting CVar [[s.AsyncLoadingThreadEnabled:0]]
LogConfig: Setting CVar [[s.EventDrivenLoaderEnabled:1]]
LogConfig: Setting CVar [[s.WarnIfTimeLimitExceeded:0]]
LogConfig: Setting CVar [[s.TimeLimitExceededMultiplier:1.5]]
LogConfig: Setting CVar [[s.TimeLimitExceededMinTime:0.005]]
LogConfig: Setting CVar [[s.UseBackgroundLevelStreaming:1]]
LogConfig: Setting CVar [[s.PriorityAsyncLoadingExtraTime:15.0]]
LogConfig: Setting CVar [[s.LevelStreamingActorsUpdateTimeLimit:5.0]]
LogConfig: Setting CVar [[s.PriorityLevelStreamingActorsUpdateExtraTime:5.0]]
LogConfig: Setting CVar [[s.LevelStreamingComponentsRegistrationGranularity:10]]
LogConfig: Setting CVar [[s.UnregisterComponentsTimeLimit:1.0]]
LogConfig: Setting CVar [[s.LevelStreamingComponentsUnregistrationGranularity:5]]
LogConfig: Setting CVar [[s.FlushStreamingOnExit:1]]
LogInit: Object subsystem initialized
LogConfig: Setting CVar [[con.DebugEarlyDefault:1]]
LogConfig: Setting CVar [[r.setres:1280x720]]
[2022.03.26-12.46.14:343][  0]LogConfig: Setting CVar [[con.DebugEarlyDefault:1]]
[2022.03.26-12.46.14:343][  0]LogConfig: Setting CVar [[r.setres:1280x720]]
[2022.03.26-12.46.14:343][  0]LogConfig: Applying CVar settings from Section [/Script/Engine.RendererSettings] File [C:/Diplomna Rabota/Saved/Config/Windows/Engine.ini]
[2022.03.26-12.46.14:343][  0]LogConfig: Setting CVar [[r.GPUCrashDebugging:0]]
[2022.03.26-12.46.14:343][  0]LogConfig: Setting CVar [[r.SkinCache.CompileShaders:1]]
[2022.03.26-12.46.14:343][  0]LogConfig: Setting CVar [[r.RayTracing:1]]
[2022.03.26-12.46.14:343][  0]LogConfig: Applying CVar settings from Section [/Script/Engine.RendererOverrideSettings] File [C:/Diplomna Rabota/Saved/Config/Windows/Engine.ini]
[2022.03.26-12.46.14:343][  0]LogConfig: Applying CVar settings from Section [/Script/Engine.StreamingSettings] File [C:/Diplomna Rabota/Saved/Config/Windows/Engine.ini]
[2022.03.26-12.46.14:343][  0]LogConfig: Setting CVar [[s.MinBulkDataSizeForAsyncLoading:131072]]
[2022.03.26-12.46.14:344][  0]LogConfig: Setting CVar [[s.AsyncLoadingThreadEnabled:0]]
[2022.03.26-12.46.14:344][  0]LogConfig: Setting CVar [[s.EventDrivenLoaderEnabled:1]]
[2022.03.26-12.46.14:344][  0]LogConfig: Setting CVar [[s.WarnIfTimeLimitExceeded:0]]
[2022.03.26-12.46.14:344][  0]LogConfig: Setting CVar [[s.TimeLimitExceededMultiplier:1.5]]
[2022.03.26-12.46.14:344][  0]LogConfig: Setting CVar [[s.TimeLimitExceededMinTime:0.005]]
[2022.03.26-12.46.14:344][  0]LogConfig: Setting CVar [[s.UseBackgroundLevelStreaming:1]]
[2022.03.26-12.46.14:344][  0]LogConfig: Setting CVar [[s.PriorityAsyncLoadingExtraTime:15.0]]
[2022.03.26-12.46.14:344][  0]LogConfig: Setting CVar [[s.LevelStreamingActorsUpdateTimeLimit:5.0]]
[2022.03.26-12.46.14:344][  0]LogConfig: Setting CVar [[s.PriorityLevelStreamingActorsUpdateExtraTime:5.0]]
[2022.03.26-12.46.14:344][  0]LogConfig: Setting CVar [[s.LevelStreamingComponentsRegistrationGranularity:10]]
[2022.03.26-12.46.14:344][  0]LogConfig: Setting CVar [[s.UnregisterComponentsTimeLimit:1.0]]
[2022.03.26-12.46.14:344][  0]LogConfig: Setting CVar [[s.LevelStreamingComponentsUnregistrationGranularity:5]]
[2022.03.26-12.46.14:344][  0]LogConfig: Setting CVar [[s.FlushStreamingOnExit:1]]
[2022.03.26-12.46.14:344][  0]LogConfig: Applying CVar settings from Section [/Script/Engine.GarbageCollectionSettings] File [C:/Diplomna Rabota/Saved/Config/Windows/Engine.ini]
[2022.03.26-12.46.14:344][  0]LogConfig: Setting CVar [[gc.MaxObjectsNotConsideredByGC:1]]
[2022.03.26-12.46.14:344][  0]LogConfig: Setting CVar [[gc.SizeOfPermanentObjectPool:0]]
[2022.03.26-12.46.14:344][  0]LogConfig: Setting CVar [[gc.FlushStreamingOnGC:0]]
[2022.03.26-12.46.14:344][  0]LogConfig: Setting CVar [[gc.NumRetriesBeforeForcingGC:10]]
[2022.03.26-12.46.14:344][  0]LogConfig: Setting CVar [[gc.AllowParallelGC:1]]
[2022.03.26-12.46.14:344][  0]LogConfig: Setting CVar [[gc.TimeBetweenPurgingPendingKillObjects:61.1]]
[2022.03.26-12.46.14:344][  0]LogConfig: Setting CVar [[gc.MaxObjectsInEditor:25165824]]
[2022.03.26-12.46.14:344][  0]LogConfig: Setting CVar [[gc.IncrementalBeginDestroyEnabled:1]]
[2022.03.26-12.46.14:344][  0]LogConfig: Setting CVar [[gc.CreateGCClusters:1]]
[2022.03.26-12.46.14:344][  0]LogConfig: Setting CVar [[gc.MinGCClusterSize:5]]
[2022.03.26-12.46.14:344][  0]LogConfig: Setting CVar [[gc.ActorClusteringEnabled:0]]
[2022.03.26-12.46.14:344][  0]LogConfig: Setting CVar [[gc.BlueprintClusteringEnabled:0]]
[2022.03.26-12.46.14:344][  0]LogConfig: Setting CVar [[gc.UseDisregardForGCOnDedicatedServers:0]]
[2022.03.26-12.46.14:344][  0]LogConfig: Setting CVar [[gc.MultithreadedDestructionEnabled:1]]
[2022.03.26-12.46.14:344][  0]LogConfig: Applying CVar settings from Section [/Script/Engine.NetworkSettings] File [C:/Diplomna Rabota/Saved/Config/Windows/Engine.ini]
[2022.03.26-12.46.14:344][  0]LogConfig: Applying CVar settings from Section [/Script/UnrealEd.CookerSettings] File [C:/Diplomna Rabota/Saved/Config/Windows/Engine.ini]
[2022.03.26-12.46.14:353][  0]LogConfig: Applying CVar settings from Section [ViewDistanceQuality@3] File [C:/Diplomna Rabota/Saved/Config/Windows/Scalability.ini]
[2022.03.26-12.46.14:353][  0]LogConfig: Setting CVar [[r.SkeletalMeshLODBias:0]]
[2022.03.26-12.46.14:353][  0]LogConfig: Setting CVar [[r.ViewDistanceScale:1.0]]
[2022.03.26-12.46.14:353][  0]LogConfig: Applying CVar settings from Section [AntiAliasingQuality@3] File [C:/Diplomna Rabota/Saved/Config/Windows/Scalability.ini]
[2022.03.26-12.46.14:353][  0]LogConfig: Setting CVar [[r.PostProcessAAQuality:4]]
[2022.03.26-12.46.14:353][  0]LogConfig: Applying CVar settings from Section [ShadowQuality@3] File [C:/Diplomna Rabota/Saved/Config/Windows/Scalability.ini]
[2022.03.26-12.46.14:353][  0]LogConfig: Setting CVar [[r.LightFunctionQuality:1]]
[2022.03.26-12.46.14:353][  0]LogConfig: Setting CVar [[r.ShadowQuality:5]]
[2022.03.26-12.46.14:353][  0]LogConfig: Setting CVar [[r.Shadow.CSM.MaxCascades:10]]
[2022.03.26-12.46.14:353][  0]LogConfig: Setting CVar [[r.Shadow.MaxResolution:2048]]
[2022.03.26-12.46.14:353][  0]LogConfig: Setting CVar [[r.Shadow.MaxCSMResolution:2048]]
[2022.03.26-12.46.14:353][  0]LogConfig: Setting CVar [[r.Shadow.RadiusThreshold:0.01]]
[2022.03.26-12.46.14:353][  0]LogConfig: Setting CVar [[r.Shadow.DistanceScale:1.0]]
[2022.03.26-12.46.14:353][  0]LogConfig: Setting CVar [[r.Shadow.CSM.TransitionScale:1.0]]
[2022.03.26-12.46.14:353][  0]LogConfig: Setting CVar [[r.Shadow.PreShadowResolutionFactor:1.0]]
[2022.03.26-12.46.14:353][  0]LogConfig: Setting CVar [[r.DistanceFieldShadowing:1]]
[2022.03.26-12.46.14:353][  0]LogConfig: Setting CVar [[r.DistanceFieldAO:1]]
[2022.03.26-12.46.14:353][  0]LogConfig: Setting CVar [[r.AOQuality:2]]
[2022.03.26-12.46.14:353][  0]LogConfig: Setting CVar [[r.VolumetricFog:1]]
[2022.03.26-12.46.14:353][  0]LogConfig: Setting CVar [[r.VolumetricFog.GridPixelSize:8]]
[2022.03.26-12.46.14:353][  0]LogConfig: Setting CVar [[r.VolumetricFog.GridSizeZ:128]]
[2022.03.26-12.46.14:353][  0]LogConfig: Setting CVar [[r.VolumetricFog.HistoryMissSupersampleCount:4]]
[2022.03.26-12.46.14:353][  0]LogConfig: Setting CVar [[r.LightMaxDrawDistanceScale:1]]
[2022.03.26-12.46.14:353][  0]LogConfig: Setting CVar [[r.CapsuleShadows:1]]
[2022.03.26-12.46.14:353][  0]LogConfig: Applying CVar settings from Section [PostProcessQuality@3] File [C:/Diplomna Rabota/Saved/Config/Windows/Scalability.ini]
[2022.03.26-12.46.14:353][  0]LogConfig: Setting CVar [[r.MotionBlurQuality:4]]
[2022.03.26-12.46.14:353][  0]LogConfig: Setting CVar [[r.AmbientOcclusionMipLevelFactor:0.4]]
[2022.03.26-12.46.14:353][  0]LogConfig: Setting CVar [[r.AmbientOcclusionMaxQuality:100]]
[2022.03.26-12.46.14:353][  0]LogConfig: Setting CVar [[r.AmbientOcclusionLevels:-1]]
[2022.03.26-12.46.14:353][  0]LogConfig: Setting CVar [[r.AmbientOcclusionRadiusScale:1.0]]
[2022.03.26-12.46.14:353][  0]LogConfig: Setting CVar [[r.DepthOfFieldQuality:2]]
[2022.03.26-12.46.14:353][  0]LogConfig: Setting CVar [[r.RenderTargetPoolMin:400]]
[2022.03.26-12.46.14:353][  0]LogConfig: Setting CVar [[r.LensFlareQuality:2]]
[2022.03.26-12.46.14:353][  0]LogConfig: Setting CVar [[r.SceneColorFringeQuality:1]]
[2022.03.26-12.46.14:353][  0]LogConfig: Setting CVar [[r.EyeAdaptationQuality:2]]
[2022.03.26-12.46.14:353][  0]LogConfig: Setting CVar [[r.BloomQuality:5]]
[2022.03.26-12.46.14:353][  0]LogConfig: Setting CVar [[r.FastBlurThreshold:100]]
[2022.03.26-12.46.14:353][  0]LogConfig: Setting CVar [[r.Upscale.Quality:3]]
[2022.03.26-12.46.14:353][  0]LogConfig: Setting CVar [[r.Tonemapper.GrainQuantization:1]]
[2022.03.26-12.46.14:353][  0]LogConfig: Setting CVar [[r.LightShaftQuality:1]]
[2022.03.26-12.46.14:353][  0]LogConfig: Setting CVar [[r.Filter.SizeScale:1]]
[2022.03.26-12.46.14:353][  0]LogConfig: Setting CVar [[r.Tonemapper.Quality:5]]
[2022.03.26-12.46.14:353][  0]LogConfig: Setting CVar [[r.DOF.Gather.AccumulatorQuality:1        ; higher gathering accumulator quality]]
[2022.03.26-12.46.14:353][  0]LogConfig: Setting CVar [[r.DOF.Gather.PostfilterMethod:1          ; Median3x3 postfilering method]]
[2022.03.26-12.46.14:353][  0]LogConfig: Setting CVar [[r.DOF.Gather.EnableBokehSettings:0       ; no bokeh simulation when gathering]]
[2022.03.26-12.46.14:353][  0]LogConfig: Setting CVar [[r.DOF.Gather.RingCount:4                 ; medium number of samples when gathering]]
[2022.03.26-12.46.14:353][  0]LogConfig: Setting CVar [[r.DOF.Scatter.ForegroundCompositing:1    ; additive foreground scattering]]
[2022.03.26-12.46.14:353][  0]LogConfig: Setting CVar [[r.DOF.Scatter.BackgroundCompositing:2    ; additive background scattering]]
[2022.03.26-12.46.14:353][  0]LogConfig: Setting CVar [[r.DOF.Scatter.EnableBokehSettings:1      ; bokeh simulation when scattering]]
[2022.03.26-12.46.14:353][  0]LogConfig: Setting CVar [[r.DOF.Scatter.MaxSpriteRatio:0.1         ; only a maximum of 10% of scattered bokeh]]
[2022.03.26-12.46.14:353][  0]LogConfig: Setting CVar [[r.DOF.Recombine.Quality:1                ; cheap slight out of focus]]
[2022.03.26-12.46.14:353][  0]LogConfig: Setting CVar [[r.DOF.Recombine.EnableBokehSettings:0    ; no bokeh simulation on slight out of focus]]
[2022.03.26-12.46.14:353][  0]LogConfig: Setting CVar [[r.DOF.TemporalAAQuality:1                ; more stable temporal accumulation]]
[2022.03.26-12.46.14:353][  0]LogConfig: Setting CVar [[r.DOF.Kernel.MaxForegroundRadius:0.025]]
[2022.03.26-12.46.14:353][  0]LogConfig: Setting CVar [[r.DOF.Kernel.MaxBackgroundRadius:0.025]]
[2022.03.26-12.46.14:353][  0]LogConfig: Applying CVar settings from Section [TextureQuality@3] File [C:/Diplomna Rabota/Saved/Config/Windows/Scalability.ini]
[2022.03.26-12.46.14:353][  0]LogConfig: Setting CVar [[r.Streaming.MipBias:0]]
[2022.03.26-12.46.14:354][  0]LogConfig: Setting CVar [[r.Streaming.AmortizeCPUToGPUCopy:0]]
[2022.03.26-12.46.14:354][  0]LogConfig: Setting CVar [[r.Streaming.MaxNumTexturesToStreamPerFrame:0]]
[2022.03.26-12.46.14:354][  0]LogConfig: Setting CVar [[r.Streaming.Boost:1]]
[2022.03.26-12.46.14:354][  0]LogConfig: Setting CVar [[r.MaxAnisotropy:8]]
[2022.03.26-12.46.14:354][  0]LogConfig: Setting CVar [[r.VT.MaxAnisotropy:8]]
[2022.03.26-12.46.14:354][  0]LogConfig: Setting CVar [[r.Streaming.LimitPoolSizeToVRAM:0]]
[2022.03.26-12.46.14:354][  0]LogConfig: Setting CVar [[r.Streaming.PoolSize:1000]]
[2022.03.26-12.46.14:354][  0]LogConfig: Setting CVar [[r.Streaming.MaxEffectiveScreenSize:0]]
[2022.03.26-12.46.14:354][  0]LogConfig: Applying CVar settings from Section [EffectsQuality@3] File [C:/Diplomna Rabota/Saved/Config/Windows/Scalability.ini]
[2022.03.26-12.46.14:354][  0]LogConfig: Setting CVar [[r.TranslucencyLightingVolumeDim:64]]
[2022.03.26-12.46.14:354][  0]LogConfig: Setting CVar [[r.RefractionQuality:2]]
[2022.03.26-12.46.14:354][  0]LogConfig: Setting CVar [[r.SSR.Quality:3]]
[2022.03.26-12.46.14:354][  0]LogConfig: Setting CVar [[r.SSR.HalfResSceneColor:0]]
[2022.03.26-12.46.14:354][  0]LogConfig: Setting CVar [[r.SceneColorFormat:4]]
[2022.03.26-12.46.14:354][  0]LogConfig: Setting CVar [[r.DetailMode:2]]
[2022.03.26-12.46.14:354][  0]LogConfig: Setting CVar [[r.TranslucencyVolumeBlur:1]]
[2022.03.26-12.46.14:354][  0]LogConfig: Setting CVar [[r.MaterialQualityLevel:1 ; High quality]]
[2022.03.26-12.46.14:354][  0]LogConfig: Setting CVar [[r.AnisotropicMaterials:1]]
[2022.03.26-12.46.14:354][  0]LogConfig: Setting CVar [[r.SSS.Scale:1]]
[2022.03.26-12.46.14:354][  0]LogConfig: Setting CVar [[r.SSS.SampleSet:2]]
[2022.03.26-12.46.14:354][  0]LogConfig: Setting CVar [[r.SSS.Quality:1]]
[2022.03.26-12.46.14:354][  0]LogConfig: Setting CVar [[r.SSS.HalfRes:0]]
[2022.03.26-12.46.14:354][  0]LogConfig: Setting CVar [[r.SSGI.Quality:3]]
[2022.03.26-12.46.14:354][  0]LogConfig: Setting CVar [[r.EmitterSpawnRateScale:1.0]]
[2022.03.26-12.46.14:354][  0]LogConfig: Setting CVar [[r.ParticleLightQuality:2]]
[2022.03.26-12.46.14:354][  0]LogConfig: Setting CVar [[r.SkyAtmosphere.AerialPerspectiveLUT.FastApplyOnOpaque:1 ; Always have FastSkyLUT 1 in this case to avoid wrong sky]]
[2022.03.26-12.46.14:354][  0]LogConfig: Setting CVar [[r.SkyAtmosphere.AerialPerspectiveLUT.SampleCountMaxPerSlice:4]]
[2022.03.26-12.46.14:354][  0]LogConfig: Setting CVar [[r.SkyAtmosphere.AerialPerspectiveLUT.DepthResolution:16.0]]
[2022.03.26-12.46.14:354][  0]LogConfig: Setting CVar [[r.SkyAtmosphere.FastSkyLUT:1]]
[2022.03.26-12.46.14:354][  0]LogConfig: Setting CVar [[r.SkyAtmosphere.FastSkyLUT.SampleCountMin:4.0]]
[2022.03.26-12.46.14:354][  0]LogConfig: Setting CVar [[r.SkyAtmosphere.FastSkyLUT.SampleCountMax:128.0]]
[2022.03.26-12.46.14:354][  0]LogConfig: Setting CVar [[r.SkyAtmosphere.SampleCountMin:4.0]]
[2022.03.26-12.46.14:354][  0]LogConfig: Setting CVar [[r.SkyAtmosphere.SampleCountMax:128.0]]
[2022.03.26-12.46.14:354][  0]LogConfig: Setting CVar [[r.SkyAtmosphere.TransmittanceLUT.UseSmallFormat:0]]
[2022.03.26-12.46.14:354][  0]LogConfig: Setting CVar [[r.SkyAtmosphere.TransmittanceLUT.SampleCount:10.0]]
[2022.03.26-12.46.14:354][  0]LogConfig: Setting CVar [[r.SkyAtmosphere.MultiScatteringLUT.SampleCount:15.0]]
[2022.03.26-12.46.14:354][  0]LogConfig: Setting CVar [[r.SkyLight.RealTimeReflectionCapture:1]]
[2022.03.26-12.46.14:354][  0]LogConfig: Applying CVar settings from Section [FoliageQuality@3] File [C:/Diplomna Rabota/Saved/Config/Windows/Scalability.ini]
[2022.03.26-12.46.14:354][  0]LogConfig: Setting CVar [[foliage.DensityScale:1.0]]
[2022.03.26-12.46.14:354][  0]LogConfig: Setting CVar [[grass.DensityScale:1.0]]
[2022.03.26-12.46.14:354][  0]LogConfig: Applying CVar settings from Section [ShadingQuality@3] File [C:/Diplomna Rabota/Saved/Config/Windows/Scalability.ini]
[2022.03.26-12.46.14:354][  0]LogConfig: Setting CVar [[r.HairStrands.SkyLighting.IntegrationType:2]]
[2022.03.26-12.46.14:354][  0]LogConfig: Setting CVar [[r.HairStrands.SkyAO.SampleCount:4]]
[2022.03.26-12.46.14:354][  0]LogConfig: Setting CVar [[r.HairStrands.Visibility.MSAA.SamplePerPixel:4]]
[2022.03.26-12.46.14:354][  0]LogInit: Selected Device Profile: [Windows]
[2022.03.26-12.46.14:354][  0]LogInit: Applying CVar settings loaded from the selected device profile: [Windows]
[2022.03.26-12.46.14:354][  0]LogHAL: Display: Platform has ~ 16 GB [16931676160 / 17179869184 / 16], which maps to Larger [LargestMinGB=32, LargerMinGB=12, DefaultMinGB=8, SmallerMinGB=6, SmallestMinGB=0)
[2022.03.26-12.46.14:354][  0]LogInit: Going up to parent DeviceProfile []
[2022.03.26-12.46.14:354][  0]LogConfig: Applying CVar settings from Section [ViewDistanceQuality@3] File [C:/Diplomna Rabota/Saved/Config/Windows/Scalability.ini]
[2022.03.26-12.46.14:355][  0]LogConfig: Setting CVar [[r.SkeletalMeshLODBias:0]]
[2022.03.26-12.46.14:355][  0]LogConfig: Setting CVar [[r.ViewDistanceScale:1.0]]
[2022.03.26-12.46.14:355][  0]LogConfig: Applying CVar settings from Section [AntiAliasingQuality@3] File [C:/Diplomna Rabota/Saved/Config/Windows/Scalability.ini]
[2022.03.26-12.46.14:355][  0]LogConfig: Setting CVar [[r.PostProcessAAQuality:4]]
[2022.03.26-12.46.14:355][  0]LogConfig: Applying CVar settings from Section [ShadowQuality@3] File [C:/Diplomna Rabota/Saved/Config/Windows/Scalability.ini]
[2022.03.26-12.46.14:355][  0]LogConfig: Setting CVar [[r.LightFunctionQuality:1]]
[2022.03.26-12.46.14:355][  0]LogConfig: Setting CVar [[r.ShadowQuality:5]]
[2022.03.26-12.46.14:355][  0]LogConfig: Setting CVar [[r.Shadow.CSM.MaxCascades:10]]
[2022.03.26-12.46.14:355][  0]LogConfig: Setting CVar [[r.Shadow.MaxResolution:2048]]
[2022.03.26-12.46.14:355][  0]LogConfig: Setting CVar [[r.Shadow.MaxCSMResolution:2048]]
[2022.03.26-12.46.14:355][  0]LogConfig: Setting CVar [[r.Shadow.RadiusThreshold:0.01]]
[2022.03.26-12.46.14:355][  0]LogConfig: Setting CVar [[r.Shadow.DistanceScale:1.0]]
[2022.03.26-12.46.14:355][  0]LogConfig: Setting CVar [[r.Shadow.CSM.TransitionScale:1.0]]
[2022.03.26-12.46.14:355][  0]LogConfig: Setting CVar [[r.Shadow.PreShadowResolutionFactor:1.0]]
[2022.03.26-12.46.14:355][  0]LogConfig: Setting CVar [[r.DistanceFieldShadowing:1]]
[2022.03.26-12.46.14:355][  0]LogConfig: Setting CVar [[r.DistanceFieldAO:1]]
[2022.03.26-12.46.14:355][  0]LogConfig: Setting CVar [[r.AOQuality:2]]
[2022.03.26-12.46.14:355][  0]LogConfig: Setting CVar [[r.VolumetricFog:1]]
[2022.03.26-12.46.14:355][  0]LogConfig: Setting CVar [[r.VolumetricFog.GridPixelSize:8]]
[2022.03.26-12.46.14:355][  0]LogConfig: Setting CVar [[r.VolumetricFog.GridSizeZ:128]]
[2022.03.26-12.46.14:355][  0]LogConfig: Setting CVar [[r.VolumetricFog.HistoryMissSupersampleCount:4]]
[2022.03.26-12.46.14:355][  0]LogConfig: Setting CVar [[r.LightMaxDrawDistanceScale:1]]
[2022.03.26-12.46.14:355][  0]LogConfig: Setting CVar [[r.CapsuleShadows:1]]
[2022.03.26-12.46.14:355][  0]LogConfig: Applying CVar settings from Section [PostProcessQuality@3] File [C:/Diplomna Rabota/Saved/Config/Windows/Scalability.ini]
[2022.03.26-12.46.14:355][  0]LogConfig: Setting CVar [[r.MotionBlurQuality:4]]
[2022.03.26-12.46.14:355][  0]LogConfig: Setting CVar [[r.AmbientOcclusionMipLevelFactor:0.4]]
[2022.03.26-12.46.14:355][  0]LogConfig: Setting CVar [[r.AmbientOcclusionMaxQuality:100]]
[2022.03.26-12.46.14:355][  0]LogConfig: Setting CVar [[r.AmbientOcclusionLevels:-1]]
[2022.03.26-12.46.14:355][  0]LogConfig: Setting CVar [[r.AmbientOcclusionRadiusScale:1.0]]
[2022.03.26-12.46.14:355][  0]LogConfig: Setting CVar [[r.DepthOfFieldQuality:2]]
[2022.03.26-12.46.14:355][  0]LogConfig: Setting CVar [[r.RenderTargetPoolMin:400]]
[2022.03.26-12.46.14:355][  0]LogConfig: Setting CVar [[r.LensFlareQuality:2]]
[2022.03.26-12.46.14:355][  0]LogConfig: Setting CVar [[r.SceneColorFringeQuality:1]]
[2022.03.26-12.46.14:355][  0]LogConfig: Setting CVar [[r.EyeAdaptationQuality:2]]
[2022.03.26-12.46.14:355][  0]LogConfig: Setting CVar [[r.BloomQuality:5]]
[2022.03.26-12.46.14:355][  0]LogConfig: Setting CVar [[r.FastBlurThreshold:100]]
[2022.03.26-12.46.14:355][  0]LogConfig: Setting CVar [[r.Upscale.Quality:3]]
[2022.03.26-12.46.14:355][  0]LogConfig: Setting CVar [[r.Tonemapper.GrainQuantization:1]]
[2022.03.26-12.46.14:355][  0]LogConfig: Setting CVar [[r.LightShaftQuality:1]]
[2022.03.26-12.46.14:355][  0]LogConfig: Setting CVar [[r.Filter.SizeScale:1]]
[2022.03.26-12.46.14:355][  0]LogConfig: Setting CVar [[r.Tonemapper.Quality:5]]
[2022.03.26-12.46.14:355][  0]LogConfig: Setting CVar [[r.DOF.Gather.AccumulatorQuality:1        ; higher gathering accumulator quality]]
[2022.03.26-12.46.14:355][  0]LogConfig: Setting CVar [[r.DOF.Gather.PostfilterMethod:1          ; Median3x3 postfilering method]]
[2022.03.26-12.46.14:355][  0]LogConfig: Setting CVar [[r.DOF.Gather.EnableBokehSettings:0       ; no bokeh simulation when gathering]]
[2022.03.26-12.46.14:355][  0]LogConfig: Setting CVar [[r.DOF.Gather.RingCount:4                 ; medium number of samples when gathering]]
[2022.03.26-12.46.14:355][  0]LogConfig: Setting CVar [[r.DOF.Scatter.ForegroundCompositing:1    ; additive foreground scattering]]
[2022.03.26-12.46.14:355][  0]LogConfig: Setting CVar [[r.DOF.Scatter.BackgroundCompositing:2    ; additive background scattering]]
[2022.03.26-12.46.14:355][  0]LogConfig: Setting CVar [[r.DOF.Scatter.EnableBokehSettings:1      ; bokeh simulation when scattering]]
[2022.03.26-12.46.14:355][  0]LogConfig: Setting CVar [[r.DOF.Scatter.MaxSpriteRatio:0.1         ; only a maximum of 10% of scattered bokeh]]
[2022.03.26-12.46.14:355][  0]LogConfig: Setting CVar [[r.DOF.Recombine.Quality:1                ; cheap slight out of focus]]
[2022.03.26-12.46.14:355][  0]LogConfig: Setting CVar [[r.DOF.Recombine.EnableBokehSettings:0    ; no bokeh simulation on slight out of focus]]
[2022.03.26-12.46.14:355][  0]LogConfig: Setting CVar [[r.DOF.TemporalAAQuality:1                ; more stable temporal accumulation]]
[2022.03.26-12.46.14:355][  0]LogConfig: Setting CVar [[r.DOF.Kernel.MaxForegroundRadius:0.025]]
[2022.03.26-12.46.14:355][  0]LogConfig: Setting CVar [[r.DOF.Kernel.MaxBackgroundRadius:0.025]]
[2022.03.26-12.46.14:355][  0]LogConfig: Applying CVar settings from Section [TextureQuality@3] File [C:/Diplomna Rabota/Saved/Config/Windows/Scalability.ini]
[2022.03.26-12.46.14:355][  0]LogConfig: Setting CVar [[r.Streaming.MipBias:0]]
[2022.03.26-12.46.14:355][  0]LogConfig: Setting CVar [[r.Streaming.AmortizeCPUToGPUCopy:0]]
[2022.03.26-12.46.14:355][  0]LogConfig: Setting CVar [[r.Streaming.MaxNumTexturesToStreamPerFrame:0]]
[2022.03.26-12.46.14:355][  0]LogConfig: Setting CVar [[r.Streaming.Boost:1]]
[2022.03.26-12.46.14:355][  0]LogConfig: Setting CVar [[r.MaxAnisotropy:8]]
[2022.03.26-12.46.14:355][  0]LogConfig: Setting CVar [[r.VT.MaxAnisotropy:8]]
[2022.03.26-12.46.14:355][  0]LogConfig: Setting CVar [[r.Streaming.LimitPoolSizeToVRAM:0]]
[2022.03.26-12.46.14:355][  0]LogConfig: Setting CVar [[r.Streaming.PoolSize:1000]]
[2022.03.26-12.46.14:355][  0]LogConfig: Setting CVar [[r.Streaming.MaxEffectiveScreenSize:0]]
[2022.03.26-12.46.14:355][  0]LogConfig: Applying CVar settings from Section [EffectsQuality@3] File [C:/Diplomna Rabota/Saved/Config/Windows/Scalability.ini]
[2022.03.26-12.46.14:355][  0]LogConfig: Setting CVar [[r.TranslucencyLightingVolumeDim:64]]
[2022.03.26-12.46.14:355][  0]LogConfig: Setting CVar [[r.RefractionQuality:2]]
[2022.03.26-12.46.14:355][  0]LogConfig: Setting CVar [[r.SSR.Quality:3]]
[2022.03.26-12.46.14:355][  0]LogConfig: Setting CVar [[r.SSR.HalfResSceneColor:0]]
[2022.03.26-12.46.14:355][  0]LogConfig: Setting CVar [[r.SceneColorFormat:4]]
[2022.03.26-12.46.14:355][  0]LogConfig: Setting CVar [[r.DetailMode:2]]
[2022.03.26-12.46.14:355][  0]LogConfig: Setting CVar [[r.TranslucencyVolumeBlur:1]]
[2022.03.26-12.46.14:355][  0]LogConfig: Setting CVar [[r.MaterialQualityLevel:1 ; High quality]]
[2022.03.26-12.46.14:355][  0]LogConfig: Setting CVar [[r.AnisotropicMaterials:1]]
[2022.03.26-12.46.14:355][  0]LogConfig: Setting CVar [[r.SSS.Scale:1]]
[2022.03.26-12.46.14:356][  0]LogConfig: Setting CVar [[r.SSS.SampleSet:2]]
[2022.03.26-12.46.14:356][  0]LogConfig: Setting CVar [[r.SSS.Quality:1]]
[2022.03.26-12.46.14:356][  0]LogConfig: Setting CVar [[r.SSS.HalfRes:0]]
[2022.03.26-12.46.14:356][  0]LogConfig: Setting CVar [[r.SSGI.Quality:3]]
[2022.03.26-12.46.14:356][  0]LogConfig: Setting CVar [[r.EmitterSpawnRateScale:1.0]]
[2022.03.26-12.46.14:356][  0]LogConfig: Setting CVar [[r.ParticleLightQuality:2]]
[2022.03.26-12.46.14:356][  0]LogConfig: Setting CVar [[r.SkyAtmosphere.AerialPerspectiveLUT.FastApplyOnOpaque:1 ; Always have FastSkyLUT 1 in this case to avoid wrong sky]]
[2022.03.26-12.46.14:356][  0]LogConfig: Setting CVar [[r.SkyAtmosphere.AerialPerspectiveLUT.SampleCountMaxPerSlice:4]]
[2022.03.26-12.46.14:356][  0]LogConfig: Setting CVar [[r.SkyAtmosphere.AerialPerspectiveLUT.DepthResolution:16.0]]
[2022.03.26-12.46.14:356][  0]LogConfig: Setting CVar [[r.SkyAtmosphere.FastSkyLUT:1]]
[2022.03.26-12.46.14:356][  0]LogConfig: Setting CVar [[r.SkyAtmosphere.FastSkyLUT.SampleCountMin:4.0]]
[2022.03.26-12.46.14:356][  0]LogConfig: Setting CVar [[r.SkyAtmosphere.FastSkyLUT.SampleCountMax:128.0]]
[2022.03.26-12.46.14:356][  0]LogConfig: Setting CVar [[r.SkyAtmosphere.SampleCountMin:4.0]]
[2022.03.26-12.46.14:356][  0]LogConfig: Setting CVar [[r.SkyAtmosphere.SampleCountMax:128.0]]
[2022.03.26-12.46.14:356][  0]LogConfig: Setting CVar [[r.SkyAtmosphere.TransmittanceLUT.UseSmallFormat:0]]
[2022.03.26-12.46.14:356][  0]LogConfig: Setting CVar [[r.SkyAtmosphere.TransmittanceLUT.SampleCount:10.0]]
[2022.03.26-12.46.14:356][  0]LogConfig: Setting CVar [[r.SkyAtmosphere.MultiScatteringLUT.SampleCount:15.0]]
[2022.03.26-12.46.14:356][  0]LogConfig: Setting CVar [[r.SkyLight.RealTimeReflectionCapture:1]]
[2022.03.26-12.46.14:356][  0]LogConfig: Applying CVar settings from Section [FoliageQuality@3] File [C:/Diplomna Rabota/Saved/Config/Windows/Scalability.ini]
[2022.03.26-12.46.14:356][  0]LogConfig: Setting CVar [[foliage.DensityScale:1.0]]
[2022.03.26-12.46.14:356][  0]LogConfig: Setting CVar [[grass.DensityScale:1.0]]
[2022.03.26-12.46.14:356][  0]LogConfig: Applying CVar settings from Section [ShadingQuality@3] File [C:/Diplomna Rabota/Saved/Config/Windows/Scalability.ini]
[2022.03.26-12.46.14:356][  0]LogConfig: Setting CVar [[r.HairStrands.SkyLighting.IntegrationType:2]]
[2022.03.26-12.46.14:356][  0]LogConfig: Setting CVar [[r.HairStrands.SkyAO.SampleCount:4]]
[2022.03.26-12.46.14:356][  0]LogConfig: Setting CVar [[r.HairStrands.Visibility.MSAA.SamplePerPixel:4]]
[2022.03.26-12.46.14:356][  0]LogConfig: Applying CVar settings from Section [Startup] File [../../../Engine/Config/ConsoleVariables.ini]
[2022.03.26-12.46.14:356][  0]LogConfig: Setting CVar [[net.UseAdaptiveNetUpdateFrequency:0]]
[2022.03.26-12.46.14:356][  0]LogConfig: Setting CVar [[p.chaos.AllowCreatePhysxBodies:1]]
[2022.03.26-12.46.14:356][  0]LogConfig: Setting CVar [[fx.SkipVectorVMBackendOptimizations:1]]
[2022.03.26-12.46.14:356][  0]LogConfig: Applying CVar settings from Section [ConsoleVariables] File [C:/Diplomna Rabota/Saved/Config/Windows/Engine.ini]
[2022.03.26-12.46.14:356][  0]LogConfig: Applying CVar settings from Section [ConsoleVariables] File [C:/Diplomna Rabota/Saved/Config/Windows/Editor.ini]
[2022.03.26-12.46.14:356][  0]LogInit: Computer: DESKTOP-2MK5LJ7
[2022.03.26-12.46.14:356][  0]LogInit: User: Nikolay
[2022.03.26-12.46.14:356][  0]LogInit: CPU Page size=4096, Cores=6
[2022.03.26-12.46.14:356][  0]LogInit: High frequency timer resolution =10.000000 MHz
[2022.03.26-12.46.14:356][  0]LogMemory: Memory total: Physical=15.8GB (16GB approx)
[2022.03.26-12.46.14:356][  0]LogMemory: Platform Memory Stats for Windows
[2022.03.26-12.46.14:356][  0]LogMemory: Process Physical Memory: 144.68 MB used, 144.69 MB peak
[2022.03.26-12.46.14:357][  0]LogMemory: Process Virtual Memory: 119.96 MB used, 119.96 MB peak
[2022.03.26-12.46.14:357][  0]LogMemory: Physical Memory: 9436.77 MB used,  6710.54 MB free, 16147.30 MB total
[2022.03.26-12.46.14:357][  0]LogMemory: Virtual Memory: 134206752.00 MB used,  10978.23 MB free, 134217728.00 MB total
[2022.03.26-12.46.14:361][  0]LogWindows: WindowsPlatformFeatures enabled
[2022.03.26-12.46.14:401][  0]LogInit: Physics initialised using underlying interface: PhysX
[2022.03.26-12.46.14:401][  0]LogInit: Using OS detected language (en-US).
[2022.03.26-12.46.14:401][  0]LogInit: Using OS detected locale (en-US).
[2022.03.26-12.46.14:404][  0]LogTextLocalizationManager: No specific localization for 'en-US' exists, so the 'en' localization will be used.
[2022.03.26-12.46.14:575][  0]LogWindowsTextInputMethodSystem: Display: IME system deactivated.
[2022.03.26-12.46.14:601][  0]LogSlate: New Slate User Created.  User Index 0, Is Virtual User: 0
[2022.03.26-12.46.14:601][  0]LogSlate: Slate User Registered.  User Index 0, Is Virtual User: 0
[2022.03.26-12.46.14:617][  0]LogD3D12RHI: Aftermath initialized
[2022.03.26-12.46.14:617][  0]LogD3D12RHI: Loading WinPixEventRuntime.dll for PIX profiling (from ../../../Engine/Binaries/ThirdParty/Windows/WinPixEventRuntime/x64).
[2022.03.26-12.46.14:644][  0]LogHMD: Failed to initialize OpenVR with code 110
[2022.03.26-12.46.14:746][  0]LogD3D12RHI: Found D3D12 adapter 0: NVIDIA GeForce RTX 3050 Laptop GPU (Max supported Feature Level 12_1)
[2022.03.26-12.46.14:746][  0]LogD3D12RHI: Adapter has 3991MB of dedicated video memory, 0MB of dedicated system memory, and 8073MB of shared system memory, 1 output[s]
[2022.03.26-12.46.14:807][  0]LogD3D12RHI: Found D3D12 adapter 1: Intel(R) UHD Graphics (Max supported Feature Level 12_1)
[2022.03.26-12.46.14:807][  0]LogD3D12RHI: Adapter has 128MB of dedicated video memory, 0MB of dedicated system memory, and 8073MB of shared system memory, 0 output[s]
[2022.03.26-12.46.14:813][  0]LogD3D12RHI: Found D3D12 adapter 2: Microsoft Basic Render Driver (Max supported Feature Level 12_1)
[2022.03.26-12.46.14:813][  0]LogD3D12RHI: Adapter has 0MB of dedicated video memory, 0MB of dedicated system memory, and 8073MB of shared system memory, 0 output[s]
[2022.03.26-12.46.14:813][  0]LogD3D12RHI: Forcing D3D12.AsyncDeferredDeletion=0 as a workaround for a deadlock.
[2022.03.26-12.46.14:813][  0]LogD3D12RHI: Chosen D3D12 Adapter Id = 0
[2022.03.26-12.46.14:817][  0]LogD3D12RHI: InitD3DDevice: -D3DDebug = off -D3D12GPUValidation = off
[2022.03.26-12.46.14:818][  0]LogD3D12RHI: Emitting draw events for PIX profiling.
[2022.03.26-12.46.14:904][  0]LogD3D12RHI: The system supports ID3D12Device1.
[2022.03.26-12.46.14:904][  0]LogD3D12RHI: The system supports ID3D12Device2.
[2022.03.26-12.46.14:904][  0]LogD3D12RHI: The system supports ID3D12Device5.
[2022.03.26-12.46.14:904][  0]LogD3D12RHI: The system supports ID3D12Device7.
[2022.03.26-12.46.14:904][  0]LogD3D12RHI: D3D12 ray tracing 1.0 is supported.
[2022.03.26-12.46.14:904][  0]LogD3D12RHI: D3D12 ray tracing 1.1 is supported.
[2022.03.26-12.46.14:952][  0]LogD3D12RHI: [GPUBreadCrumb] Successfully setup breadcrumb resource for 3D Queue 0
[2022.03.26-12.46.14:957][  0]LogD3D12RHI: [GPUBreadCrumb] Successfully setup breadcrumb resource for Copy Queue 0
[2022.03.26-12.46.14:967][  0]LogD3D12RHI: [GPUBreadCrumb] Successfully setup breadcrumb resource for Compute Queue 0
[2022.03.26-12.46.14:974][  0]LogD3D12RHI: Display: Not using pipeline state disk cache per r.D3D12.PSO.DiskCache=0
[2022.03.26-12.46.14:974][  0]LogD3D12RHI: Display: Not using driver-optimized pipeline state disk cache per r.D3D12.PSO.DriverOptimizedDiskCache=0
[2022.03.26-12.46.15:001][  0]LogD3D12RHI:     GPU DeviceId: 0x25a2 (for the marketing name, search the web for "GPU Device Id")
[2022.03.26-12.46.15:001][  0]LogWindows: EnumDisplayDevices:
[2022.03.26-12.46.15:002][  0]LogWindows:    0. 'Intel(R) UHD Graphics' (P:1 D:1)
[2022.03.26-12.46.15:002][  0]LogWindows:    1. 'Intel(R) UHD Graphics' (P:0 D:0)
[2022.03.26-12.46.15:002][  0]LogWindows:    2. 'Intel(R) UHD Graphics' (P:0 D:0)
[2022.03.26-12.46.15:002][  0]LogWindows:    3. 'Intel(R) UHD Graphics' (P:0 D:0)
[2022.03.26-12.46.15:002][  0]LogWindows:    4. 'NVIDIA GeForce RTX 3050 Laptop GPU' (P:0 D:0)
[2022.03.26-12.46.15:003][  0]LogWindows: DebugString: PrimaryIsNotTheChoosenAdapter PrimaryIsNotTheChoosenAdapter PrimaryIsNotTheChoosenAdapter PrimaryIsNotTheChoosenAdapter 
[2022.03.26-12.46.15:003][  0]LogD3D12RHI:     Adapter Name: NVIDIA GeForce RTX 3050 Laptop GPU
[2022.03.26-12.46.15:003][  0]LogD3D12RHI:   Driver Version: 462.62 (internal:27.21.14.6262, unified:462.62)
[2022.03.26-12.46.15:003][  0]LogD3D12RHI:      Driver Date: 5-11-2021
[2022.03.26-12.46.15:003][  0]LogRHI: Texture pool is 2137 MB (70% of 3053 MB)
[2022.03.26-12.46.15:003][  0]LogD3D12RHI: Async texture creation enabled
[2022.03.26-12.46.15:003][  0]LogD3D12RHI: RHI has support for 64 bit atomics
[2022.03.26-12.46.15:011][  0]LogRHI: GeForceNow SDK initialized: 0
[2022.03.26-12.46.15:285][  0]LogTargetPlatformManager: Display: Loaded TargetPlatform 'WindowsNoEditor'
[2022.03.26-12.46.15:288][  0]LogTargetPlatformManager: Display: Loaded TargetPlatform 'Windows'
[2022.03.26-12.46.15:291][  0]LogTargetPlatformManager: Display: Loaded TargetPlatform 'WindowsClient'
[2022.03.26-12.46.15:294][  0]LogTargetPlatformManager: Display: Loaded TargetPlatform 'WindowsServer'
[2022.03.26-12.46.15:294][  0]LogTargetPlatformManager: Display: Building Assets For Windows
[2022.03.26-12.46.15:299][  0]LogAudioDebug: Display: Lib vorbis DLL was dynamically loaded.
[2022.03.26-12.46.15:321][  0]LogTextureFormatOodle: Display: Oodle Texture 2.9.0 init RDO Off
[2022.03.26-12.46.15:341][  0]LogRendererCore: Ray tracing is enabled for the game. Reason: r.RayTracing=1 and r.RayTracing.EnableInGame is not present (default true).
[2022.03.26-12.46.15:341][  0]LogShaderCompilers: Guid format shader working directory is 18 characters bigger than the processId version (../../../../../Diplomna Rabota/Intermediate/Shaders/WorkingDirectory/1128/).
[2022.03.26-12.46.15:341][  0]LogShaderCompilers: Cleaned the shader compiler working directory 'C:/Users/Nikolay/AppData/Local/Temp/UnrealShaderWorkingDir/1CD077EC412B51894193AAA02337E92E/'.
[2022.03.26-12.46.15:341][  0]LogXGEController: Cannot use XGE Controller as Incredibuild is not installed on this machine.
[2022.03.26-12.46.15:341][  0]LogShaderCompilers: Cannot use XGE Shader Compiler as Incredibuild is not installed on this machine.
[2022.03.26-12.46.15:341][  0]LogShaderCompilers: Display: Using Local Shader Compiler.
[2022.03.26-12.46.16:048][  0]LogDerivedDataCache: Display: Max Cache Size: 512 MB
[2022.03.26-12.46.16:108][  0]LogDerivedDataCache: Loaded boot cache 0.06s 132MB C:/Users/Nikolay/AppData/Local/UnrealEngine/4.27/DerivedDataCache/Boot.ddc.
[2022.03.26-12.46.16:108][  0]LogDerivedDataCache: Display: Loaded Boot cache: C:/Users/Nikolay/AppData/Local/UnrealEngine/4.27/DerivedDataCache/Boot.ddc
[2022.03.26-12.46.16:108][  0]LogDerivedDataCache: FDerivedDataBackendGraph:  Pak pak cache file ../../../../../Diplomna Rabota/DerivedDataCache/DDC.ddp not found, will not use a pak cache.
[2022.03.26-12.46.16:108][  0]LogDerivedDataCache: Unable to find inner node Pak for hierarchical cache Hierarchy.
[2022.03.26-12.46.16:108][  0]LogDerivedDataCache: FDerivedDataBackendGraph:  CompressedPak pak cache file ../../../../../Diplomna Rabota/DerivedDataCache/Compressed.ddp not found, will not use a pak cache.
[2022.03.26-12.46.16:108][  0]LogDerivedDataCache: Unable to find inner node CompressedPak for hierarchical cache Hierarchy.
[2022.03.26-12.46.16:121][  0]LogDerivedDataCache: Display: Pak cache opened for reading ../../../Engine/DerivedDataCache/Compressed.ddp.
[2022.03.26-12.46.16:121][  0]LogDerivedDataCache: FDerivedDataBackendGraph:  EnterprisePak pak cache file ../../../Enterprise/DerivedDataCache/Compressed.ddp not found, will not use a pak cache.
[2022.03.26-12.46.16:121][  0]LogDerivedDataCache: Unable to find inner node EnterprisePak for hierarchical cache Hierarchy.
[2022.03.26-12.46.16:125][  0]LogDerivedDataCache: Speed tests for C:/Users/Nikolay/AppData/Local/UnrealEngine/Common/DerivedDataCache took 0.00 seconds
[2022.03.26-12.46.16:126][  0]LogDerivedDataCache: Display: Performance to C:/Users/Nikolay/AppData/Local/UnrealEngine/Common/DerivedDataCache: Latency=0.02ms. RandomReadSpeed=1607.90MBs, RandomWriteSpeed=257.13MBs. Assigned SpeedClass 'Local'
[2022.03.26-12.46.16:126][  0]LogDerivedDataCache: Using Local data cache path C:/Users/Nikolay/AppData/Local/UnrealEngine/Common/DerivedDataCache: Writable
[2022.03.26-12.46.16:126][  0]LogDerivedDataCache: Shared data cache path not found in *engine.ini, will not use an Shared cache.
[2022.03.26-12.46.16:126][  0]LogDerivedDataCache: Unable to find inner node Shared for hierarchical cache Hierarchy.
[2022.03.26-12.46.16:159][  0]LogSlate: Using FreeType 2.10.0
[2022.03.26-12.46.16:159][  0]LogSlate: SlateFontServices - WITH_FREETYPE: 1, WITH_HARFBUZZ: 1
[2022.03.26-12.46.16:265][  0]LogInit: Using OS detected language (en-US).
[2022.03.26-12.46.16:265][  0]LogInit: Using OS detected locale (en-US).
[2022.03.26-12.46.16:265][  0]LogTextLocalizationManager: No localization for 'en-US' exists, so 'en' will be used for the language.
[2022.03.26-12.46.16:265][  0]LogTextLocalizationManager: No localization for 'en-US' exists, so 'en' will be used for the locale.
[2022.03.26-12.46.16:265][  0]LogSlate: FontCache flush requested. Reason: Culture for localization was changed
[2022.03.26-12.46.16:265][  0]LogSlate: FontCache flush requested. Reason: Culture for localization was changed
[2022.03.26-12.46.16:267][  0]LogTextLocalizationManager: Compacting localization data took   0.00ms
[2022.03.26-12.46.16:267][  0]LogAssetRegistry: FAssetRegistry took 0.0014 seconds to start up
[2022.03.26-12.46.16:425][  0]LogPackageLocalizationCache: Processed 27 localized package path(s) for 1 prioritized culture(s) in 0.001012 seconds
[2022.03.26-12.46.16:487][  0]LogInit: Selected Device Profile: [Windows]
[2022.03.26-12.46.16:487][  0]LogInit: Active device profile: [0000022983A96D00][00000229ED4DB200 49] Windows
[2022.03.26-12.46.16:487][  0]LogInit: Profiles: [0000022983A96D00][00000229ED4DB200 49] Windows, [0000022983A5A400][00000229ED29B340 49] WindowsNoEditor, [0000022983A95E00][00000229ED2A34C0 49] WindowsServer, [0000022983A5B200][00000229ED2A7640 49] WindowsClient, [0000022983A95100][00000229827F17C0 49] IOS, [0000022983A5BB00][00000229827F5940 49] iPadAir, [0000022983A95C00][00000229827F9AC0 49] iPadAir2, [00000229839F9E00][0000022982800200 49] IPadPro, [00000229839F9F00][00000229827FC240 49] iPadAir3, [0000022983A5B800][00000229828043C0 49] iPadAir4, [00000229839FAE00][0000022982808540 49] iPadMini2, [0000022983A5AB00][000002298280C6C0 49] iPadMini3, [00000229839FB900][00000229ED382840 49] iPadMini4, [0000022983A5BC00][00000229ED3869C0 49] iPadMini5, [0000022983A21400][00000229ED38EC80 49] iPhone6, [0000022983A21500][00000229ED38ACC0 49] iPodTouch6, [0000022983A95800][00000229ED396F80 49] iPhone7, [0000022983A95500][00000229ED392FC0 49] iPodTouch7, [00000229839FBD00][00000229ED39B140 49] iPhone5S, [0000022983A96900][00000229ED29F280 49] iPhone6Plus, [00000229839FB200][00000229ED39F3C0 49] iPhone6S, [0000022983A94800][00000229ED3A3500 49] iPhone6SPlus, [00000229839FAB00][00000229ED3AB680 49] iPhone7Plus, [0000022983A95F00][00000229ED3AF800 49] iPhoneSE, [00000229839F8200][00000229ED3B3980 49] iPhone8, [0000022983A97B00][00000229ED3B7B00 49] iPhone8Plus, [0000022983A97400][00000229ED3BA100 49] iPhoneX, [0000022983A20600][00000229ED3BE280 49] iPhoneXS, [0000022983A94A00][00000229ED3C2400 49] iPhoneXSMax, [0000022983A20A00][00000229ED3C6580 49] iPhoneXR, [0000022983A97100][00000229ED3CA700 49] iPhone11, [0000022983A20B00][0000022984820880 49] iPhone11Pro, [0000022983A22E00][0000022984824A00 49] iPhone11ProMax, [00000229839FB300][0000022984828B80 49] iPhoneSE2, [0000022983A22100][000002298482CD00 49] iPhone12Mini, [00000229839F9B00][0000022984830E80 49] iPhone12, [0000022983A22400][0000022984835000 49] iPhone12Pro, [00000229839FA000][0000022984839180 49] iPhone12ProMax, [0000022983A23600][000002298483D300 49] iPadPro105, [00000229839FB500][00000229ED3A7440 49] iPadPro129, [0000022983A23900][0000022984841580 49] iPadPro97, [0000022983A97C00][00000229848456C0 49] iPadPro2_129, [0000022983A23300][000002298484D840 49] iPad5, [0000022983A94F00][00000229848519C0 49] iPad6, [0000022983A20100][0000022984855B40 49] iPad7, [0000022983A96400][0000022984858140 49] iPad8, [0000022983A23400][000002298485C2C0 49] iPadPro11, [0000022983A94500][0000022984860440 49] iPadPro2_11, [0000022983A21100][00000229848645C0 49] iPadPro3_129, [0000022983A97A00][0000022984868740 49] iPadPro4_129, [0000022983A20900][000002298486C8C0 49] AppleTV, [0000022983A94100][0000022984870A40 49] AppleTV4K, [0000022983A23D00][0000022984874BC0 49] TVOS, [0000022983A96100][0000022984878D40 49] Mac, [0000022983A22D00][000002298487CEC0 49] MacClient, [0000022983A97700][0000022984881040 49] MacNoEditor, [0000022983A21F00][00000229848851C0 49] MacServer, [0000022983A94200][0000022984889340 49] Linux, [0000022983A22900][000002298488D4C0 49] LinuxAArch64, [0000022983A96500][0000022984849600 49] LinuxNoEditor, [0000022983A22C00][0000022984891740 49] LinuxAArch64NoEditor, [0000022983A97600][0000022984895880 49] LinuxClient, [0000022983A20300][00000229848999C0 49] LinuxAArch64Client, [0000022983A95900][00000229848A1B40 49] LinuxServer, [0000022983A20700][00000229848A4140 49] LinuxAArch64Server, [0000022983A96700][00000229848A82C0 49] Android, [0000022983A21A00][00000229848AC440 49] Android_Low, [0000022983A94700][00000229848B05C0 49] Android_Mid, [0000022983A22700][00000229848B4740 49] Android_High, [0000022983A96300][00000229848B88C0 49] Android_Default, [0000022983A21300][00000229848BCA40 49] Android_Adreno4xx, [0000022983A96800][00000229848C0BC0 49] Android_Adreno5xx_Low, [0000022983A21700][00000229848C4D40 49] Android_Adreno5xx, [0000022983A96000][00000229848C8EC0 49] Android_Adreno6xx, [0000022983A21000][00000229848CD040 49] Android_Adreno6xx_Vulkan, [0000022983A97300][00000229848D11C0 49] Android_Mali_T6xx, [0000022983A23200][00000229848D5340 49] Android_Mali_T7xx, [0000022983A95600][00000229848D94C0 49] Android_Mali_T8xx, [0000022983A23C00][00000229848DD640 49] Android_Mali_G71, [0000022983A94E00][000002298489D780 49] Android_Mali_G72, [0000022983A22000][00000229848E18C0 49] Android_Mali_G72_Vulkan, [0000022983A95D00][00000229848E5A00 49] Android_Mali_G76, [0000022983A21200][00000229848E9B40 49] Android_Mali_G76_Vulkan, [0000022983A97900][00000229848F0140 49] Android_Mali_G77, [0000022983A5BF00][00000229848F42C0 49] Android_Mali_G77_Vulkan, [00000229839F8600][00000229848F8440 49] Android_Mali_G78, [0000022983A58900][00000229848FC5C0 49] Android_Mali_G78_Vulkan, [00000229839F9700][0000022984900740 49] Android_Mali_G710, [0000022983A58B00][00000229849048C0 49] Android_Mali_G710_Vulkan, [00000229839F9500][0000022984908A40 49] Android_Vulkan_SM5, [0000022983A59E00][000002298490CBC0 49] Android_PowerVR_G6xxx, [00000229839FB700][0000022984910D40 49] Android_PowerVR_GT7xxx, [0000022983A59800][0000022984914EC0 49] Android_PowerVR_GE8xxx, [00000229839F8C00][0000022984919040 49] Android_PowerVR_GM9xxx, [0000022983A59C00][000002298491D1C0 49] Android_PowerVR_GM9xxx_Vulkan, [00000229839F8900][0000022984921340 49] Android_TegraK1, [0000022983A58100][00000229849254C0 49] Android_Unknown_Vulkan, [00000229839FAA00][0000022984929640 49] Lumin, [0000022983A5B000][000002298492D7C0 49] Lumin_Desktop, [00000229839F8E00][0000022984931940 49] HoloLens, 
[2022.03.26-12.46.16:615][  0]LogMeshReduction: Using QuadricMeshReduction for automatic static mesh reduction
[2022.03.26-12.46.16:615][  0]LogMeshReduction: Using SimplygonMeshReduction for automatic skeletal mesh reduction
[2022.03.26-12.46.16:615][  0]LogMeshReduction: Using ProxyLODMeshReduction for automatic mesh merging
[2022.03.26-12.46.16:615][  0]LogMeshReduction: No distributed automatic mesh merging module available
[2022.03.26-12.46.16:615][  0]LogMeshMerging: No distributed automatic mesh merging module available
[2022.03.26-12.46.16:694][  0]LogNetVersion: DiplomnaRabota1 1.0.0, NetCL: 17155196, EngineNetVer: 17, GameNetVer: 0 (Checksum: 2227974778)
[2022.03.26-12.46.16:907][  0]LogTexture: Default maximum texture size for cubemaps generated from long-lat sources has been changed from 512 to unlimited. In order to preserve old behaiour for '/Engine/MapTemplates/Sky/DaylightAmbientCubemap.DaylightAmbientCubemap', its maximum texture size has been explicitly set to 512.
[2022.03.26-12.46.16:952][  0]LogHMD: PokeAHoleMaterial loaded successfully
[2022.03.26-12.46.17:037][  0]LogMoviePlayer: Initializing movie player
[2022.03.26-12.46.17:110][  0]LogD3D12RHI: Creating RTPSO with 3 shaders (0 cached, 3 new) took 21.12 ms. Compile time 11.41 ms, link time 9.68 ms.
[2022.03.26-12.46.17:165][  0]LogPython: Using Python 3.7.7
[2022.03.26-12.46.17:571][  0]LogNiagaraDebuggerClient: Niagara Debugger Client Initialized | Session: 12462B55462ABCE5A66F42984A692A69 | Instance: 5DC62DF84290D501AB16DEA758553F98 (DESKTOP-2MK5LJ7-1128).
[2022.03.26-12.46.17:588][  0]LogCollectionManager: Loaded 0 collections in 0.001394 seconds
[2022.03.26-12.46.17:590][  0]LogFileCache: Scanning file cache for directory 'C:/Diplomna Rabota/Saved/Collections/' took 0.00s
[2022.03.26-12.46.17:590][  0]LogFileCache: Scanning file cache for directory 'C:/Diplomna Rabota/Content/Developers/Nikolay/Collections/' took 0.00s
[2022.03.26-12.46.17:590][  0]LogFileCache: Scanning file cache for directory 'C:/Diplomna Rabota/Content/Collections/' took 0.00s
[2022.03.26-12.46.17:590][  0]LogCollectionManager: Fixed up redirectors for 0 collections in 0.000001 seconds (updated 0 objects)
[2022.03.26-12.46.17:593][  0]LogImageWrapper: Warning: PNG Warning: Duplicate iCCP chunk
[2022.03.26-12.46.17:593][  0]LogImageWrapper: Warning: PNG Warning: Duplicate iCCP chunk
[2022.03.26-12.46.17:622][  0]LogTcpMessaging: Initializing TcpMessaging bridge
[2022.03.26-12.46.17:626][  0]LogUdpMessaging: Initializing bridge on interface 0.0.0.0:0 to multicast group 230.0.0.1:6666.
[2022.03.26-12.46.17:697][  0]SourceControl: Source control is disabled
[2022.03.26-12.46.17:697][  0]SourceControl: Source control is disabled
[2022.03.26-12.46.17:719][  0]SourceControl: Source control is disabled
[2022.03.26-12.46.17:725][  0]LogUProjectInfo: Found projects:
[2022.03.26-12.46.17:740][  0]LogOpenImageDenoise: OIDN starting up
[2022.03.26-12.46.17:781][  0]LogAudioCaptureCore: Display: No Audio Capture implementations found. Audio input will be silent.
[2022.03.26-12.46.17:781][  0]LogAudioCaptureCore: Display: No Audio Capture implementations found. Audio input will be silent.
[2022.03.26-12.46.17:805][  0]LogAndroidPermission: UAndroidPermissionCallbackProxy::GetInstance
[2022.03.26-12.46.17:844][  0]LogOcInput: OculusInput pre-init called
[2022.03.26-12.46.17:852][  0]LogUObjectArray: 22121 objects as part of root set at end of initial load.
[2022.03.26-12.46.17:852][  0]LogUObjectAllocator: 5975440 out of 0 bytes used by permanent object pool.
[2022.03.26-12.46.17:852][  0]LogUObjectArray: CloseDisregardForGC: 0/0 objects in disregard for GC pool
[2022.03.26-12.46.17:894][  0]LogEngine: Initializing Engine...
[2022.03.26-12.46.17:896][  0]LogHMD: Failed to enumerate extensions. Please check that you have a valid OpenXR runtime installed.
[2022.03.26-12.46.17:896][  0]LogHMD: Failed to initialize OpenVR with code 110
[2022.03.26-12.46.17:896][  0]LogMagicLeap: Warning: VR disabled because ZI is not enabled.  To enable, in the editor, Edit -> Project Settings -> Plugins -> Magic Leap Plugin -> Enable Zero Iteration
[2022.03.26-12.46.17:898][  0]LogStats: UGameplayTagsManager::InitializeManager -  0.000 s
[2022.03.26-12.46.17:988][  0]LogInit: Initializing FReadOnlyCVARCache
[2022.03.26-12.46.17:988][  0]LogAudio: Display: Initializing Audio Device Manager...
[2022.03.26-12.46.17:991][  0]LogAudio: Display: Loading Default Audio Settings Objects...
[2022.03.26-12.46.17:992][  0]LogAudio: Display: No default SoundConcurrencyObject specified (or failed to load).
[2022.03.26-12.46.17:992][  0]LogAudio: Display: Audio Device Manager Initialized
[2022.03.26-12.46.17:992][  0]LogAudio: Display: Creating Audio Device:                 Id: 1, Scope: Shared, Realtime: True
[2022.03.26-12.46.17:992][  0]LogAudioMixer: Display: Audio Mixer Platform Settings:
[2022.03.26-12.46.17:992][  0]LogAudioMixer: Display: 	Sample Rate:						  48000
[2022.03.26-12.46.17:992][  0]LogAudioMixer: Display: 	Callback Buffer Frame Size Requested: 1024
[2022.03.26-12.46.17:992][  0]LogAudioMixer: Display: 	Callback Buffer Frame Size To Use:	  1024
[2022.03.26-12.46.17:992][  0]LogAudioMixer: Display: 	Number of buffers to queue:			  2
[2022.03.26-12.46.17:992][  0]LogAudioMixer: Display: 	Max Channels (voices):				  32
[2022.03.26-12.46.17:992][  0]LogAudioMixer: Display: 	Number of Async Source Workers:		  0
[2022.03.26-12.46.17:992][  0]LogAudio: Display: AudioDevice MaxSources: 32
[2022.03.26-12.46.17:993][  0]LogAudio: Display: Audio Spatialization Plugin: None (built-in).
[2022.03.26-12.46.17:993][  0]LogAudio: Display: Audio Reverb Plugin: None (built-in).
[2022.03.26-12.46.17:993][  0]LogAudio: Display: Audio Occlusion Plugin: None (built-in).
[2022.03.26-12.46.17:993][  0]LogAudioMixer: Display: Initializing audio mixer.
[2022.03.26-12.46.18:002][  0]LogAudioMixer: Display: 0: FrontLeft
[2022.03.26-12.46.18:002][  0]LogAudioMixer: Display: 1: FrontRight
[2022.03.26-12.46.18:011][  0]LogAudioMixer: Display: Using Audio Device Speakers (USB Audio Device)
[2022.03.26-12.46.18:014][  0]LogAudioMixer: Display: Initializing Sound Submixes...
[2022.03.26-12.46.18:015][  0]LogAudioMixer: Display: Creating Master Submix 'MasterSubmixDefault'
[2022.03.26-12.46.18:015][  0]LogAudioMixer: Display: Creating Master Submix 'MasterReverbSubmixDefault'
[2022.03.26-12.46.18:016][  0]LogAudioMixer: Display: Creating Master Submix 'MasterEQSubmixDefault'
[2022.03.26-12.46.18:016][  0]LogAudioMixer: FMixerPlatformXAudio2::StartAudioStream() called
[2022.03.26-12.46.18:016][  0]LogAudioMixer: Display: Output buffers initialized: Frames=1024, Channels=2, Samples=2048
[2022.03.26-12.46.18:017][  0]LogAudioMixer: Display: Starting AudioMixerPlatformInterface::RunInternal()
[2022.03.26-12.46.18:017][  0]LogAudioMixer: Display: FMixerPlatformXAudio2::SubmitBuffer() called for the first time
[2022.03.26-12.46.18:017][  0]LogInit: FAudioDevice initialized.
[2022.03.26-12.46.18:018][  0]LogNetVersion: Set ProjectVersion to 1.0.0.0. Version Checksum will be recalculated on next use.
[2022.03.26-12.46.18:022][  0]LogInit: Texture streaming: Enabled
[2022.03.26-12.46.18:081][  0]LogAudio: Display: Audio Device (ID: 1) registered with world 'Untitled'.
[2022.03.26-12.46.18:082][  0]LogSlate: Updating window title bar state: overlay mode, drag disabled, window buttons hidden, title bar hidden
[2022.03.26-12.46.18:082][  0]LogInit: Display: Game Engine Initialized.
[2022.03.26-12.46.18:082][  0]LogNiagaraEditor: GEditor isn't valid! Particle reset commands will not work for Niagara components!
[2022.03.26-12.46.18:166][  0]LogImageWrapper: Warning: PNG Warning: Duplicate iCCP chunk
[2022.03.26-12.46.18:166][  0]LogImageWrapper: Warning: PNG Warning: Duplicate iCCP chunk
[2022.03.26-12.46.18:166][  0]LogInit: Display: Starting Game.
[2022.03.26-12.46.18:166][  0]LogNet: Browse: /Game/ThirdPersonBP/Maps/MainMenuMap/MainMenuMap?Name=Player
[2022.03.26-12.46.18:166][  0]LogLoad: LoadMap: /Game/ThirdPersonBP/Maps/MainMenuMap/MainMenuMap?Name=Player
[2022.03.26-12.46.18:166][  0]LogWorld: BeginTearingDown for /Temp/Untitled_0
[2022.03.26-12.46.18:167][  0]LogWorld: UWorld::CleanupWorld for Untitled, bSessionEnded=true, bCleanupResources=true
[2022.03.26-12.46.18:167][  0]LogSlate: InvalidateAllWidgets triggered.  All widgets were invalidated
[2022.03.26-12.46.18:170][  0]LogAudio: Display: Audio Device unregistered from world 'None'.
[2022.03.26-12.46.18:172][  0]LogUObjectHash: Compacting FUObjectHashTables data took   0.55ms
[2022.03.26-12.46.18:805][  0]LogAudio: Display: Audio Device (ID: 1) registered with world 'MainMenuMap'.
[2022.03.26-12.46.18:811][  0]LogAIModule: Creating AISystem for world MainMenuMap
[2022.03.26-12.46.18:814][  0]LogLoad: Game class is 'ThirdPersonGameMode_C'
[2022.03.26-12.46.18:816][  0]LogWorld: Bringing World /Game/ThirdPersonBP/Maps/MainMenuMap/MainMenuMap.MainMenuMap up for play (max tick rate 0) at 2022.03.26-14.46.18
[2022.03.26-12.46.18:816][  0]LogWorld: Bringing up level for play took: 0.000989
[2022.03.26-12.46.18:820][  0]LogViewport: Display: Viewport MouseLockMode Changed, LockOnCapture -> DoNotLock
[2022.03.26-12.46.18:820][  0]LogViewport: Display: Viewport MouseCaptureMode Changed, CapturePermanently_IncludingInitialMouseDown -> NoCapture
[2022.03.26-12.46.18:820][  0]LogLoad: Took 0.653919 seconds to LoadMap(/Game/ThirdPersonBP/Maps/MainMenuMap/MainMenuMap)
[2022.03.26-12.46.18:859][  0]LogSlate: Took 0.000160 seconds to synchronously load lazily loaded font '../../../Engine/Content/Slate/Fonts/Roboto-Regular.ttf' (155K)
[2022.03.26-12.46.18:881][  0]LogRenderer: Reallocating scene render targets to support 1280x720 Format 10 NumSamples 1 (Frame:1).
[2022.03.26-12.46.18:881][  0]LogInit: Display: Engine is initialized. Leaving FEngineLoop::Init()
[2022.03.26-12.46.18:881][  0]LogLoad: (Engine Initialization) Total time: 5.62 seconds
[2022.03.26-12.46.18:881][  0]LogLoad: (Engine Initialization) Total Blueprint compile time: 0.00 seconds
[2022.03.26-12.46.19:054][  0]LogD3D12RHI: Creating RTPSO with 133 shaders (0 cached, 133 new) took 179.59 ms. Compile time 168.47 ms, link time 10.76 ms.
[2022.03.26-12.46.19:128][  0]LogD3D12RHI: Creating RTPSO with 3 shaders (2 cached, 1 new) took 207.98 ms. Compile time 84.38 ms, link time 122.62 ms.
[2022.03.26-12.46.20:107][  0]LogD3D12RHI: Creating RTPSO with 8 shaders (0 cached, 8 new) took 1186.67 ms. Compile time 110.93 ms, link time 1074.87 ms.
[2022.03.26-12.46.20:107][  0]LogD3D12RHI: Creating RT View Heap with 250000 entries
[2022.03.26-12.46.20:130][  0]LogD3D12RHI: Creating RT Sampler Heap with 2048 entries
[2022.03.26-12.46.20:130][  0]LogD3D12RHI: Creating RT View Heap with 250000 entries
[2022.03.26-12.46.20:148][  0]LogD3D12RHI: Creating RT Sampler Heap with 2048 entries
[2022.03.26-12.46.20:148][  0]LogD3D12RHI: Creating RT View Heap with 250000 entries
[2022.03.26-12.46.20:166][  0]LogD3D12RHI: Creating RT Sampler Heap with 2048 entries
[2022.03.26-12.46.20:266][  0]LogContentStreaming: Texture pool size now 1000 MB
[2022.03.26-12.46.20:273][  0]LogSlate: InvalidateAllWidgets triggered.  All widgets were invalidated
[2022.03.26-12.46.20:428][  0]LogRenderer: Reallocating scene render targets to support 128x128 Format 10 NumSamples 1 (Frame:1).
[2022.03.26-12.46.20:447][  0]LogD3D12RHI: Creating RT View Heap with 250000 entries
[2022.03.26-12.46.20:468][  0]LogD3D12RHI: Creating RT Sampler Heap with 2048 entries
[2022.03.26-12.46.20:470][  0]LogD3D12RHI: Creating RT View Heap with 250000 entries
[2022.03.26-12.46.20:487][  0]LogD3D12RHI: Creating RT Sampler Heap with 2048 entries
[2022.03.26-12.46.20:496][  0]LogD3D12RHI: Creating RT View Heap with 250000 entries
[2022.03.26-12.46.20:517][  0]LogD3D12RHI: Creating RT Sampler Heap with 2048 entries
[2022.03.26-12.46.20:517][  0]LogD3D12RHI: Creating RT View Heap with 250000 entries
[2022.03.26-12.46.20:532][  0]LogD3D12RHI: Creating RT Sampler Heap with 2048 entries
[2022.03.26-12.46.20:552][  0]LogRenderer: Reallocating scene render targets to support 1280x720 Format 10 NumSamples 1 (Frame:2).
[2022.03.26-12.46.20:595][  1]LogSlate: Took 0.000198 seconds to synchronously load lazily loaded font '../../../Engine/Content/Slate/Fonts/Roboto-Regular.ttf' (155K)
[2022.03.26-12.46.22:137][185]LogRenderer: Reallocating scene render targets to support 1536x864 Format 10 NumSamples 1 (Frame:187).
[2022.03.26-12.46.22:137][185]LogConfig: Applying CVar settings from Section [ViewDistanceQuality@3] File [C:/Diplomna Rabota/Saved/Config/Windows/Scalability.ini]
[2022.03.26-12.46.22:137][185]LogConfig: Setting CVar [[r.SkeletalMeshLODBias:0]]
[2022.03.26-12.46.22:137][185]LogConfig: Setting CVar [[r.ViewDistanceScale:1.0]]
[2022.03.26-12.46.22:137][185]LogConfig: Applying CVar settings from Section [AntiAliasingQuality@3] File [C:/Diplomna Rabota/Saved/Config/Windows/Scalability.ini]
[2022.03.26-12.46.22:137][185]LogConfig: Setting CVar [[r.PostProcessAAQuality:4]]
[2022.03.26-12.46.22:137][185]LogConfig: Applying CVar settings from Section [ShadowQuality@3] File [C:/Diplomna Rabota/Saved/Config/Windows/Scalability.ini]
[2022.03.26-12.46.22:137][185]LogConfig: Setting CVar [[r.LightFunctionQuality:1]]
[2022.03.26-12.46.22:137][185]LogConfig: Setting CVar [[r.ShadowQuality:5]]
[2022.03.26-12.46.22:137][185]LogConfig: Setting CVar [[r.Shadow.CSM.MaxCascades:10]]
[2022.03.26-12.46.22:137][185]LogConfig: Setting CVar [[r.Shadow.MaxResolution:2048]]
[2022.03.26-12.46.22:137][185]LogConfig: Setting CVar [[r.Shadow.MaxCSMResolution:2048]]
[2022.03.26-12.46.22:137][185]LogConfig: Setting CVar [[r.Shadow.RadiusThreshold:0.01]]
[2022.03.26-12.46.22:137][185]LogConfig: Setting CVar [[r.Shadow.DistanceScale:1.0]]
[2022.03.26-12.46.22:137][185]LogConfig: Setting CVar [[r.Shadow.CSM.TransitionScale:1.0]]
[2022.03.26-12.46.22:137][185]LogConfig: Setting CVar [[r.Shadow.PreShadowResolutionFactor:1.0]]
[2022.03.26-12.46.22:137][185]LogConfig: Setting CVar [[r.DistanceFieldShadowing:1]]
[2022.03.26-12.46.22:137][185]LogConfig: Setting CVar [[r.DistanceFieldAO:1]]
[2022.03.26-12.46.22:137][185]LogConfig: Setting CVar [[r.AOQuality:2]]
[2022.03.26-12.46.22:137][185]LogConfig: Setting CVar [[r.VolumetricFog:1]]
[2022.03.26-12.46.22:137][185]LogConfig: Setting CVar [[r.VolumetricFog.GridPixelSize:8]]
[2022.03.26-12.46.22:137][185]LogConfig: Setting CVar [[r.VolumetricFog.GridSizeZ:128]]
[2022.03.26-12.46.22:137][185]LogConfig: Setting CVar [[r.VolumetricFog.HistoryMissSupersampleCount:4]]
[2022.03.26-12.46.22:137][185]LogConfig: Setting CVar [[r.LightMaxDrawDistanceScale:1]]
[2022.03.26-12.46.22:137][185]LogConfig: Setting CVar [[r.CapsuleShadows:1]]
[2022.03.26-12.46.22:137][185]LogConfig: Applying CVar settings from Section [PostProcessQuality@3] File [C:/Diplomna Rabota/Saved/Config/Windows/Scalability.ini]
[2022.03.26-12.46.22:137][185]LogConfig: Setting CVar [[r.MotionBlurQuality:4]]
[2022.03.26-12.46.22:137][185]LogConfig: Setting CVar [[r.AmbientOcclusionMipLevelFactor:0.4]]
[2022.03.26-12.46.22:137][185]LogConfig: Setting CVar [[r.AmbientOcclusionMaxQuality:100]]
[2022.03.26-12.46.22:137][185]LogConfig: Setting CVar [[r.AmbientOcclusionLevels:-1]]
[2022.03.26-12.46.22:137][185]LogConfig: Setting CVar [[r.AmbientOcclusionRadiusScale:1.0]]
[2022.03.26-12.46.22:137][185]LogConfig: Setting CVar [[r.DepthOfFieldQuality:2]]
[2022.03.26-12.46.22:137][185]LogConfig: Setting CVar [[r.RenderTargetPoolMin:400]]
[2022.03.26-12.46.22:137][185]LogConfig: Setting CVar [[r.LensFlareQuality:2]]
[2022.03.26-12.46.22:137][185]LogConfig: Setting CVar [[r.SceneColorFringeQuality:1]]
[2022.03.26-12.46.22:137][185]LogConfig: Setting CVar [[r.EyeAdaptationQuality:2]]
[2022.03.26-12.46.22:137][185]LogConfig: Setting CVar [[r.BloomQuality:5]]
[2022.03.26-12.46.22:137][185]LogConfig: Setting CVar [[r.FastBlurThreshold:100]]
[2022.03.26-12.46.22:137][185]LogConfig: Setting CVar [[r.Upscale.Quality:3]]
[2022.03.26-12.46.22:137][185]LogConfig: Setting CVar [[r.Tonemapper.GrainQuantization:1]]
[2022.03.26-12.46.22:137][185]LogConfig: Setting CVar [[r.LightShaftQuality:1]]
[2022.03.26-12.46.22:138][185]LogConfig: Setting CVar [[r.Filter.SizeScale:1]]
[2022.03.26-12.46.22:138][185]LogConfig: Setting CVar [[r.Tonemapper.Quality:5]]
[2022.03.26-12.46.22:138][185]LogConfig: Setting CVar [[r.DOF.Gather.AccumulatorQuality:1        ; higher gathering accumulator quality]]
[2022.03.26-12.46.22:138][185]LogConfig: Setting CVar [[r.DOF.Gather.PostfilterMethod:1          ; Median3x3 postfilering method]]
[2022.03.26-12.46.22:138][185]LogConfig: Setting CVar [[r.DOF.Gather.EnableBokehSettings:0       ; no bokeh simulation when gathering]]
[2022.03.26-12.46.22:138][185]LogConfig: Setting CVar [[r.DOF.Gather.RingCount:4                 ; medium number of samples when gathering]]
[2022.03.26-12.46.22:138][185]LogConfig: Setting CVar [[r.DOF.Scatter.ForegroundCompositing:1    ; additive foreground scattering]]
[2022.03.26-12.46.22:138][185]LogConfig: Setting CVar [[r.DOF.Scatter.BackgroundCompositing:2    ; additive background scattering]]
[2022.03.26-12.46.22:138][185]LogConfig: Setting CVar [[r.DOF.Scatter.EnableBokehSettings:1      ; bokeh simulation when scattering]]
[2022.03.26-12.46.22:138][185]LogConfig: Setting CVar [[r.DOF.Scatter.MaxSpriteRatio:0.1         ; only a maximum of 10% of scattered bokeh]]
[2022.03.26-12.46.22:138][185]LogConfig: Setting CVar [[r.DOF.Recombine.Quality:1                ; cheap slight out of focus]]
[2022.03.26-12.46.22:138][185]LogConfig: Setting CVar [[r.DOF.Recombine.EnableBokehSettings:0    ; no bokeh simulation on slight out of focus]]
[2022.03.26-12.46.22:138][185]LogConfig: Setting CVar [[r.DOF.TemporalAAQuality:1                ; more stable temporal accumulation]]
[2022.03.26-12.46.22:138][185]LogConfig: Setting CVar [[r.DOF.Kernel.MaxForegroundRadius:0.025]]
[2022.03.26-12.46.22:138][185]LogConfig: Setting CVar [[r.DOF.Kernel.MaxBackgroundRadius:0.025]]
[2022.03.26-12.46.22:138][185]LogConfig: Applying CVar settings from Section [TextureQuality@3] File [C:/Diplomna Rabota/Saved/Config/Windows/Scalability.ini]
[2022.03.26-12.46.22:138][185]LogConfig: Setting CVar [[r.Streaming.MipBias:0]]
[2022.03.26-12.46.22:138][185]LogConfig: Setting CVar [[r.Streaming.AmortizeCPUToGPUCopy:0]]
[2022.03.26-12.46.22:138][185]LogConfig: Setting CVar [[r.Streaming.MaxNumTexturesToStreamPerFrame:0]]
[2022.03.26-12.46.22:138][185]LogConfig: Setting CVar [[r.Streaming.Boost:1]]
[2022.03.26-12.46.22:138][185]LogConfig: Setting CVar [[r.MaxAnisotropy:8]]
[2022.03.26-12.46.22:138][185]LogConfig: Setting CVar [[r.VT.MaxAnisotropy:8]]
[2022.03.26-12.46.22:138][185]LogConfig: Setting CVar [[r.Streaming.LimitPoolSizeToVRAM:0]]
[2022.03.26-12.46.22:138][185]LogConfig: Setting CVar [[r.Streaming.PoolSize:1000]]
[2022.03.26-12.46.22:138][185]LogConfig: Setting CVar [[r.Streaming.MaxEffectiveScreenSize:0]]
[2022.03.26-12.46.22:138][185]LogConfig: Applying CVar settings from Section [EffectsQuality@3] File [C:/Diplomna Rabota/Saved/Config/Windows/Scalability.ini]
[2022.03.26-12.46.22:138][185]LogConfig: Setting CVar [[r.TranslucencyLightingVolumeDim:64]]
[2022.03.26-12.46.22:138][185]LogConfig: Setting CVar [[r.RefractionQuality:2]]
[2022.03.26-12.46.22:138][185]LogConfig: Setting CVar [[r.SSR.Quality:3]]
[2022.03.26-12.46.22:138][185]LogConfig: Setting CVar [[r.SSR.HalfResSceneColor:0]]
[2022.03.26-12.46.22:138][185]LogConfig: Setting CVar [[r.SceneColorFormat:4]]
[2022.03.26-12.46.22:138][185]LogConfig: Setting CVar [[r.DetailMode:2]]
[2022.03.26-12.46.22:138][185]LogConfig: Setting CVar [[r.TranslucencyVolumeBlur:1]]
[2022.03.26-12.46.22:138][185]LogConfig: Setting CVar [[r.MaterialQualityLevel:1 ; High quality]]
[2022.03.26-12.46.22:138][185]LogConfig: Setting CVar [[r.AnisotropicMaterials:1]]
[2022.03.26-12.46.22:138][185]LogConfig: Setting CVar [[r.SSS.Scale:1]]
[2022.03.26-12.46.22:138][185]LogConfig: Setting CVar [[r.SSS.SampleSet:2]]
[2022.03.26-12.46.22:138][185]LogConfig: Setting CVar [[r.SSS.Quality:1]]
[2022.03.26-12.46.22:138][185]LogConfig: Setting CVar [[r.SSS.HalfRes:0]]
[2022.03.26-12.46.22:138][185]LogConfig: Setting CVar [[r.SSGI.Quality:3]]
[2022.03.26-12.46.22:138][185]LogConfig: Setting CVar [[r.EmitterSpawnRateScale:1.0]]
[2022.03.26-12.46.22:138][185]LogConfig: Setting CVar [[r.ParticleLightQuality:2]]
[2022.03.26-12.46.22:138][185]LogConfig: Setting CVar [[r.SkyAtmosphere.AerialPerspectiveLUT.FastApplyOnOpaque:1 ; Always have FastSkyLUT 1 in this case to avoid wrong sky]]
[2022.03.26-12.46.22:138][185]LogConfig: Setting CVar [[r.SkyAtmosphere.AerialPerspectiveLUT.SampleCountMaxPerSlice:4]]
[2022.03.26-12.46.22:138][185]LogConfig: Setting CVar [[r.SkyAtmosphere.AerialPerspectiveLUT.DepthResolution:16.0]]
[2022.03.26-12.46.22:138][185]LogConfig: Setting CVar [[r.SkyAtmosphere.FastSkyLUT:1]]
[2022.03.26-12.46.22:138][185]LogConfig: Setting CVar [[r.SkyAtmosphere.FastSkyLUT.SampleCountMin:4.0]]
[2022.03.26-12.46.22:138][185]LogConfig: Setting CVar [[r.SkyAtmosphere.FastSkyLUT.SampleCountMax:128.0]]
[2022.03.26-12.46.22:138][185]LogConfig: Setting CVar [[r.SkyAtmosphere.SampleCountMin:4.0]]
[2022.03.26-12.46.22:138][185]LogConfig: Setting CVar [[r.SkyAtmosphere.SampleCountMax:128.0]]
[2022.03.26-12.46.22:138][185]LogConfig: Setting CVar [[r.SkyAtmosphere.TransmittanceLUT.UseSmallFormat:0]]
[2022.03.26-12.46.22:138][185]LogConfig: Setting CVar [[r.SkyAtmosphere.TransmittanceLUT.SampleCount:10.0]]
[2022.03.26-12.46.22:138][185]LogConfig: Setting CVar [[r.SkyAtmosphere.MultiScatteringLUT.SampleCount:15.0]]
[2022.03.26-12.46.22:138][185]LogConfig: Setting CVar [[r.SkyLight.RealTimeReflectionCapture:1]]
[2022.03.26-12.46.22:138][185]LogConfig: Setting CVar [[fx.Niagara.QualityLevel:3]]
[2022.03.26-12.46.22:138][185]LogConfig: Applying CVar settings from Section [FoliageQuality@3] File [C:/Diplomna Rabota/Saved/Config/Windows/Scalability.ini]
[2022.03.26-12.46.22:138][185]LogConfig: Setting CVar [[foliage.DensityScale:1.0]]
[2022.03.26-12.46.22:138][185]LogConfig: Setting CVar [[grass.DensityScale:1.0]]
[2022.03.26-12.46.22:138][185]LogConfig: Applying CVar settings from Section [ShadingQuality@3] File [C:/Diplomna Rabota/Saved/Config/Windows/Scalability.ini]
[2022.03.26-12.46.22:138][185]LogConfig: Setting CVar [[r.HairStrands.SkyLighting.IntegrationType:2]]
[2022.03.26-12.46.22:138][185]LogConfig: Setting CVar [[r.HairStrands.SkyAO.SampleCount:4]]
[2022.03.26-12.46.22:138][185]LogConfig: Setting CVar [[r.HairStrands.Visibility.MSAA.SamplePerPixel:4]]
[2022.03.26-12.46.23:288][303]LogViewport: Display: Viewport MouseLockMode Changed, DoNotLock -> LockOnCapture
[2022.03.26-12.46.23:288][303]LogViewport: Display: Viewport MouseCaptureMode Changed, NoCapture -> CapturePermanently
[2022.03.26-12.46.23:288][303]LogNet: Browse: /Game/ThirdPersonBP/Maps/LobbyMap/LobbyMap
[2022.03.26-12.46.23:288][303]LogLoad: LoadMap: /Game/ThirdPersonBP/Maps/LobbyMap/LobbyMap
[2022.03.26-12.46.23:288][303]LogWorld: BeginTearingDown for /Game/ThirdPersonBP/Maps/MainMenuMap/MainMenuMap
[2022.03.26-12.46.23:289][303]LogWorld: UWorld::CleanupWorld for MainMenuMap, bSessionEnded=true, bCleanupResources=true
[2022.03.26-12.46.23:289][303]LogSlate: InvalidateAllWidgets triggered.  All widgets were invalidated
[2022.03.26-12.46.23:325][303]LogAudio: Display: Waited 35.572701 ms for audio thread.
[2022.03.26-12.46.23:330][303]LogAudio: Display: Waited 40.762398 ms for audio thread.
[2022.03.26-12.46.23:334][303]LogAudio: Display: Audio Device unregistered from world 'None'.
[2022.03.26-12.46.23:348][303]LogUObjectHash: Compacting FUObjectHashTables data took   0.72ms
[2022.03.26-12.46.24:033][303]LogAudio: Display: Audio Device (ID: 1) registered with world 'LobbyMap'.
[2022.03.26-12.46.24:034][303]LogAIModule: Creating AISystem for world LobbyMap
[2022.03.26-12.46.24:036][303]LogLoad: Game class is 'ThirdPersonGameMode_C'
[2022.03.26-12.46.24:040][303]LogWorld: Bringing World /Game/ThirdPersonBP/Maps/LobbyMap/LobbyMap.LobbyMap up for play (max tick rate 0) at 2022.03.26-14.46.24
[2022.03.26-12.46.24:040][303]LogWorld: Bringing up level for play took: 0.004133
[2022.03.26-12.46.24:044][303]LogLoad: Took 0.755310 seconds to LoadMap(/Game/ThirdPersonBP/Maps/LobbyMap/LobbyMap)
[2022.03.26-12.46.24:081][305]LogD3D12RHI: Creating RT View Heap with 250000 entries
[2022.03.26-12.46.24:091][305]LogD3D12RHI: Creating RT Sampler Heap with 2048 entries
[2022.03.26-12.46.28:320][544]LogNet: Browse: /Game/ThirdPersonBP/Maps/Arena/ArenaMap
[2022.03.26-12.46.28:320][544]LogLoad: LoadMap: /Game/ThirdPersonBP/Maps/Arena/ArenaMap
[2022.03.26-12.46.28:321][544]LogWorld: BeginTearingDown for /Game/ThirdPersonBP/Maps/LobbyMap/LobbyMap
[2022.03.26-12.46.28:321][544]LogWorld: UWorld::CleanupWorld for LobbyMap, bSessionEnded=true, bCleanupResources=true
[2022.03.26-12.46.28:321][544]LogSlate: InvalidateAllWidgets triggered.  All widgets were invalidated
[2022.03.26-12.46.28:360][544]LogAudio: Display: Waited 38.371700 ms for audio thread.
[2022.03.26-12.46.28:366][544]LogAudio: Display: Audio Device unregistered from world 'None'.
[2022.03.26-12.46.28:379][544]LogUObjectHash: Compacting FUObjectHashTables data took   0.55ms
[2022.03.26-12.46.29:021][544]LogAudio: Display: Audio Device (ID: 1) registered with world 'ArenaMap'.
[2022.03.26-12.46.29:021][544]LogAIModule: Creating AISystem for world ArenaMap
[2022.03.26-12.46.29:024][544]LogLoad: Game class is 'ThirdPersonGameMode_C'
[2022.03.26-12.46.29:028][544]LogWorld: Bringing World /Game/ThirdPersonBP/Maps/Arena/ArenaMap.ArenaMap up for play (max tick rate 0) at 2022.03.26-14.46.29
[2022.03.26-12.46.29:028][544]LogWorld: Bringing up level for play took: 0.003964
[2022.03.26-12.46.29:034][544]LogLoad: Took 0.713883 seconds to LoadMap(/Game/ThirdPersonBP/Maps/Arena/ArenaMap)
[2022.03.26-12.46.29:058][546]LogD3D12RHI: Creating RT View Heap with 250000 entries
[2022.03.26-12.46.29:074][546]LogD3D12RHI: Creating RT Sampler Heap with 2048 entries
[2022.03.26-12.46.29:074][546]LogD3D12RHI: Creating RT View Heap with 250000 entries
[2022.03.26-12.46.29:090][546]LogD3D12RHI: Creating RT Sampler Heap with 2048 entries
[2022.03.26-12.46.31:147][658]LogBlueprintUserMessages: [SpawnerDirector_2] 0.674287
[2022.03.26-12.46.31:147][658]LogBlueprintUserMessages: [SpawnerDirector_2] 0.993931
[2022.03.26-12.46.32:630][735]LogBlueprintUserMessages: [BasicSword_GEN_VARIABLE_BasicEnemySwordWeapon_C_CAT_1] SwordActive
[2022.03.26-12.46.32:670][737]LogBlueprintUserMessages: [BasicSword_GEN_VARIABLE_BasicEnemySwordWeapon_C_CAT_1] Has overlaped!!!!
[2022.03.26-12.46.32:751][741]LogBlueprintUserMessages: [BasicSword_GEN_VARIABLE_BasicEnemySwordWeapon_C_CAT_1] SwordDeactive
[2022.03.26-12.46.33:648][787]LogBlueprintUserMessages: [SpawnerDirector_2] 0.96668
[2022.03.26-12.46.33:648][787]LogBlueprintUserMessages: [SpawnerDirector_2] 0.98528
[2022.03.26-12.46.36:152][917]LogBlueprintUserMessages: [SpawnerDirector_2] 0.587326
[2022.03.26-12.46.36:152][917]LogBlueprintUserMessages: [SpawnerDirector_2] 0.409288
[2022.03.26-12.46.36:438][932]LogBlueprintUserMessages: [BasicSword_GEN_VARIABLE_BasicEnemySwordWeapon_C_CAT_1] SwordActive
[2022.03.26-12.46.36:457][933]LogBlueprintUserMessages: [BasicSword_GEN_VARIABLE_BasicEnemySwordWeapon_C_CAT_1] Has overlaped!!!!
[2022.03.26-12.46.36:476][934]LogBlueprintUserMessages: [BasicSword_GEN_VARIABLE_BasicEnemySwordWeapon_C_CAT_1] Has overlaped!!!!
[2022.03.26-12.46.36:533][937]LogBlueprintUserMessages: [BasicSword_GEN_VARIABLE_BasicEnemySwordWeapon_C_CAT_1] Has overlaped!!!!
[2022.03.26-12.46.36:551][938]LogBlueprintUserMessages: [BasicSword_GEN_VARIABLE_BasicEnemySwordWeapon_C_CAT_1] SwordDeactive
[2022.03.26-12.46.36:608][941]LogWindowsTextInputMethodSystem: Display: IME system deactivated.
[2022.03.26-12.46.36:608][941]LogWindowsTextInputMethodSystem: Display: IME system deactivated.
[2022.03.26-12.46.37:328][979]LogWindowsTextInputMethodSystem: Display: IME system deactivated.
[2022.03.26-12.46.37:328][979]LogWindowsTextInputMethodSystem: Display: IME system deactivated.
[2022.03.26-12.46.37:423][984]LogWindowsTextInputMethodSystem: Display: IME system deactivated.
[2022.03.26-12.46.37:423][984]LogWindowsTextInputMethodSystem: Display: IME system deactivated.
[2022.03.26-12.46.37:828][  6]LogWindowsTextInputMethodSystem: Display: IME system deactivated.
[2022.03.26-12.46.37:829][  6]LogWindowsTextInputMethodSystem: Display: IME system deactivated.
[2022.03.26-12.46.38:104][ 21]LogWindowsTextInputMethodSystem: Display: IME system deactivated.
[2022.03.26-12.46.38:104][ 21]LogWindowsTextInputMethodSystem: Display: IME system deactivated.
[2022.03.26-12.46.38:140][ 23]LogBlueprintUserMessages: [BasicSword_GEN_VARIABLE_BasicEnemySwordWeapon_C_CAT_0] SwordActive
[2022.03.26-12.46.38:248][ 29]LogBlueprintUserMessages: [BasicSword_GEN_VARIABLE_BasicEnemySwordWeapon_C_CAT_0] SwordDeactive
[2022.03.26-12.46.38:376][ 36]LogWindowsTextInputMethodSystem: Display: IME system deactivated.
[2022.03.26-12.46.38:376][ 36]LogWindowsTextInputMethodSystem: Display: IME system deactivated.
[2022.03.26-12.46.38:468][ 41]LogWindowsTextInputMethodSystem: Display: IME system deactivated.
[2022.03.26-12.46.38:468][ 41]LogWindowsTextInputMethodSystem: Display: IME system deactivated.
[2022.03.26-12.46.38:655][ 51]LogBlueprintUserMessages: [SpawnerDirector_2] 0.958991
[2022.03.26-12.46.38:655][ 51]LogBlueprintUserMessages: [SpawnerDirector_2] 0.926016
[2022.03.26-12.46.39:763][109]LogWindowsTextInputMethodSystem: Display: IME system deactivated.
[2022.03.26-12.46.39:763][109]LogWindowsTextInputMethodSystem: Display: IME system deactivated.
[2022.03.26-12.46.41:148][181]LogBlueprintUserMessages: [SpawnerDirector_2] 0.915055
[2022.03.26-12.46.41:148][181]LogBlueprintUserMessages: [SpawnerDirector_2] 0.857426
[2022.03.26-12.46.41:964][223]LogViewport: Display: Viewport MouseLockMode Changed, LockOnCapture -> DoNotLock
[2022.03.26-12.46.41:964][223]LogViewport: Display: Viewport MouseCaptureMode Changed, CapturePermanently -> NoCapture
[2022.03.26-12.46.42:760][264]Closing by request
[2022.03.26-12.46.42:760][264]LogWindows: FPlatformMisc::RequestExit(0)
[2022.03.26-12.46.42:760][264]LogWindows: FPlatformMisc::RequestExitWithStatus(0, 0)
[2022.03.26-12.46.42:760][264]LogCore: Engine exit requested (reason: Win RequestExit)
[2022.03.26-12.46.42:779][265]LogCore: Engine exit requested (reason: EngineExit() was called; note: exit was already requested)
[2022.03.26-12.46.42:779][265]LogInit: Display: PreExit Game.
[2022.03.26-12.46.42:780][265]LogWorld: BeginTearingDown for /Game/ThirdPersonBP/Maps/Arena/ArenaMap
[2022.03.26-12.46.42:780][265]LogWorld: UWorld::CleanupWorld for ArenaMap, bSessionEnded=true, bCleanupResources=true
[2022.03.26-12.46.42:781][265]LogSlate: InvalidateAllWidgets triggered.  All widgets were invalidated
[2022.03.26-12.46.42:914][265]LogAudio: Display: Beginning Audio Device Manager Shutdown (Module: AudioMixerXAudio2)...
[2022.03.26-12.46.42:914][265]LogAudio: Display: Destroying 1 Remaining Audio Device(s)...
[2022.03.26-12.46.42:914][265]LogAudio: Display: Audio Device unregistered from world 'ArenaMap'.
[2022.03.26-12.46.42:915][265]LogAudioMixer: FMixerPlatformXAudio2::StopAudioStream() called
[2022.03.26-12.46.42:916][265]LogAudioMixer: FMixerPlatformXAudio2::StopAudioStream() called
[2022.03.26-12.46.42:918][265]LogAudio: Display: Audio Device Manager Shutdown
[2022.03.26-12.46.42:925][265]LogSlate: Window 'DiplomnaRabota1 (64-bit Development PCD3D_SM5) ' being destroyed
[2022.03.26-12.46.42:925][265]LogWindowsTextInputMethodSystem: Display: IME system deactivated.
[2022.03.26-12.46.42:929][265]LogWindowsTextInputMethodSystem: Display: IME system deactivated.
[2022.03.26-12.46.42:935][265]LogExit: Preparing to exit.
[2022.03.26-12.46.43:646][265]LogUObjectHash: Compacting FUObjectHashTables data took   0.82ms
[2022.03.26-12.46.43:667][265]LogMoviePlayer: Shutting down movie player
[2022.03.26-12.46.43:749][265]LogSlate: Updating window title bar state: overlay mode, drag disabled, window buttons hidden, title bar hidden
[2022.03.26-12.46.43:770][265]LogDemo: Cleaned up 0 splitscreen connections with owner deletion
[2022.03.26-12.46.43:773][265]LogExit: Game engine shut down
[2022.03.26-12.46.43:806][265]LogExit: Object subsystem successfully closed.
[2022.03.26-12.46.43:816][265]LogShaderCompilers: Display: === FShaderJobCache stats ===
[2022.03.26-12.46.43:816][265]LogShaderCompilers: Display: Total job queries 0, among them cache hits 0 (0.00%)
[2022.03.26-12.46.43:816][265]LogShaderCompilers: Display: Tracking 0 distinct input hashes that result in 0 distinct outputs (0.00%)
[2022.03.26-12.46.43:816][265]LogShaderCompilers: Display: RAM used: 0.00 MB (0.00 GB) of 819.20 MB (0.80 GB) budget. Usage: 0.00%
[2022.03.26-12.46.43:816][265]LogShaderCompilers: Display: ================================================
[2022.03.26-12.46.43:827][265]LogShaderCompilers: Display: Shaders left to compile 0
[2022.03.26-12.46.43:842][265]LogModuleManager: Shutting down and abandoning module SequenceRecorderSections (560)
[2022.03.26-12.46.43:842][265]LogModuleManager: Shutting down and abandoning module SequenceRecorder (558)
[2022.03.26-12.46.43:842][265]LogModuleManager: Shutting down and abandoning module AutomationController (556)
[2022.03.26-12.46.43:842][265]LogModuleManager: Shutting down and abandoning module AutomationWorker (554)
[2022.03.26-12.46.43:842][265]LogModuleManager: Shutting down and abandoning module Voice (552)
[2022.03.26-12.46.43:842][265]LogModuleManager: Shutting down and abandoning module AIModule (550)
[2022.03.26-12.46.43:842][265]LogModuleManager: Shutting down and abandoning module GameplayDebugger (549)
[2022.03.26-12.46.43:842][265]LogModuleManager: Shutting down and abandoning module AITestSuite (547)
[2022.03.26-12.46.43:842][265]LogModuleManager: Shutting down and abandoning module NavigationSystem (545)
[2022.03.26-12.46.43:842][265]LogModuleManager: Shutting down and abandoning module AnimGraph (542)
[2022.03.26-12.46.43:842][265]LogModuleManager: Shutting down and abandoning module SteamVREditor (540)
[2022.03.26-12.46.43:842][265]LogModuleManager: Shutting down and abandoning module ToolMenus (539)
[2022.03.26-12.46.43:842][265]LogModuleManager: Shutting down and abandoning module OculusMR (536)
[2022.03.26-12.46.43:842][265]LogModuleManager: Shutting down and abandoning module TakeRecorderSources (534)
[2022.03.26-12.46.43:842][265]LogModuleManager: Shutting down and abandoning module TakeRecorder (533)
[2022.03.26-12.46.43:842][265]LogModuleManager: Shutting down and abandoning module TakeTrackRecorders (530)
[2022.03.26-12.46.43:842][265]LogModuleManager: Shutting down and abandoning module TakesCore (528)
[2022.03.26-12.46.43:842][265]LogModuleManager: Shutting down and abandoning module OpenXRInput (526)
[2022.03.26-12.46.43:842][265]LogModuleManager: Shutting down and abandoning module WmfMediaFactory (524)
[2022.03.26-12.46.43:842][265]LogModuleManager: Shutting down and abandoning module WebMMediaFactory (522)
[2022.03.26-12.46.43:842][265]LogModuleManager: Shutting down and abandoning module WebMMedia (520)
[2022.03.26-12.46.43:842][265]LogModuleManager: Shutting down and abandoning module OpenExrWrapper (518)
[2022.03.26-12.46.43:842][265]LogModuleManager: Shutting down and abandoning module ImgMediaFactory (516)
[2022.03.26-12.46.43:842][265]LogModuleManager: Shutting down and abandoning module AvfMediaFactory (514)
[2022.03.26-12.46.43:842][265]LogModuleManager: Shutting down and abandoning module MagicLeapMediaCodecFactory (512)
[2022.03.26-12.46.43:842][265]LogModuleManager: Shutting down and abandoning module MagicLeapMediaFactory (510)
[2022.03.26-12.46.43:842][265]LogModuleManager: Shutting down and abandoning module PlanarCut (508)
[2022.03.26-12.46.43:842][265]LogModuleManager: Shutting down and abandoning module CharacterAI (506)
[2022.03.26-12.46.43:842][265]LogModuleManager: Shutting down and abandoning module SessionServices (504)
[2022.03.26-12.46.43:842][265]LogModuleManager: Shutting down and abandoning module MovieSceneCapture (502)
[2022.03.26-12.46.43:842][265]LogModuleManager: Shutting down and abandoning module LiveCoding (500)
[2022.03.26-12.46.43:842][265]LogModuleManager: Shutting down and abandoning module LevelSequence (498)
[2022.03.26-12.46.43:842][265]LogModuleManager: Shutting down and abandoning module MovieSceneTracks (496)
[2022.03.26-12.46.43:842][265]LogModuleManager: Shutting down and abandoning module MovieScene (494)
[2022.03.26-12.46.43:842][265]LogModuleManager: Shutting down and abandoning module StreamingPauseRendering (492)
[2022.03.26-12.46.43:842][265]LogModuleManager: Shutting down and abandoning module PortalServices (490)
[2022.03.26-12.46.43:842][265]LogModuleManager: Shutting down and abandoning module PortalRpc (488)
[2022.03.26-12.46.43:842][265]LogModuleManager: Shutting down and abandoning module MessagingRpc (486)
[2022.03.26-12.46.43:842][265]LogModuleManager: Shutting down and abandoning module AudioMixerXAudio2 (484)
[2022.03.26-12.46.43:842][265]LogModuleManager: Shutting down and abandoning module AudioMixerCore (483)
[2022.03.26-12.46.43:842][265]LogModuleManager: Shutting down and abandoning module ImageWriteQueue (480)
[2022.03.26-12.46.43:845][265]LogModuleManager: Shutting down and abandoning module ProfilerService (478)
[2022.03.26-12.46.43:908][265]LogModuleManager: Shutting down and abandoning module TaskGraph (476)
[2022.03.26-12.46.43:908][265]LogModuleManager: Shutting down and abandoning module OculusInput (474)
[2022.03.26-12.46.43:908][265]LogModuleManager: Shutting down and abandoning module OodleNetworkHandlerComponent (472)
[2022.03.26-12.46.43:908][265]LogModuleManager: Shutting down and abandoning module Synthesis (470)
[2022.03.26-12.46.43:908][265]LogModuleManager: Shutting down and abandoning module TakeMovieScene (468)
[2022.03.26-12.46.43:908][265]LogModuleManager: Shutting down and abandoning module ProceduralMeshComponent (466)
[2022.03.26-12.46.43:908][265]LogModuleManager: Shutting down and abandoning module MobilePatchingUtils (464)
[2022.03.26-12.46.43:908][265]LogModuleManager: Shutting down and abandoning module AndroidPermission (462)
[2022.03.26-12.46.43:908][265]LogModuleManager: Shutting down and abandoning module GooglePAD (460)
[2022.03.26-12.46.43:908][265]LogModuleManager: Shutting down and abandoning module EditableMesh (458)
[2022.03.26-12.46.43:908][265]LogModuleManager: Shutting down and abandoning module CustomMeshComponent (456)
[2022.03.26-12.46.43:908][265]LogModuleManager: Shutting down and abandoning module CableComponent (454)
[2022.03.26-12.46.43:908][265]LogModuleManager: Shutting down and abandoning module AudioCapture (452)
[2022.03.26-12.46.43:908][265]LogModuleManager: Shutting down and abandoning module AudioCaptureRtAudio (451)
[2022.03.26-12.46.43:908][265]LogModuleManager: Shutting down and abandoning module AssetTags (448)
[2022.03.26-12.46.43:908][265]LogModuleManager: Shutting down and abandoning module ArchVisCharacter (446)
[2022.03.26-12.46.43:908][265]LogModuleManager: Shutting down and abandoning module AppleImageUtilsBlueprintSupport (444)
[2022.03.26-12.46.43:908][265]LogModuleManager: Shutting down and abandoning module AppleImageUtils (442)
[2022.03.26-12.46.43:908][265]LogModuleManager: Shutting down and abandoning module ActorLayerUtilities (440)
[2022.03.26-12.46.43:908][265]LogModuleManager: Shutting down and abandoning module TemplateSequence (438)
[2022.03.26-12.46.43:908][265]LogModuleManager: Shutting down and abandoning module MediaCompositing (436)
[2022.03.26-12.46.43:908][265]LogModuleManager: Shutting down and abandoning module ImgMedia (434)
[2022.03.26-12.46.43:908][265]LogModuleManager: Shutting down and abandoning module MagicLeapSharedWorld (432)
[2022.03.26-12.46.43:908][265]LogModuleManager: Shutting down and abandoning module MagicLeapLightEstimation (430)
[2022.03.26-12.46.43:908][265]LogModuleManager: Shutting down and abandoning module MagicLeapHelperVulkan (428)
[2022.03.26-12.46.43:908][265]LogModuleManager: Shutting down and abandoning module MagicLeapHelperOpenGL (426)
[2022.03.26-12.46.43:908][265]LogModuleManager: Shutting down and abandoning module MagicLeapAudio (424)
[2022.03.26-12.46.43:908][265]LogModuleManager: Shutting down and abandoning module OpenImageDenoise (422)
[2022.03.26-12.46.43:908][265]LogOpenImageDenoise: OIDN shutting down
[2022.03.26-12.46.43:908][265]LogModuleManager: Shutting down and abandoning module MotoSynth (420)
[2022.03.26-12.46.43:909][265]LogModuleManager: Shutting down and abandoning module MeshConversion (418)
[2022.03.26-12.46.43:909][265]LogModuleManager: Shutting down and abandoning module DynamicMesh (416)
[2022.03.26-12.46.43:909][265]LogModuleManager: Shutting down and abandoning module GeometryAlgorithms (414)
[2022.03.26-12.46.43:909][265]LogModuleManager: Shutting down and abandoning module GeometricObjects (412)
[2022.03.26-12.46.43:909][265]LogModuleManager: Shutting down and abandoning module VisualStudioCodeSourceCodeAccess (410)
[2022.03.26-12.46.43:909][265]LogModuleManager: Shutting down and abandoning module VisualStudioSourceCodeAccess (408)
[2022.03.26-12.46.43:909][265]LogModuleManager: Shutting down and abandoning module HotReload (407)
[2022.03.26-12.46.43:909][265]LogModuleManager: Shutting down and abandoning module UObjectPlugin (404)
[2022.03.26-12.46.43:909][265]LogModuleManager: Shutting down and abandoning module SubversionSourceControl (402)
[2022.03.26-12.46.43:909][265]LogModuleManager: Shutting down and abandoning module GeometryCollectionTracks (400)
[2022.03.26-12.46.43:909][265]LogModuleManager: Shutting down and abandoning module GeometryCollectionSequencer (399)
[2022.03.26-12.46.43:909][265]LogModuleManager: Shutting down and abandoning module GeometryCacheTracks (396)
[2022.03.26-12.46.43:909][265]LogModuleManager: Shutting down and abandoning module GeometryCacheSequencer (395)
[2022.03.26-12.46.43:909][265]LogModuleManager: Shutting down and abandoning module GeometryCache (392)
[2022.03.26-12.46.43:909][265]LogModuleManager: Shutting down and abandoning module GeometryCacheEd (391)
[2022.03.26-12.46.43:909][265]LogModuleManager: Shutting down and abandoning module PerforceSourceControl (388)
[2022.03.26-12.46.43:909][265]LogModuleManager: Shutting down and abandoning module SourceControl (387)
[2022.03.26-12.46.43:909][265]LogModuleManager: Shutting down and abandoning module ChaosNiagara (384)
[2022.03.26-12.46.43:909][265]LogModuleManager: Shutting down and abandoning module FieldSystemEngine (383)
[2022.03.26-12.46.43:909][265]LogModuleManager: Shutting down and abandoning module BackChannel (380)
[2022.03.26-12.46.43:909][265]LogModuleManager: Shutting down and abandoning module AutomationUtils (378)
[2022.03.26-12.46.43:909][265]LogModuleManager: Shutting down and abandoning module CLionSourceCodeAccess (376)
[2022.03.26-12.46.43:909][265]LogModuleManager: Shutting down and abandoning module LiveLinkSequencer (374)
[2022.03.26-12.46.43:909][265]LogModuleManager: Shutting down and abandoning module LiveLinkMovieScene (372)
[2022.03.26-12.46.43:909][265]LogModuleManager: Shutting down and abandoning module LiveLinkGraphNode (370)
[2022.03.26-12.46.43:909][265]LogModuleManager: Shutting down and abandoning module LiveLinkComponents (368)
[2022.03.26-12.46.43:909][265]LogModuleManager: Shutting down and abandoning module LiveLink (366)
