Log file open, 03/09/22 08:42:26
LogWindows: Failed to load 'aqProf.dll' (GetLastError=126)
LogWindows: File 'aqProf.dll' does not exist
LogWindows: Failed to load 'VtuneApi.dll' (GetLastError=126)
LogWindows: File 'VtuneApi.dll' does not exist
LogWindows: Failed to load 'VtuneApi32e.dll' (GetLastError=126)
LogWindows: File 'VtuneApi32e.dll' does not exist
LogConsoleResponse: Display: Failed to find resolution value strings in scalability ini. Falling back to default.
LogConsoleResponse: Display: Failed to find resolution value strings in scalability ini. Falling back to default.
LogInit: Display: Running engine for game: DiplomnaRabota1
LogPlatformFile: Not using cached read wrapper
LogTaskGraph: Started task graph with 5 named threads and 35 total threads with 3 sets of task threads.
LogStats: Stats thread started at 0.204328
LogICUInternationalization: ICU TimeZone Detection - Raw Offset: +2:00, Platform Override: ''
LogInit: Display: Loading text-based GConfig....
LogPluginManager: Mounting plugin MeshPainting
LogPluginManager: Mounting plugin XGEController
LogPluginManager: Mounting plugin Paper2D
LogPluginManager: Mounting plugin EnvironmentQueryEditor
LogPluginManager: Mounting plugin AISupport
LogPluginManager: Mounting plugin LightPropagationVolume
LogPluginManager: Mounting plugin CameraShakePreviewer
LogPluginManager: Mounting plugin LiveLink
LogPluginManager: Mounting plugin GameplayCameras
LogPluginManager: Mounting plugin OodleNetwork
LogPluginManager: Mounting plugin OodleData
LogPluginManager: Mounting plugin DatasmithContent
LogPluginManager: Mounting plugin Niagara
LogPluginManager: Mounting plugin AnimationSharing
LogPluginManager: Mounting plugin CLionSourceCodeAccess
LogPluginManager: Mounting plugin AlembicImporter
LogPluginManager: Mounting plugin VariantManagerContent
LogPluginManager: Mounting plugin LuminPlatformFeatures
LogPluginManager: Mounting plugin AssetManagerEditor
LogPluginManager: Mounting plugin CodeLiteSourceCodeAccess
LogPluginManager: Mounting plugin MagicLeap
LogPluginManager: Mounting plugin AutomationUtils
LogPluginManager: Mounting plugin BackChannel
LogPluginManager: Mounting plugin KDevelopSourceCodeAccess
LogPluginManager: Mounting plugin NullSourceCodeAccess
LogPluginManager: Mounting plugin PerforceSourceControl
LogPluginManager: Mounting plugin MagicLeapLightEstimation
LogPluginManager: Mounting plugin PixWinPlugin
LogPluginManager: Mounting plugin ChaosCloth
LogPluginManager: Mounting plugin PlasticSourceControl
LogPluginManager: Mounting plugin ChaosClothEditor
LogPluginManager: Mounting plugin PluginUtils
LogPluginManager: Mounting plugin MagicLeapMedia
LogPluginManager: Mounting plugin PropertyAccessNode
LogPluginManager: Mounting plugin ChaosEditor
LogPluginManager: Mounting plugin ChaosNiagara
LogPluginManager: Mounting plugin ChaosSolverPlugin
LogPluginManager: Mounting plugin RiderSourceCodeAccess
LogPluginManager: Mounting plugin MagicLeapPassableWorld
LogPluginManager: Mounting plugin SubversionSourceControl
LogPluginManager: Mounting plugin GitSourceControl
LogPluginManager: Mounting plugin TextureFormatOodle
LogPluginManager: Mounting plugin MLSDK
LogPluginManager: Mounting plugin UObjectPlugin
LogPluginManager: Mounting plugin CharacterAI
LogPluginManager: Mounting plugin AndroidMedia
LogPluginManager: Mounting plugin VisualStudioSourceCodeAccess
LogPluginManager: Mounting plugin XCodeSourceCodeAccess
LogPluginManager: Mounting plugin AvfMedia
LogPluginManager: Mounting plugin GeometryCache
LogPluginManager: Mounting plugin CryptoKeys
LogPluginManager: Mounting plugin CurveEditorTools
LogPluginManager: Mounting plugin DataValidation
LogPluginManager: Mounting plugin FacialAnimation
LogPluginManager: Mounting plugin GameplayTagsEditor
LogPluginManager: Mounting plugin GeometryCollectionPlugin
LogPluginManager: Mounting plugin GeometryMode
LogPluginManager: Mounting plugin MacGraphicsSwitching
LogPluginManager: Mounting plugin MobileLauncherProfileWizard
LogPluginManager: Mounting plugin MaterialAnalyzer
LogPluginManager: Mounting plugin PluginBrowser
LogPluginManager: Mounting plugin SpeedTreeImporter
LogPluginManager: Mounting plugin ImgMedia
LogPluginManager: Mounting plugin MediaCompositing
LogPluginManager: Mounting plugin MediaPlayerEditor
LogPluginManager: Mounting plugin WebMMedia
LogPluginManager: Mounting plugin GeometryProcessing
LogPluginManager: Mounting plugin WmfMedia
LogPluginManager: Mounting plugin MotoSynth
LogPluginManager: Mounting plugin OpenImageDenoise
LogPluginManager: Mounting plugin PlatformCrypto
LogPluginManager: Mounting plugin PlanarCut
LogPluginManager: Mounting plugin ProxyLODPlugin
LogPluginManager: Mounting plugin PythonScriptPlugin
LogPluginManager: Mounting plugin SkeletalReduction
LogPluginManager: Mounting plugin TcpMessaging
LogPluginManager: Mounting plugin UdpMessaging
LogPluginManager: Mounting plugin ActorSequence
LogPluginManager: Mounting plugin LevelSequenceEditor
LogPluginManager: Mounting plugin VisualStudioCodeSourceCodeAccess
LogPluginManager: Mounting plugin MatineeToLevelSequence
LogPluginManager: Mounting plugin TemplateSequence
LogPluginManager: Mounting plugin LauncherChunkInstaller
LogPluginManager: Mounting plugin ActorLayerUtilities
LogPluginManager: Mounting plugin AndroidDeviceProfileSelector
LogPluginManager: Mounting plugin AndroidMoviePlayer
LogPluginManager: Mounting plugin AndroidPermission
LogPluginManager: Mounting plugin AppleImageUtils
LogPluginManager: Mounting plugin AppleMoviePlayer
LogPluginManager: Mounting plugin AssetTags
LogPluginManager: Mounting plugin ArchVisCharacter
LogPluginManager: Mounting plugin AudioCapture
LogPluginManager: Mounting plugin AudioSynesthesia
LogPluginManager: Mounting plugin CableComponent
LogPluginManager: Mounting plugin CustomMeshComponent
LogPluginManager: Mounting plugin ChunkDownloader
LogPluginManager: Mounting plugin EditableMesh
LogPluginManager: Mounting plugin ExampleDeviceProfileSelector
LogPluginManager: Mounting plugin GoogleCloudMessaging
LogPluginManager: Mounting plugin GooglePAD
LogPluginManager: Mounting plugin ScreenshotTools
LogPluginManager: Mounting plugin OnlineSubsystem
LogPluginManager: Mounting plugin OnlineSubsystemNull
LogPluginManager: Mounting plugin OnlineSubsystemUtils
LogPluginManager: Mounting plugin IOSDeviceProfileSelector
LogPluginManager: Mounting plugin LinuxDeviceProfileSelector
LogPluginManager: Mounting plugin LocationServicesBPLibrary
LogPluginManager: Mounting plugin MobilePatchingUtils
LogPluginManager: Mounting plugin OpenXR
LogPluginManager: Mounting plugin OpenXREyeTracker
LogPluginManager: Mounting plugin OpenXRHandTracking
LogPluginManager: Mounting plugin PhysXVehicles
LogPluginManager: Mounting plugin PostSplashScreen
LogPluginManager: Mounting plugin ProceduralMeshComponent
LogPluginManager: Mounting plugin Takes
LogPluginManager: Mounting plugin PropertyAccessEditor
LogPluginManager: Mounting plugin RuntimePhysXCooking
LogPluginManager: Mounting plugin SignificanceManager
LogPluginManager: Mounting plugin SoundFields
LogPluginManager: Mounting plugin Synthesis
LogPluginManager: Mounting plugin WebMMoviePlayer
LogPluginManager: Mounting plugin WindowsMoviePlayer
LogPluginManager: Mounting plugin ContentBrowserClassDataSource
LogPluginManager: Mounting plugin ContentBrowserFileDataSource
LogPluginManager: Mounting plugin ContentBrowserAssetDataSource
LogPluginManager: Mounting plugin OnlineSubsystemGooglePlay
LogPluginManager: Mounting plugin OnlineSubsystemIOS
LogPluginManager: Mounting plugin OculusVR
LogPluginManager: Mounting plugin SteamVR
PixWinPlugin: PIX capture plugin failed to initialize! Check that the process is launched from PIX.
LogInit: Using libcurl 7.55.1-DEV
LogInit:  - built for x86_64-pc-win32
LogInit:  - supports SSL with OpenSSL/1.1.1
LogInit:  - supports HTTP deflate (compression) using libz 1.2.8
LogInit:  - other features:
LogInit:      CURL_VERSION_SSL
LogInit:      CURL_VERSION_LIBZ
LogInit:      CURL_VERSION_IPV6
LogInit:      CURL_VERSION_ASYNCHDNS
LogInit:      CURL_VERSION_LARGEFILE
LogInit:      CURL_VERSION_IDN
LogInit:  CurlRequestOptions (configurable via config and command line):
LogInit:  - bVerifyPeer = true  - Libcurl will verify peer certificate
LogInit:  - bUseHttpProxy = false  - Libcurl will NOT use HTTP proxy
LogInit:  - bDontReuseConnections = false  - Libcurl will reuse connections
LogInit:  - MaxHostConnections = 16  - Libcurl will limit the number of connections to a host
LogInit:  - LocalHostAddr = Default
LogInit:  - BufferSize = 65536
LogOnline: OSS: Creating online subsystem instance for: NULL
LogInit: WinSock: version 1.1 (2.2), MaxSocks=32767, MaxUdp=65467
LogOnline: OSS: TryLoadSubsystemAndSetDefault: Loaded subsystem for module [NULL]
LogOculusPluginWrapper: OculusPlugin initialized successfully
LogHMD: Failed initializing OVRPlugin 1.59.0
LogInit: Build: ++UE4+Release-4.27-CL-17735300
LogInit: Engine Version: 4.27.1-17735300+++UE4+Release-4.27
LogInit: Compatible Engine Version: 4.27.0-17155196+++UE4+Release-4.27
LogInit: Net CL: 17155196
LogInit: OS: Windows 10 (Release 2009) (), CPU: 11th Gen Intel(R) Core(TM) i5-11400H @ 2.70GHz, GPU: Intel(R) UHD Graphics
LogInit: Compiled (64-bit): Oct  6 2021 14:42:51
LogInit: Compiled with Visual C++: 19.24.28315.00
LogInit: Build Configuration: Development
LogInit: Branch Name: ++UE4+Release-4.27
LogInit: Command Line: 
LogInit: Base Directory: C:/Game Dev/UE_4.27/Engine/Binaries/Win64/
LogInit: Allocator: TBB
LogInit: Installed Engine Build: 1
LogDevObjectVersion: Number of dev versions registered: 29
LogDevObjectVersion:   Dev-Blueprints (B0D832E4-1F89-4F0D-ACCF-7EB736FD4AA2): 10
LogDevObjectVersion:   Dev-Build (E1C64328-A22C-4D53-A36C-8E866417BD8C): 0
LogDevObjectVersion:   Dev-Core (375EC13C-06E4-48FB-B500-84F0262A717E): 4
LogDevObjectVersion:   Dev-Editor (E4B068ED-F494-42E9-A231-DA0B2E46BB41): 40
LogDevObjectVersion:   Dev-Framework (CFFC743F-43B0-4480-9391-14DF171D2073): 37
LogDevObjectVersion:   Dev-Mobile (B02B49B5-BB20-44E9-A304-32B752E40360): 3
LogDevObjectVersion:   Dev-Networking (A4E4105C-59A1-49B5-A7C5-40C4547EDFEE): 0
LogDevObjectVersion:   Dev-Online (39C831C9-5AE6-47DC-9A44-9C173E1C8E7C): 0
LogDevObjectVersion:   Dev-Physics (78F01B33-EBEA-4F98-B9B4-84EACCB95AA2): 14
LogDevObjectVersion:   Dev-Platform (6631380F-2D4D-43E0-8009-CF276956A95A): 0
LogDevObjectVersion:   Dev-Rendering (12F88B9F-8875-4AFC-A67C-D90C383ABD29): 45
LogDevObjectVersion:   Dev-Sequencer (7B5AE74C-D270-4C10-A958-57980B212A5A): 13
LogDevObjectVersion:   Dev-VR (D7296918-1DD6-4BDD-9DE2-64A83CC13884): 3
LogDevObjectVersion:   Dev-LoadTimes (C2A15278-BFE7-4AFE-6C17-90FF531DF755): 1
LogDevObjectVersion:   Private-Geometry (6EACA3D4-40EC-4CC1-B786-8BED09428FC5): 3
LogDevObjectVersion:   Dev-AnimPhys (29E575DD-E0A3-4627-9D10-D276232CDCEA): 17
LogDevObjectVersion:   Dev-Anim (AF43A65D-7FD3-4947-9873-3E8ED9C1BB05): 15
LogDevObjectVersion:   Dev-ReflectionCapture (6B266CEC-1EC7-4B8F-A30B-E4D90942FC07): 1
LogDevObjectVersion:   Dev-Automation (0DF73D61-A23F-47EA-B727-89E90C41499A): 1
LogDevObjectVersion:   FortniteMain (601D1886-AC64-4F84-AA16-D3DE0DEAC7D6): 47
LogDevObjectVersion:   FortniteRelease (E7086368-6B23-4C58-8439-1B7016265E91): 1
LogDevObjectVersion:   Dev-Enterprise (9DFFBCD6-494F-0158-E221-12823C92A888): 10
LogDevObjectVersion:   Dev-Niagara (F2AED0AC-9AFE-416F-8664-AA7FFA26D6FC): 1
LogDevObjectVersion:   Dev-Destruction (174F1F0B-B4C6-45A5-B13F-2EE8D0FB917D): 10
LogDevObjectVersion:   Dev-Physics-Ext (35F94A83-E258-406C-A318-09F59610247C): 41
LogDevObjectVersion:   Dev-PhysicsMaterial-Chaos (B68FC16E-8B1B-42E2-B453-215C058844FE): 1
LogDevObjectVersion:   Dev-CineCamera (B2E18506-4273-CFC2-A54E-F4BB758BBA07): 1
LogDevObjectVersion:   Dev-VirtualProduction (64F58936-FD1B-42BA-BA96-7289D5D0FA4E): 1
LogDevObjectVersion:   Dev-MediaFramework (6F0ED827-A609-4895-9C91-998D90180EA4): 2
LogInit: Presizing for max 25165824 objects, including 0 objects not considered by GC, pre-allocating 0 bytes for permanent pool.
LogConfig: Applying CVar settings from Section [/Script/Engine.StreamingSettings] File [C:/Diplomna Rabota/Saved/Config/Windows/Engine.ini]
LogConfig: Setting CVar [[s.MinBulkDataSizeForAsyncLoading:131072]]
LogConfig: Setting CVar [[s.AsyncLoadingThreadEnabled:0]]
LogConfig: Setting CVar [[s.EventDrivenLoaderEnabled:1]]
LogConfig: Setting CVar [[s.WarnIfTimeLimitExceeded:0]]
LogConfig: Setting CVar [[s.TimeLimitExceededMultiplier:1.5]]
LogConfig: Setting CVar [[s.TimeLimitExceededMinTime:0.005]]
LogConfig: Setting CVar [[s.UseBackgroundLevelStreaming:1]]
LogConfig: Setting CVar [[s.PriorityAsyncLoadingExtraTime:15.0]]
LogConfig: Setting CVar [[s.LevelStreamingActorsUpdateTimeLimit:5.0]]
LogConfig: Setting CVar [[s.PriorityLevelStreamingActorsUpdateExtraTime:5.0]]
LogConfig: Setting CVar [[s.LevelStreamingComponentsRegistrationGranularity:10]]
LogConfig: Setting CVar [[s.UnregisterComponentsTimeLimit:1.0]]
LogConfig: Setting CVar [[s.LevelStreamingComponentsUnregistrationGranularity:5]]
LogConfig: Setting CVar [[s.FlushStreamingOnExit:1]]
LogInit: Object subsystem initialized
LogConfig: Setting CVar [[con.DebugEarlyDefault:1]]
LogConfig: Setting CVar [[r.setres:1280x720]]
[2022.03.09-06.42.27:315][  0]LogConfig: Setting CVar [[r.VSync:0]]
[2022.03.09-06.42.27:315][  0]LogConfig: Setting CVar [[r.RHICmdBypass:0]]
[2022.03.09-06.42.27:315][  0]LogConfig: Applying CVar settings from Section [/Script/Engine.RendererSettings] File [C:/Diplomna Rabota/Saved/Config/Windows/Engine.ini]
[2022.03.09-06.42.27:315][  0]LogConfig: Setting CVar [[r.GPUCrashDebugging:0]]
[2022.03.09-06.42.27:315][  0]LogConfig: Setting CVar [[r.SkinCache.CompileShaders:1]]
[2022.03.09-06.42.27:315][  0]LogConfig: Setting CVar [[r.RayTracing:1]]
[2022.03.09-06.42.27:315][  0]LogConfig: Applying CVar settings from Section [/Script/Engine.RendererOverrideSettings] File [C:/Diplomna Rabota/Saved/Config/Windows/Engine.ini]
[2022.03.09-06.42.27:315][  0]LogConfig: Applying CVar settings from Section [/Script/Engine.StreamingSettings] File [C:/Diplomna Rabota/Saved/Config/Windows/Engine.ini]
[2022.03.09-06.42.27:315][  0]LogConfig: Setting CVar [[s.MinBulkDataSizeForAsyncLoading:131072]]
[2022.03.09-06.42.27:315][  0]LogConfig: Setting CVar [[s.AsyncLoadingThreadEnabled:0]]
[2022.03.09-06.42.27:315][  0]LogConfig: Setting CVar [[s.EventDrivenLoaderEnabled:1]]
[2022.03.09-06.42.27:315][  0]LogConfig: Setting CVar [[s.WarnIfTimeLimitExceeded:0]]
[2022.03.09-06.42.27:315][  0]LogConfig: Setting CVar [[s.TimeLimitExceededMultiplier:1.5]]
[2022.03.09-06.42.27:315][  0]LogConfig: Setting CVar [[s.TimeLimitExceededMinTime:0.005]]
[2022.03.09-06.42.27:315][  0]LogConfig: Setting CVar [[s.UseBackgroundLevelStreaming:1]]
[2022.03.09-06.42.27:315][  0]LogConfig: Setting CVar [[s.PriorityAsyncLoadingExtraTime:15.0]]
[2022.03.09-06.42.27:315][  0]LogConfig: Setting CVar [[s.LevelStreamingActorsUpdateTimeLimit:5.0]]
[2022.03.09-06.42.27:315][  0]LogConfig: Setting CVar [[s.PriorityLevelStreamingActorsUpdateExtraTime:5.0]]
[2022.03.09-06.42.27:315][  0]LogConfig: Setting CVar [[s.LevelStreamingComponentsRegistrationGranularity:10]]
[2022.03.09-06.42.27:315][  0]LogConfig: Setting CVar [[s.UnregisterComponentsTimeLimit:1.0]]
[2022.03.09-06.42.27:315][  0]LogConfig: Setting CVar [[s.LevelStreamingComponentsUnregistrationGranularity:5]]
[2022.03.09-06.42.27:315][  0]LogConfig: Setting CVar [[s.FlushStreamingOnExit:1]]
[2022.03.09-06.42.27:315][  0]LogConfig: Applying CVar settings from Section [/Script/Engine.GarbageCollectionSettings] File [C:/Diplomna Rabota/Saved/Config/Windows/Engine.ini]
[2022.03.09-06.42.27:315][  0]LogConfig: Setting CVar [[gc.MaxObjectsNotConsideredByGC:1]]
[2022.03.09-06.42.27:315][  0]LogConfig: Setting CVar [[gc.SizeOfPermanentObjectPool:0]]
[2022.03.09-06.42.27:315][  0]LogConfig: Setting CVar [[gc.FlushStreamingOnGC:0]]
[2022.03.09-06.42.27:315][  0]LogConfig: Setting CVar [[gc.NumRetriesBeforeForcingGC:10]]
[2022.03.09-06.42.27:315][  0]LogConfig: Setting CVar [[gc.AllowParallelGC:1]]
[2022.03.09-06.42.27:315][  0]LogConfig: Setting CVar [[gc.TimeBetweenPurgingPendingKillObjects:61.1]]
[2022.03.09-06.42.27:315][  0]LogConfig: Setting CVar [[gc.MaxObjectsInEditor:25165824]]
[2022.03.09-06.42.27:315][  0]LogConfig: Setting CVar [[gc.IncrementalBeginDestroyEnabled:1]]
[2022.03.09-06.42.27:315][  0]LogConfig: Setting CVar [[gc.CreateGCClusters:1]]
[2022.03.09-06.42.27:315][  0]LogConfig: Setting CVar [[gc.MinGCClusterSize:5]]
[2022.03.09-06.42.27:315][  0]LogConfig: Setting CVar [[gc.ActorClusteringEnabled:0]]
[2022.03.09-06.42.27:315][  0]LogConfig: Setting CVar [[gc.BlueprintClusteringEnabled:0]]
[2022.03.09-06.42.27:315][  0]LogConfig: Setting CVar [[gc.UseDisregardForGCOnDedicatedServers:0]]
[2022.03.09-06.42.27:315][  0]LogConfig: Setting CVar [[gc.MultithreadedDestructionEnabled:1]]
[2022.03.09-06.42.27:315][  0]LogConfig: Applying CVar settings from Section [/Script/Engine.NetworkSettings] File [C:/Diplomna Rabota/Saved/Config/Windows/Engine.ini]
[2022.03.09-06.42.27:315][  0]LogConfig: Applying CVar settings from Section [/Script/UnrealEd.CookerSettings] File [C:/Diplomna Rabota/Saved/Config/Windows/Engine.ini]
[2022.03.09-06.42.27:321][  0]LogConfig: Applying CVar settings from Section [ViewDistanceQuality@3] File [C:/Diplomna Rabota/Saved/Config/Windows/Scalability.ini]
[2022.03.09-06.42.27:321][  0]LogConfig: Setting CVar [[r.SkeletalMeshLODBias:0]]
[2022.03.09-06.42.27:321][  0]LogConfig: Setting CVar [[r.ViewDistanceScale:1.0]]
[2022.03.09-06.42.27:321][  0]LogConfig: Applying CVar settings from Section [AntiAliasingQuality@3] File [C:/Diplomna Rabota/Saved/Config/Windows/Scalability.ini]
[2022.03.09-06.42.27:321][  0]LogConfig: Setting CVar [[r.PostProcessAAQuality:4]]
[2022.03.09-06.42.27:321][  0]LogConfig: Applying CVar settings from Section [ShadowQuality@3] File [C:/Diplomna Rabota/Saved/Config/Windows/Scalability.ini]
[2022.03.09-06.42.27:321][  0]LogConfig: Setting CVar [[r.LightFunctionQuality:1]]
[2022.03.09-06.42.27:321][  0]LogConfig: Setting CVar [[r.ShadowQuality:5]]
[2022.03.09-06.42.27:321][  0]LogConfig: Setting CVar [[r.Shadow.CSM.MaxCascades:10]]
[2022.03.09-06.42.27:321][  0]LogConfig: Setting CVar [[r.Shadow.MaxResolution:2048]]
[2022.03.09-06.42.27:321][  0]LogConfig: Setting CVar [[r.Shadow.MaxCSMResolution:2048]]
[2022.03.09-06.42.27:321][  0]LogConfig: Setting CVar [[r.Shadow.RadiusThreshold:0.01]]
[2022.03.09-06.42.27:321][  0]LogConfig: Setting CVar [[r.Shadow.DistanceScale:1.0]]
[2022.03.09-06.42.27:321][  0]LogConfig: Setting CVar [[r.Shadow.CSM.TransitionScale:1.0]]
[2022.03.09-06.42.27:321][  0]LogConfig: Setting CVar [[r.Shadow.PreShadowResolutionFactor:1.0]]
[2022.03.09-06.42.27:321][  0]LogConfig: Setting CVar [[r.DistanceFieldShadowing:1]]
[2022.03.09-06.42.27:321][  0]LogConfig: Setting CVar [[r.DistanceFieldAO:1]]
[2022.03.09-06.42.27:321][  0]LogConfig: Setting CVar [[r.AOQuality:2]]
[2022.03.09-06.42.27:321][  0]LogConfig: Setting CVar [[r.VolumetricFog:1]]
[2022.03.09-06.42.27:321][  0]LogConfig: Setting CVar [[r.VolumetricFog.GridPixelSize:8]]
[2022.03.09-06.42.27:321][  0]LogConfig: Setting CVar [[r.VolumetricFog.GridSizeZ:128]]
[2022.03.09-06.42.27:321][  0]LogConfig: Setting CVar [[r.VolumetricFog.HistoryMissSupersampleCount:4]]
[2022.03.09-06.42.27:321][  0]LogConfig: Setting CVar [[r.LightMaxDrawDistanceScale:1]]
[2022.03.09-06.42.27:321][  0]LogConfig: Setting CVar [[r.CapsuleShadows:1]]
[2022.03.09-06.42.27:321][  0]LogConfig: Applying CVar settings from Section [PostProcessQuality@3] File [C:/Diplomna Rabota/Saved/Config/Windows/Scalability.ini]
[2022.03.09-06.42.27:321][  0]LogConfig: Setting CVar [[r.MotionBlurQuality:4]]
[2022.03.09-06.42.27:321][  0]LogConfig: Setting CVar [[r.AmbientOcclusionMipLevelFactor:0.4]]
[2022.03.09-06.42.27:321][  0]LogConfig: Setting CVar [[r.AmbientOcclusionMaxQuality:100]]
[2022.03.09-06.42.27:321][  0]LogConfig: Setting CVar [[r.AmbientOcclusionLevels:-1]]
[2022.03.09-06.42.27:321][  0]LogConfig: Setting CVar [[r.AmbientOcclusionRadiusScale:1.0]]
[2022.03.09-06.42.27:321][  0]LogConfig: Setting CVar [[r.DepthOfFieldQuality:2]]
[2022.03.09-06.42.27:321][  0]LogConfig: Setting CVar [[r.RenderTargetPoolMin:400]]
[2022.03.09-06.42.27:321][  0]LogConfig: Setting CVar [[r.LensFlareQuality:2]]
[2022.03.09-06.42.27:321][  0]LogConfig: Setting CVar [[r.SceneColorFringeQuality:1]]
[2022.03.09-06.42.27:321][  0]LogConfig: Setting CVar [[r.EyeAdaptationQuality:2]]
[2022.03.09-06.42.27:321][  0]LogConfig: Setting CVar [[r.BloomQuality:5]]
[2022.03.09-06.42.27:321][  0]LogConfig: Setting CVar [[r.FastBlurThreshold:100]]
[2022.03.09-06.42.27:321][  0]LogConfig: Setting CVar [[r.Upscale.Quality:3]]
[2022.03.09-06.42.27:321][  0]LogConfig: Setting CVar [[r.Tonemapper.GrainQuantization:1]]
[2022.03.09-06.42.27:321][  0]LogConfig: Setting CVar [[r.LightShaftQuality:1]]
[2022.03.09-06.42.27:321][  0]LogConfig: Setting CVar [[r.Filter.SizeScale:1]]
[2022.03.09-06.42.27:321][  0]LogConfig: Setting CVar [[r.Tonemapper.Quality:5]]
[2022.03.09-06.42.27:321][  0]LogConfig: Setting CVar [[r.DOF.Gather.AccumulatorQuality:1        ; higher gathering accumulator quality]]
[2022.03.09-06.42.27:321][  0]LogConfig: Setting CVar [[r.DOF.Gather.PostfilterMethod:1          ; Median3x3 postfilering method]]
[2022.03.09-06.42.27:321][  0]LogConfig: Setting CVar [[r.DOF.Gather.EnableBokehSettings:0       ; no bokeh simulation when gathering]]
[2022.03.09-06.42.27:321][  0]LogConfig: Setting CVar [[r.DOF.Gather.RingCount:4                 ; medium number of samples when gathering]]
[2022.03.09-06.42.27:321][  0]LogConfig: Setting CVar [[r.DOF.Scatter.ForegroundCompositing:1    ; additive foreground scattering]]
[2022.03.09-06.42.27:321][  0]LogConfig: Setting CVar [[r.DOF.Scatter.BackgroundCompositing:2    ; additive background scattering]]
[2022.03.09-06.42.27:321][  0]LogConfig: Setting CVar [[r.DOF.Scatter.EnableBokehSettings:1      ; bokeh simulation when scattering]]
[2022.03.09-06.42.27:321][  0]LogConfig: Setting CVar [[r.DOF.Scatter.MaxSpriteRatio:0.1         ; only a maximum of 10% of scattered bokeh]]
[2022.03.09-06.42.27:321][  0]LogConfig: Setting CVar [[r.DOF.Recombine.Quality:1                ; cheap slight out of focus]]
[2022.03.09-06.42.27:321][  0]LogConfig: Setting CVar [[r.DOF.Recombine.EnableBokehSettings:0    ; no bokeh simulation on slight out of focus]]
[2022.03.09-06.42.27:321][  0]LogConfig: Setting CVar [[r.DOF.TemporalAAQuality:1                ; more stable temporal accumulation]]
[2022.03.09-06.42.27:321][  0]LogConfig: Setting CVar [[r.DOF.Kernel.MaxForegroundRadius:0.025]]
[2022.03.09-06.42.27:321][  0]LogConfig: Setting CVar [[r.DOF.Kernel.MaxBackgroundRadius:0.025]]
[2022.03.09-06.42.27:321][  0]LogConfig: Applying CVar settings from Section [TextureQuality@3] File [C:/Diplomna Rabota/Saved/Config/Windows/Scalability.ini]
[2022.03.09-06.42.27:321][  0]LogConfig: Setting CVar [[r.Streaming.MipBias:0]]
[2022.03.09-06.42.27:321][  0]LogConfig: Setting CVar [[r.Streaming.AmortizeCPUToGPUCopy:0]]
[2022.03.09-06.42.27:321][  0]LogConfig: Setting CVar [[r.Streaming.MaxNumTexturesToStreamPerFrame:0]]
[2022.03.09-06.42.27:321][  0]LogConfig: Setting CVar [[r.Streaming.Boost:1]]
[2022.03.09-06.42.27:321][  0]LogConfig: Setting CVar [[r.MaxAnisotropy:8]]
[2022.03.09-06.42.27:321][  0]LogConfig: Setting CVar [[r.VT.MaxAnisotropy:8]]
[2022.03.09-06.42.27:321][  0]LogConfig: Setting CVar [[r.Streaming.LimitPoolSizeToVRAM:0]]
[2022.03.09-06.42.27:321][  0]LogConfig: Setting CVar [[r.Streaming.PoolSize:1000]]
[2022.03.09-06.42.27:321][  0]LogConfig: Setting CVar [[r.Streaming.MaxEffectiveScreenSize:0]]
[2022.03.09-06.42.27:321][  0]LogConfig: Applying CVar settings from Section [EffectsQuality@3] File [C:/Diplomna Rabota/Saved/Config/Windows/Scalability.ini]
[2022.03.09-06.42.27:321][  0]LogConfig: Setting CVar [[r.TranslucencyLightingVolumeDim:64]]
[2022.03.09-06.42.27:321][  0]LogConfig: Setting CVar [[r.RefractionQuality:2]]
[2022.03.09-06.42.27:321][  0]LogConfig: Setting CVar [[r.SSR.Quality:3]]
[2022.03.09-06.42.27:321][  0]LogConfig: Setting CVar [[r.SSR.HalfResSceneColor:0]]
[2022.03.09-06.42.27:321][  0]LogConfig: Setting CVar [[r.SceneColorFormat:4]]
[2022.03.09-06.42.27:321][  0]LogConfig: Setting CVar [[r.DetailMode:2]]
[2022.03.09-06.42.27:321][  0]LogConfig: Setting CVar [[r.TranslucencyVolumeBlur:1]]
[2022.03.09-06.42.27:321][  0]LogConfig: Setting CVar [[r.MaterialQualityLevel:1 ; High quality]]
[2022.03.09-06.42.27:321][  0]LogConfig: Setting CVar [[r.AnisotropicMaterials:1]]
[2022.03.09-06.42.27:321][  0]LogConfig: Setting CVar [[r.SSS.Scale:1]]
[2022.03.09-06.42.27:321][  0]LogConfig: Setting CVar [[r.SSS.SampleSet:2]]
[2022.03.09-06.42.27:322][  0]LogConfig: Setting CVar [[r.SSS.Quality:1]]
[2022.03.09-06.42.27:322][  0]LogConfig: Setting CVar [[r.SSS.HalfRes:0]]
[2022.03.09-06.42.27:322][  0]LogConfig: Setting CVar [[r.SSGI.Quality:3]]
[2022.03.09-06.42.27:322][  0]LogConfig: Setting CVar [[r.EmitterSpawnRateScale:1.0]]
[2022.03.09-06.42.27:322][  0]LogConfig: Setting CVar [[r.ParticleLightQuality:2]]
[2022.03.09-06.42.27:322][  0]LogConfig: Setting CVar [[r.SkyAtmosphere.AerialPerspectiveLUT.FastApplyOnOpaque:1 ; Always have FastSkyLUT 1 in this case to avoid wrong sky]]
[2022.03.09-06.42.27:322][  0]LogConfig: Setting CVar [[r.SkyAtmosphere.AerialPerspectiveLUT.SampleCountMaxPerSlice:4]]
[2022.03.09-06.42.27:322][  0]LogConfig: Setting CVar [[r.SkyAtmosphere.AerialPerspectiveLUT.DepthResolution:16.0]]
[2022.03.09-06.42.27:322][  0]LogConfig: Setting CVar [[r.SkyAtmosphere.FastSkyLUT:1]]
[2022.03.09-06.42.27:322][  0]LogConfig: Setting CVar [[r.SkyAtmosphere.FastSkyLUT.SampleCountMin:4.0]]
[2022.03.09-06.42.27:322][  0]LogConfig: Setting CVar [[r.SkyAtmosphere.FastSkyLUT.SampleCountMax:128.0]]
[2022.03.09-06.42.27:322][  0]LogConfig: Setting CVar [[r.SkyAtmosphere.SampleCountMin:4.0]]
[2022.03.09-06.42.27:322][  0]LogConfig: Setting CVar [[r.SkyAtmosphere.SampleCountMax:128.0]]
[2022.03.09-06.42.27:322][  0]LogConfig: Setting CVar [[r.SkyAtmosphere.TransmittanceLUT.UseSmallFormat:0]]
[2022.03.09-06.42.27:322][  0]LogConfig: Setting CVar [[r.SkyAtmosphere.TransmittanceLUT.SampleCount:10.0]]
[2022.03.09-06.42.27:322][  0]LogConfig: Setting CVar [[r.SkyAtmosphere.MultiScatteringLUT.SampleCount:15.0]]
[2022.03.09-06.42.27:322][  0]LogConfig: Setting CVar [[r.SkyLight.RealTimeReflectionCapture:1]]
[2022.03.09-06.42.27:322][  0]LogConfig: Applying CVar settings from Section [FoliageQuality@3] File [C:/Diplomna Rabota/Saved/Config/Windows/Scalability.ini]
[2022.03.09-06.42.27:322][  0]LogConfig: Setting CVar [[foliage.DensityScale:1.0]]
[2022.03.09-06.42.27:322][  0]LogConfig: Setting CVar [[grass.DensityScale:1.0]]
[2022.03.09-06.42.27:322][  0]LogConfig: Applying CVar settings from Section [ShadingQuality@3] File [C:/Diplomna Rabota/Saved/Config/Windows/Scalability.ini]
[2022.03.09-06.42.27:322][  0]LogConfig: Setting CVar [[r.HairStrands.SkyLighting.IntegrationType:2]]
[2022.03.09-06.42.27:322][  0]LogConfig: Setting CVar [[r.HairStrands.SkyAO.SampleCount:4]]
[2022.03.09-06.42.27:322][  0]LogConfig: Setting CVar [[r.HairStrands.Visibility.MSAA.SamplePerPixel:4]]
[2022.03.09-06.42.27:322][  0]LogInit: Selected Device Profile: [Windows]
[2022.03.09-06.42.27:322][  0]LogInit: Applying CVar settings loaded from the selected device profile: [Windows]
[2022.03.09-06.42.27:322][  0]LogHAL: Display: Platform has ~ 16 GB [16931676160 / 17179869184 / 16], which maps to Larger [LargestMinGB=32, LargerMinGB=12, DefaultMinGB=8, SmallerMinGB=6, SmallestMinGB=0)
[2022.03.09-06.42.27:322][  0]LogInit: Going up to parent DeviceProfile []
[2022.03.09-06.42.27:322][  0]LogConfig: Applying CVar settings from Section [ViewDistanceQuality@3] File [C:/Diplomna Rabota/Saved/Config/Windows/Scalability.ini]
[2022.03.09-06.42.27:322][  0]LogConfig: Setting CVar [[r.SkeletalMeshLODBias:0]]
[2022.03.09-06.42.27:322][  0]LogConfig: Setting CVar [[r.ViewDistanceScale:1.0]]
[2022.03.09-06.42.27:322][  0]LogConfig: Applying CVar settings from Section [AntiAliasingQuality@3] File [C:/Diplomna Rabota/Saved/Config/Windows/Scalability.ini]
[2022.03.09-06.42.27:322][  0]LogConfig: Setting CVar [[r.PostProcessAAQuality:4]]
[2022.03.09-06.42.27:322][  0]LogConfig: Applying CVar settings from Section [ShadowQuality@3] File [C:/Diplomna Rabota/Saved/Config/Windows/Scalability.ini]
[2022.03.09-06.42.27:322][  0]LogConfig: Setting CVar [[r.LightFunctionQuality:1]]
[2022.03.09-06.42.27:322][  0]LogConfig: Setting CVar [[r.ShadowQuality:5]]
[2022.03.09-06.42.27:322][  0]LogConfig: Setting CVar [[r.Shadow.CSM.MaxCascades:10]]
[2022.03.09-06.42.27:322][  0]LogConfig: Setting CVar [[r.Shadow.MaxResolution:2048]]
[2022.03.09-06.42.27:322][  0]LogConfig: Setting CVar [[r.Shadow.MaxCSMResolution:2048]]
[2022.03.09-06.42.27:322][  0]LogConfig: Setting CVar [[r.Shadow.RadiusThreshold:0.01]]
[2022.03.09-06.42.27:322][  0]LogConfig: Setting CVar [[r.Shadow.DistanceScale:1.0]]
[2022.03.09-06.42.27:322][  0]LogConfig: Setting CVar [[r.Shadow.CSM.TransitionScale:1.0]]
[2022.03.09-06.42.27:322][  0]LogConfig: Setting CVar [[r.Shadow.PreShadowResolutionFactor:1.0]]
[2022.03.09-06.42.27:322][  0]LogConfig: Setting CVar [[r.DistanceFieldShadowing:1]]
[2022.03.09-06.42.27:322][  0]LogConfig: Setting CVar [[r.DistanceFieldAO:1]]
[2022.03.09-06.42.27:322][  0]LogConfig: Setting CVar [[r.AOQuality:2]]
[2022.03.09-06.42.27:322][  0]LogConfig: Setting CVar [[r.VolumetricFog:1]]
[2022.03.09-06.42.27:322][  0]LogConfig: Setting CVar [[r.VolumetricFog.GridPixelSize:8]]
[2022.03.09-06.42.27:322][  0]LogConfig: Setting CVar [[r.VolumetricFog.GridSizeZ:128]]
[2022.03.09-06.42.27:322][  0]LogConfig: Setting CVar [[r.VolumetricFog.HistoryMissSupersampleCount:4]]
[2022.03.09-06.42.27:322][  0]LogConfig: Setting CVar [[r.LightMaxDrawDistanceScale:1]]
[2022.03.09-06.42.27:322][  0]LogConfig: Setting CVar [[r.CapsuleShadows:1]]
[2022.03.09-06.42.27:322][  0]LogConfig: Applying CVar settings from Section [PostProcessQuality@3] File [C:/Diplomna Rabota/Saved/Config/Windows/Scalability.ini]
[2022.03.09-06.42.27:322][  0]LogConfig: Setting CVar [[r.MotionBlurQuality:4]]
[2022.03.09-06.42.27:322][  0]LogConfig: Setting CVar [[r.AmbientOcclusionMipLevelFactor:0.4]]
[2022.03.09-06.42.27:322][  0]LogConfig: Setting CVar [[r.AmbientOcclusionMaxQuality:100]]
[2022.03.09-06.42.27:322][  0]LogConfig: Setting CVar [[r.AmbientOcclusionLevels:-1]]
[2022.03.09-06.42.27:322][  0]LogConfig: Setting CVar [[r.AmbientOcclusionRadiusScale:1.0]]
[2022.03.09-06.42.27:322][  0]LogConfig: Setting CVar [[r.DepthOfFieldQuality:2]]
[2022.03.09-06.42.27:322][  0]LogConfig: Setting CVar [[r.RenderTargetPoolMin:400]]
[2022.03.09-06.42.27:322][  0]LogConfig: Setting CVar [[r.LensFlareQuality:2]]
[2022.03.09-06.42.27:322][  0]LogConfig: Setting CVar [[r.SceneColorFringeQuality:1]]
[2022.03.09-06.42.27:322][  0]LogConfig: Setting CVar [[r.EyeAdaptationQuality:2]]
[2022.03.09-06.42.27:322][  0]LogConfig: Setting CVar [[r.BloomQuality:5]]
[2022.03.09-06.42.27:322][  0]LogConfig: Setting CVar [[r.FastBlurThreshold:100]]
[2022.03.09-06.42.27:322][  0]LogConfig: Setting CVar [[r.Upscale.Quality:3]]
[2022.03.09-06.42.27:322][  0]LogConfig: Setting CVar [[r.Tonemapper.GrainQuantization:1]]
[2022.03.09-06.42.27:322][  0]LogConfig: Setting CVar [[r.LightShaftQuality:1]]
[2022.03.09-06.42.27:322][  0]LogConfig: Setting CVar [[r.Filter.SizeScale:1]]
[2022.03.09-06.42.27:322][  0]LogConfig: Setting CVar [[r.Tonemapper.Quality:5]]
[2022.03.09-06.42.27:322][  0]LogConfig: Setting CVar [[r.DOF.Gather.AccumulatorQuality:1        ; higher gathering accumulator quality]]
[2022.03.09-06.42.27:322][  0]LogConfig: Setting CVar [[r.DOF.Gather.PostfilterMethod:1          ; Median3x3 postfilering method]]
[2022.03.09-06.42.27:322][  0]LogConfig: Setting CVar [[r.DOF.Gather.EnableBokehSettings:0       ; no bokeh simulation when gathering]]
[2022.03.09-06.42.27:322][  0]LogConfig: Setting CVar [[r.DOF.Gather.RingCount:4                 ; medium number of samples when gathering]]
[2022.03.09-06.42.27:322][  0]LogConfig: Setting CVar [[r.DOF.Scatter.ForegroundCompositing:1    ; additive foreground scattering]]
[2022.03.09-06.42.27:322][  0]LogConfig: Setting CVar [[r.DOF.Scatter.BackgroundCompositing:2    ; additive background scattering]]
[2022.03.09-06.42.27:322][  0]LogConfig: Setting CVar [[r.DOF.Scatter.EnableBokehSettings:1      ; bokeh simulation when scattering]]
[2022.03.09-06.42.27:322][  0]LogConfig: Setting CVar [[r.DOF.Scatter.MaxSpriteRatio:0.1         ; only a maximum of 10% of scattered bokeh]]
[2022.03.09-06.42.27:322][  0]LogConfig: Setting CVar [[r.DOF.Recombine.Quality:1                ; cheap slight out of focus]]
[2022.03.09-06.42.27:322][  0]LogConfig: Setting CVar [[r.DOF.Recombine.EnableBokehSettings:0    ; no bokeh simulation on slight out of focus]]
[2022.03.09-06.42.27:322][  0]LogConfig: Setting CVar [[r.DOF.TemporalAAQuality:1                ; more stable temporal accumulation]]
[2022.03.09-06.42.27:322][  0]LogConfig: Setting CVar [[r.DOF.Kernel.MaxForegroundRadius:0.025]]
[2022.03.09-06.42.27:322][  0]LogConfig: Setting CVar [[r.DOF.Kernel.MaxBackgroundRadius:0.025]]
[2022.03.09-06.42.27:322][  0]LogConfig: Applying CVar settings from Section [TextureQuality@3] File [C:/Diplomna Rabota/Saved/Config/Windows/Scalability.ini]
[2022.03.09-06.42.27:322][  0]LogConfig: Setting CVar [[r.Streaming.MipBias:0]]
[2022.03.09-06.42.27:322][  0]LogConfig: Setting CVar [[r.Streaming.AmortizeCPUToGPUCopy:0]]
[2022.03.09-06.42.27:323][  0]LogConfig: Setting CVar [[r.Streaming.MaxNumTexturesToStreamPerFrame:0]]
[2022.03.09-06.42.27:323][  0]LogConfig: Setting CVar [[r.Streaming.Boost:1]]
[2022.03.09-06.42.27:323][  0]LogConfig: Setting CVar [[r.MaxAnisotropy:8]]
[2022.03.09-06.42.27:323][  0]LogConfig: Setting CVar [[r.VT.MaxAnisotropy:8]]
[2022.03.09-06.42.27:323][  0]LogConfig: Setting CVar [[r.Streaming.LimitPoolSizeToVRAM:0]]
[2022.03.09-06.42.27:323][  0]LogConfig: Setting CVar [[r.Streaming.PoolSize:1000]]
[2022.03.09-06.42.27:323][  0]LogConfig: Setting CVar [[r.Streaming.MaxEffectiveScreenSize:0]]
[2022.03.09-06.42.27:323][  0]LogConfig: Applying CVar settings from Section [EffectsQuality@3] File [C:/Diplomna Rabota/Saved/Config/Windows/Scalability.ini]
[2022.03.09-06.42.27:323][  0]LogConfig: Setting CVar [[r.TranslucencyLightingVolumeDim:64]]
[2022.03.09-06.42.27:323][  0]LogConfig: Setting CVar [[r.RefractionQuality:2]]
[2022.03.09-06.42.27:323][  0]LogConfig: Setting CVar [[r.SSR.Quality:3]]
[2022.03.09-06.42.27:323][  0]LogConfig: Setting CVar [[r.SSR.HalfResSceneColor:0]]
[2022.03.09-06.42.27:323][  0]LogConfig: Setting CVar [[r.SceneColorFormat:4]]
[2022.03.09-06.42.27:323][  0]LogConfig: Setting CVar [[r.DetailMode:2]]
[2022.03.09-06.42.27:323][  0]LogConfig: Setting CVar [[r.TranslucencyVolumeBlur:1]]
[2022.03.09-06.42.27:323][  0]LogConfig: Setting CVar [[r.MaterialQualityLevel:1 ; High quality]]
[2022.03.09-06.42.27:323][  0]LogConfig: Setting CVar [[r.AnisotropicMaterials:1]]
[2022.03.09-06.42.27:323][  0]LogConfig: Setting CVar [[r.SSS.Scale:1]]
[2022.03.09-06.42.27:323][  0]LogConfig: Setting CVar [[r.SSS.SampleSet:2]]
[2022.03.09-06.42.27:323][  0]LogConfig: Setting CVar [[r.SSS.Quality:1]]
[2022.03.09-06.42.27:323][  0]LogConfig: Setting CVar [[r.SSS.HalfRes:0]]
[2022.03.09-06.42.27:323][  0]LogConfig: Setting CVar [[r.SSGI.Quality:3]]
[2022.03.09-06.42.27:323][  0]LogConfig: Setting CVar [[r.EmitterSpawnRateScale:1.0]]
[2022.03.09-06.42.27:323][  0]LogConfig: Setting CVar [[r.ParticleLightQuality:2]]
[2022.03.09-06.42.27:323][  0]LogConfig: Setting CVar [[r.SkyAtmosphere.AerialPerspectiveLUT.FastApplyOnOpaque:1 ; Always have FastSkyLUT 1 in this case to avoid wrong sky]]
[2022.03.09-06.42.27:323][  0]LogConfig: Setting CVar [[r.SkyAtmosphere.AerialPerspectiveLUT.SampleCountMaxPerSlice:4]]
[2022.03.09-06.42.27:323][  0]LogConfig: Setting CVar [[r.SkyAtmosphere.AerialPerspectiveLUT.DepthResolution:16.0]]
[2022.03.09-06.42.27:323][  0]LogConfig: Setting CVar [[r.SkyAtmosphere.FastSkyLUT:1]]
[2022.03.09-06.42.27:323][  0]LogConfig: Setting CVar [[r.SkyAtmosphere.FastSkyLUT.SampleCountMin:4.0]]
[2022.03.09-06.42.27:323][  0]LogConfig: Setting CVar [[r.SkyAtmosphere.FastSkyLUT.SampleCountMax:128.0]]
[2022.03.09-06.42.27:323][  0]LogConfig: Setting CVar [[r.SkyAtmosphere.SampleCountMin:4.0]]
[2022.03.09-06.42.27:323][  0]LogConfig: Setting CVar [[r.SkyAtmosphere.SampleCountMax:128.0]]
[2022.03.09-06.42.27:323][  0]LogConfig: Setting CVar [[r.SkyAtmosphere.TransmittanceLUT.UseSmallFormat:0]]
[2022.03.09-06.42.27:323][  0]LogConfig: Setting CVar [[r.SkyAtmosphere.TransmittanceLUT.SampleCount:10.0]]
[2022.03.09-06.42.27:323][  0]LogConfig: Setting CVar [[r.SkyAtmosphere.MultiScatteringLUT.SampleCount:15.0]]
[2022.03.09-06.42.27:323][  0]LogConfig: Setting CVar [[r.SkyLight.RealTimeReflectionCapture:1]]
[2022.03.09-06.42.27:323][  0]LogConfig: Applying CVar settings from Section [FoliageQuality@3] File [C:/Diplomna Rabota/Saved/Config/Windows/Scalability.ini]
[2022.03.09-06.42.27:323][  0]LogConfig: Setting CVar [[foliage.DensityScale:1.0]]
[2022.03.09-06.42.27:323][  0]LogConfig: Setting CVar [[grass.DensityScale:1.0]]
[2022.03.09-06.42.27:323][  0]LogConfig: Applying CVar settings from Section [ShadingQuality@3] File [C:/Diplomna Rabota/Saved/Config/Windows/Scalability.ini]
[2022.03.09-06.42.27:323][  0]LogConfig: Setting CVar [[r.HairStrands.SkyLighting.IntegrationType:2]]
[2022.03.09-06.42.27:323][  0]LogConfig: Setting CVar [[r.HairStrands.SkyAO.SampleCount:4]]
[2022.03.09-06.42.27:323][  0]LogConfig: Setting CVar [[r.HairStrands.Visibility.MSAA.SamplePerPixel:4]]
[2022.03.09-06.42.27:323][  0]LogConfig: Applying CVar settings from Section [Startup] File [../../../Engine/Config/ConsoleVariables.ini]
[2022.03.09-06.42.27:323][  0]LogConfig: Setting CVar [[net.UseAdaptiveNetUpdateFrequency:0]]
[2022.03.09-06.42.27:323][  0]LogConfig: Setting CVar [[p.chaos.AllowCreatePhysxBodies:1]]
[2022.03.09-06.42.27:323][  0]LogConfig: Setting CVar [[fx.SkipVectorVMBackendOptimizations:1]]
[2022.03.09-06.42.27:323][  0]LogConfig: Applying CVar settings from Section [ConsoleVariables] File [C:/Diplomna Rabota/Saved/Config/Windows/Engine.ini]
[2022.03.09-06.42.27:323][  0]LogConfig: Applying CVar settings from Section [ConsoleVariables] File [C:/Diplomna Rabota/Saved/Config/Windows/Editor.ini]
[2022.03.09-06.42.27:323][  0]LogInit: Computer: DESKTOP-2MK5LJ7
[2022.03.09-06.42.27:323][  0]LogInit: User: Nikolay
[2022.03.09-06.42.27:323][  0]LogInit: CPU Page size=4096, Cores=6
[2022.03.09-06.42.27:323][  0]LogInit: High frequency timer resolution =10.000000 MHz
[2022.03.09-06.42.27:323][  0]LogMemory: Memory total: Physical=15.8GB (16GB approx)
[2022.03.09-06.42.27:323][  0]LogMemory: Platform Memory Stats for Windows
[2022.03.09-06.42.27:323][  0]LogMemory: Process Physical Memory: 144.00 MB used, 144.00 MB peak
[2022.03.09-06.42.27:323][  0]LogMemory: Process Virtual Memory: 128.12 MB used, 128.12 MB peak
[2022.03.09-06.42.27:323][  0]LogMemory: Physical Memory: 9597.80 MB used,  6549.51 MB free, 16147.30 MB total
[2022.03.09-06.42.27:323][  0]LogMemory: Virtual Memory: 134198464.00 MB used,  19264.29 MB free, 134217728.00 MB total
[2022.03.09-06.42.27:327][  0]LogWindows: WindowsPlatformFeatures enabled
[2022.03.09-06.42.27:360][  0]LogInit: Physics initialised using underlying interface: PhysX
[2022.03.09-06.42.27:361][  0]LogInit: Using OS detected language (en-US).
[2022.03.09-06.42.27:361][  0]LogInit: Using OS detected locale (en-US).
[2022.03.09-06.42.27:363][  0]LogTextLocalizationManager: No specific localization for 'en-US' exists, so the 'en' localization will be used.
[2022.03.09-06.42.27:501][  0]LogInit: Setting process to per monitor DPI aware
[2022.03.09-06.42.27:513][  0]LogWindowsTextInputMethodSystem: Display: IME system deactivated.
[2022.03.09-06.42.27:524][  0]LogSlate: New Slate User Created.  User Index 0, Is Virtual User: 0
[2022.03.09-06.42.27:524][  0]LogSlate: Slate User Registered.  User Index 0, Is Virtual User: 0
[2022.03.09-06.42.27:621][  0]LogD3D12RHI: Aftermath initialized
[2022.03.09-06.42.27:621][  0]LogD3D12RHI: Loading WinPixEventRuntime.dll for PIX profiling (from ../../../Engine/Binaries/ThirdParty/Windows/WinPixEventRuntime/x64).
[2022.03.09-06.42.27:649][  0]LogHMD: Failed to initialize OpenVR with code 110
[2022.03.09-06.42.27:762][  0]LogD3D12RHI: Found D3D12 adapter 0: NVIDIA GeForce RTX 3050 Laptop GPU (Max supported Feature Level 12_1)
[2022.03.09-06.42.27:762][  0]LogD3D12RHI: Adapter has 3991MB of dedicated video memory, 0MB of dedicated system memory, and 8073MB of shared system memory, 1 output[s]
[2022.03.09-06.42.27:811][  0]LogD3D12RHI: Found D3D12 adapter 1: Intel(R) UHD Graphics (Max supported Feature Level 12_1)
[2022.03.09-06.42.27:811][  0]LogD3D12RHI: Adapter has 128MB of dedicated video memory, 0MB of dedicated system memory, and 8073MB of shared system memory, 0 output[s]
[2022.03.09-06.42.27:818][  0]LogD3D12RHI: Found D3D12 adapter 2: Microsoft Basic Render Driver (Max supported Feature Level 12_1)
[2022.03.09-06.42.27:818][  0]LogD3D12RHI: Adapter has 0MB of dedicated video memory, 0MB of dedicated system memory, and 8073MB of shared system memory, 0 output[s]
[2022.03.09-06.42.27:818][  0]LogD3D12RHI: Forcing D3D12.AsyncDeferredDeletion=0 as a workaround for a deadlock.
[2022.03.09-06.42.27:819][  0]LogD3D12RHI: Chosen D3D12 Adapter Id = 0
[2022.03.09-06.42.27:824][  0]LogD3D12RHI: InitD3DDevice: -D3DDebug = off -D3D12GPUValidation = off
[2022.03.09-06.42.27:824][  0]LogD3D12RHI: Emitting draw events for PIX profiling.
[2022.03.09-06.42.27:896][  0]LogD3D12RHI: The system supports ID3D12Device1.
[2022.03.09-06.42.27:896][  0]LogD3D12RHI: The system supports ID3D12Device2.
[2022.03.09-06.42.27:896][  0]LogD3D12RHI: The system supports ID3D12Device5.
[2022.03.09-06.42.27:896][  0]LogD3D12RHI: The system supports ID3D12Device7.
[2022.03.09-06.42.27:896][  0]LogD3D12RHI: D3D12 ray tracing 1.0 is supported.
[2022.03.09-06.42.27:896][  0]LogD3D12RHI: D3D12 ray tracing 1.1 is supported.
[2022.03.09-06.42.27:951][  0]LogD3D12RHI: [GPUBreadCrumb] Successfully setup breadcrumb resource for 3D Queue 0
[2022.03.09-06.42.27:957][  0]LogD3D12RHI: [GPUBreadCrumb] Successfully setup breadcrumb resource for Copy Queue 0
[2022.03.09-06.42.27:968][  0]LogD3D12RHI: [GPUBreadCrumb] Successfully setup breadcrumb resource for Compute Queue 0
[2022.03.09-06.42.27:980][  0]LogD3D12RHI: Display: Not using pipeline state disk cache per r.D3D12.PSO.DiskCache=0
[2022.03.09-06.42.27:980][  0]LogD3D12RHI: Display: Not using driver-optimized pipeline state disk cache per r.D3D12.PSO.DriverOptimizedDiskCache=0
[2022.03.09-06.42.28:004][  0]LogD3D12RHI:     GPU DeviceId: 0x25a2 (for the marketing name, search the web for "GPU Device Id")
[2022.03.09-06.42.28:004][  0]LogWindows: EnumDisplayDevices:
[2022.03.09-06.42.28:004][  0]LogWindows:    0. 'Intel(R) UHD Graphics' (P:1 D:1)
[2022.03.09-06.42.28:005][  0]LogWindows:    1. 'Intel(R) UHD Graphics' (P:0 D:0)
[2022.03.09-06.42.28:005][  0]LogWindows:    2. 'Intel(R) UHD Graphics' (P:0 D:0)
[2022.03.09-06.42.28:005][  0]LogWindows:    3. 'Intel(R) UHD Graphics' (P:0 D:0)
[2022.03.09-06.42.28:005][  0]LogWindows:    4. 'NVIDIA GeForce RTX 3050 Laptop GPU' (P:0 D:0)
[2022.03.09-06.42.28:005][  0]LogWindows: DebugString: PrimaryIsNotTheChoosenAdapter PrimaryIsNotTheChoosenAdapter PrimaryIsNotTheChoosenAdapter PrimaryIsNotTheChoosenAdapter 
[2022.03.09-06.42.28:005][  0]LogD3D12RHI:     Adapter Name: NVIDIA GeForce RTX 3050 Laptop GPU
[2022.03.09-06.42.28:005][  0]LogD3D12RHI:   Driver Version: 462.62 (internal:27.21.14.6262, unified:462.62)
[2022.03.09-06.42.28:005][  0]LogD3D12RHI:      Driver Date: 5-11-2021
[2022.03.09-06.42.28:005][  0]LogRHI: Texture pool is 2137 MB (70% of 3053 MB)
[2022.03.09-06.42.28:005][  0]LogD3D12RHI: Async texture creation enabled
[2022.03.09-06.42.28:005][  0]LogD3D12RHI: RHI has support for 64 bit atomics
[2022.03.09-06.42.28:015][  0]LogRHI: GeForceNow SDK initialized: 0
[2022.03.09-06.42.28:243][  0]LogTargetPlatformManager: Display: Loaded TargetPlatform 'AllDesktop'
[2022.03.09-06.42.28:257][  0]LogTargetPlatformManager: Display: Loaded TargetPlatform 'Android'
[2022.03.09-06.42.28:257][  0]LogTargetPlatformManager: Display: Loaded TargetPlatform 'Android_ASTC'
[2022.03.09-06.42.28:257][  0]LogTargetPlatformManager: Display: Loaded TargetPlatform 'Android_DXT'
[2022.03.09-06.42.28:257][  0]LogTargetPlatformManager: Display: Loaded TargetPlatform 'Android_ETC2'
[2022.03.09-06.42.28:257][  0]LogTargetPlatformManager: Display: Loaded TargetPlatform 'AndroidClient'
[2022.03.09-06.42.28:257][  0]LogTargetPlatformManager: Display: Loaded TargetPlatform 'Android_ASTCClient'
[2022.03.09-06.42.28:257][  0]LogTargetPlatformManager: Display: Loaded TargetPlatform 'Android_DXTClient'
[2022.03.09-06.42.28:257][  0]LogTargetPlatformManager: Display: Loaded TargetPlatform 'Android_ETC2Client'
[2022.03.09-06.42.28:257][  0]LogTargetPlatformManager: Display: Loaded TargetPlatform 'Android_Multi'
[2022.03.09-06.42.28:257][  0]LogTargetPlatformManager: Display: Loaded TargetPlatform 'Android_MultiClient'
[2022.03.09-06.42.28:270][  0]LogTargetPlatformManager: Display: Loaded TargetPlatform 'IOSClient'
[2022.03.09-06.42.28:270][  0]LogTargetPlatformManager: Display: Loaded TargetPlatform 'IOS'
[2022.03.09-06.42.28:276][  0]LogTargetPlatformManager: Display: Loaded TargetPlatform 'Linux'
[2022.03.09-06.42.28:279][  0]LogTargetPlatformManager: Display: Loaded TargetPlatform 'LinuxNoEditor'
[2022.03.09-06.42.28:282][  0]LogTargetPlatformManager: Display: Loaded TargetPlatform 'LinuxClient'
[2022.03.09-06.42.28:284][  0]LogTargetPlatformManager: Display: Loaded TargetPlatform 'LinuxServer'
[2022.03.09-06.42.28:291][  0]LogTargetPlatformManager: Display: Loaded TargetPlatform 'LinuxAArch64NoEditor'
[2022.03.09-06.42.28:293][  0]LogTargetPlatformManager: Display: Loaded TargetPlatform 'LinuxAArch64Client'
[2022.03.09-06.42.28:296][  0]LogTargetPlatformManager: Display: Loaded TargetPlatform 'LinuxAArch64Server'
[2022.03.09-06.42.28:313][  0]LogTargetPlatformManager: Display: Loaded TargetPlatform 'Lumin'
[2022.03.09-06.42.28:313][  0]LogTargetPlatformManager: Display: Loaded TargetPlatform 'LuminClient'
[2022.03.09-06.42.28:319][  0]LogTargetPlatformManager: Display: Loaded TargetPlatform 'MacNoEditor'
[2022.03.09-06.42.28:322][  0]LogTargetPlatformManager: Display: Loaded TargetPlatform 'Mac'
[2022.03.09-06.42.28:324][  0]LogTargetPlatformManager: Display: Loaded TargetPlatform 'MacClient'
[2022.03.09-06.42.28:327][  0]LogTargetPlatformManager: Display: Loaded TargetPlatform 'MacServer'
[2022.03.09-06.42.28:334][  0]LogTargetPlatformManager: Display: Loaded TargetPlatform 'TVOSClient'
[2022.03.09-06.42.28:334][  0]LogTargetPlatformManager: Display: Loaded TargetPlatform 'TVOS'
[2022.03.09-06.42.28:341][  0]LogTargetPlatformManager: Display: Loaded TargetPlatform 'WindowsNoEditor'
[2022.03.09-06.42.28:344][  0]LogTargetPlatformManager: Display: Loaded TargetPlatform 'Windows'
[2022.03.09-06.42.28:347][  0]LogTargetPlatformManager: Display: Loaded TargetPlatform 'WindowsClient'
[2022.03.09-06.42.28:350][  0]LogTargetPlatformManager: Display: Loaded TargetPlatform 'WindowsServer'
[2022.03.09-06.42.28:350][  0]LogTargetPlatformManager: Display: Building Assets For Windows
[2022.03.09-06.42.28:355][  0]LogAudioDebug: Display: Lib vorbis DLL was dynamically loaded.
[2022.03.09-06.42.28:375][  0]LogTextureFormatOodle: Display: Oodle Texture 2.9.0 init RDO Off
[2022.03.09-06.42.28:396][  0]LogRendererCore: Ray tracing is enabled for the editor. Reason: r.RayTracing=1.
[2022.03.09-06.42.28:396][  0]LogShaderCompilers: Guid format shader working directory is 18 characters bigger than the processId version (../../../../../Diplomna Rabota/Intermediate/Shaders/WorkingDirectory/9700/).
[2022.03.09-06.42.28:396][  0]LogShaderCompilers: Cleaned the shader compiler working directory 'C:/Users/Nikolay/AppData/Local/Temp/UnrealShaderWorkingDir/4FA1698042C33EC1124B09B18C283FD3/'.
[2022.03.09-06.42.28:396][  0]LogXGEController: Cannot use XGE Controller as Incredibuild is not installed on this machine.
[2022.03.09-06.42.28:396][  0]LogShaderCompilers: Cannot use XGE Shader Compiler as Incredibuild is not installed on this machine.
[2022.03.09-06.42.28:396][  0]LogShaderCompilers: Display: Using Local Shader Compiler.
[2022.03.09-06.42.29:006][  0]LogDerivedDataCache: Display: Max Cache Size: 512 MB
[2022.03.09-06.42.29:065][  0]LogDerivedDataCache: Loaded boot cache 0.06s 132MB C:/Users/Nikolay/AppData/Local/UnrealEngine/4.27/DerivedDataCache/Boot.ddc.
[2022.03.09-06.42.29:065][  0]LogDerivedDataCache: Display: Loaded Boot cache: C:/Users/Nikolay/AppData/Local/UnrealEngine/4.27/DerivedDataCache/Boot.ddc
[2022.03.09-06.42.29:065][  0]LogDerivedDataCache: FDerivedDataBackendGraph:  Pak pak cache file ../../../../../Diplomna Rabota/DerivedDataCache/DDC.ddp not found, will not use a pak cache.
[2022.03.09-06.42.29:065][  0]LogDerivedDataCache: Unable to find inner node Pak for hierarchical cache Hierarchy.
[2022.03.09-06.42.29:065][  0]LogDerivedDataCache: FDerivedDataBackendGraph:  CompressedPak pak cache file ../../../../../Diplomna Rabota/DerivedDataCache/Compressed.ddp not found, will not use a pak cache.
[2022.03.09-06.42.29:065][  0]LogDerivedDataCache: Unable to find inner node CompressedPak for hierarchical cache Hierarchy.
[2022.03.09-06.42.29:078][  0]LogDerivedDataCache: Display: Pak cache opened for reading ../../../Engine/DerivedDataCache/Compressed.ddp.
[2022.03.09-06.42.29:078][  0]LogDerivedDataCache: FDerivedDataBackendGraph:  EnterprisePak pak cache file ../../../Enterprise/DerivedDataCache/Compressed.ddp not found, will not use a pak cache.
[2022.03.09-06.42.29:078][  0]LogDerivedDataCache: Unable to find inner node EnterprisePak for hierarchical cache Hierarchy.
[2022.03.09-06.42.29:080][  0]LogDerivedDataCache: Speed tests for C:/Users/Nikolay/AppData/Local/UnrealEngine/Common/DerivedDataCache took 0.00 seconds
[2022.03.09-06.42.29:080][  0]LogDerivedDataCache: Display: Performance to C:/Users/Nikolay/AppData/Local/UnrealEngine/Common/DerivedDataCache: Latency=0.02ms. RandomReadSpeed=1566.71MBs, RandomWriteSpeed=340.41MBs. Assigned SpeedClass 'Local'
[2022.03.09-06.42.29:081][  0]LogDerivedDataCache: Using Local data cache path C:/Users/Nikolay/AppData/Local/UnrealEngine/Common/DerivedDataCache: Writable
[2022.03.09-06.42.29:081][  0]LogDerivedDataCache: Shared data cache path not found in *engine.ini, will not use an Shared cache.
[2022.03.09-06.42.29:081][  0]LogDerivedDataCache: Unable to find inner node Shared for hierarchical cache Hierarchy.
[2022.03.09-06.42.29:123][  0]LogSlate: Using FreeType 2.10.0
[2022.03.09-06.42.29:123][  0]LogSlate: SlateFontServices - WITH_FREETYPE: 1, WITH_HARFBUZZ: 1
[2022.03.09-06.42.29:141][  0]LogAssetRegistry: FAssetRegistry took 0.0023 seconds to start up
[2022.03.09-06.42.29:311][  0]LogInit: Selected Device Profile: [Windows]
[2022.03.09-06.42.29:311][  0]LogInit: Active device profile: [0000015DAB453C00][0000015DA8C464C0 49] Windows
[2022.03.09-06.42.29:311][  0]LogInit: Profiles: [0000015DAB453C00][0000015DA8C464C0 49] Windows, [0000015DAB404500][0000015DA8C4A600 49] WindowsNoEditor, [0000015DAB450400][0000015DAB01C780 49] WindowsServer, [0000015DAB407A00][0000015DAB020900 49] WindowsClient, [0000015DAB453800][0000015DAB024A80 49] IOS, [0000015DAB404A00][0000015DAB028C00 49] iPadAir, [0000015DAB450800][0000015DAB02CD80 49] iPadAir2, [0000015DAB3A4A00][0000015DAB035040 49] IPadPro, [0000015DAB3A4B00][0000015DAB031080 49] iPadAir3, [0000015DAB453700][0000015DAB039200 49] iPadAir4, [0000015DAB3A4900][0000015DAB03D380 49] iPadMini2, [0000015DAB450900][0000015DAB041500 49] iPadMini3, [0000015DAB3A5600][0000015DAB045680 49] iPadMini4, [0000015DAB452F00][0000015DAB049800 49] iPadMini5, [0000015DAB407000][0000015DAB051AC0 49] iPhone6, [0000015DAB406F00][0000015DAB04DB00 49] iPodTouch6, [0000015DAB3A7A00][0000015DAC0DC240 49] iPhone7, [0000015DAB2FFF00][0000015DAB058280 49] iPodTouch7, [0000015DAB407700][0000015DAB0183C0 49] iPhone5S, [0000015DAB2FCA00][0000015DAC108500 49] iPhone6Plus, [0000015DAB406A00][0000015DAC130640 49] iPhone6S, [0000015DAB2FF500][0000015DA499E780 49] iPhone6SPlus, [0000015DAB404100][0000015DA4ED8900 49] iPhone7Plus, [0000015DAB2FD000][0000015DA49C6A80 49] iPhoneSE, [0000015DAB407F00][0000015DA49EEC00 49] iPhone8, [0000015DAB2FEF00][0000015DA49F2D80 49] iPhone8Plus, [0000015DAB404B00][0000015DA4A02F00 49] iPhoneX, [0000015DAB2FD500][0000015D9ECA7080 49] iPhoneXS, [0000015DAB406300][0000015D9ECAB200 49] iPhoneXSMax, [0000015DAB2FEA00][0000015D9ECAF380 49] iPhoneXR, [0000015DAB404E00][0000015DA88DF500 49] iPhone11, [0000015DAB2FDA00][0000015DA88E7680 49] iPhone11Pro, [0000015DAB404600][0000015DA88EB800 49] iPhone11ProMax, [0000015DAB2FCD00][0000015DA88F7980 49] iPhoneSE2, [0000015DAB405600][0000015DA88FBB00 49] iPhone12Mini, [0000015DAB2FCB00][0000015DA88FE100 49] iPhone12, [0000015DAB406C00][0000015DA8902280 49] iPhone12Pro, [0000015DAB2FC900][0000015DA8906400 49] iPhone12ProMax, [0000015DAB407500][0000015DA8912580 49] iPadPro105, [0000015DAB2FD300][0000015DA4ED46C0 49] iPadPro129, [0000015DAB407B00][0000015D9EC4A800 49] iPadPro97, [0000015DAB2FE800][0000015DA892A940 49] iPadPro2_129, [0000015DAB407C00][0000015DAC0CAAC0 49] iPad5, [0000015DAB2FF000][0000015DAC0CEC40 49] iPad6, [0000015DAB406800][0000015DAC0D2DC0 49] iPad7, [0000015DAB2FDB00][0000015DAC0D6F40 49] iPad8, [0000015DAB405200][0000015DA48F90C0 49] iPadPro11, [0000015DAB2FE700][0000015DA48FD240 49] iPadPro2_11, [0000015DAB405D00][0000015DA49973C0 49] iPadPro3_129, [0000015DAB2FDD00][0000015DAC7B3540 49] iPadPro4_129, [0000015DAB407D00][0000015DAC7F76C0 49] AppleTV, [0000015DAB2FF800][0000015DAC7FB840 49] AppleTV4K, [0000015DAB407400][0000015DAC7FF9C0 49] TVOS, [0000015DAB2FD600][0000015DAC83FB40 49] Mac, [0000015DAB406600][0000015DAC1A0140 49] MacClient, [0000015DAB2FE500][0000015DAC1CE2C0 49] MacNoEditor, [0000015DAB406100][0000015DAC236440 49] MacServer, [0000015DAB2FC600][0000015DAC23E5C0 49] Linux, [0000015DAB406B00][0000015DAC24E740 49] LinuxAArch64, [0000015DAB2FF400][0000015DA892E880 49] LinuxNoEditor, [0000015DAB405800][0000015DAC25E9C0 49] LinuxAArch64NoEditor, [0000015DAB2FCF00][0000015DAC2AAB00 49] LinuxClient, [0000015DAB406400][0000015DAC3D4C40 49] LinuxAArch64Client, [0000015DAB2FCE00][0000015DAC3E6DC0 49] LinuxServer, [0000015DAB407100][0000015DAC3EAF40 49] LinuxAArch64Server, [0000015DAB2FD200][0000015DAC3EF0C0 49] Android, [0000015DAB405500][0000015DAC3F3240 49] Android_Low, [0000015DAB2FE300][0000015DAC3F73C0 49] Android_Mid, [0000015DAB404400][0000015DAC3FB540 49] Android_High, [0000015DAB2FDF00][0000015DAC3FF6C0 49] Android_Default, [0000015DAB405000][0000015DAC403840 49] Android_Adreno4xx, [0000015DAA088C00][0000015DAC0919C0 49] Android_Adreno5xx_Low, [0000015DAB3A7800][0000015DAC0BDB40 49] Android_Adreno5xx, [0000015DAA089600][0000015DAC0C0140 49] Android_Adreno6xx, [0000015DAB3A5900][0000015DAC4062C0 49] Android_Adreno6xx_Vulkan, [0000015DAA089500][0000015DAC446440 49] Android_Mali_T6xx, [0000015DAB3A6600][0000015DAC44A5C0 49] Android_Mali_T7xx, [0000015DAA088300][0000015DAC44E740 49] Android_Mali_T8xx, [0000015DAB3A7400][0000015DAC4528C0 49] Android_Mali_G71, [0000015DAA08A500][0000015DAC3E2A00 49] Android_Mali_G72, [0000015DAB3A6500][0000015DAC456B40 49] Android_Mali_G72_Vulkan, [0000015DAA08A800][0000015DAC45AC80 49] Android_Mali_G76, [0000015DAB3A7D00][0000015DAC45EDC0 49] Android_Mali_G76_Vulkan, [0000015DAA08A200][0000015DAC466F40 49] Android_Mali_G77, [0000015DAB3A7B00][0000015DACC590C0 49] Android_Mali_G77_Vulkan, [0000015DAA088600][0000015DACC5D240 49] Android_Mali_G78, [0000015DAB3A5C00][0000015DACC613C0 49] Android_Mali_G78_Vulkan, [0000015DAA088B00][0000015DACC65540 49] Android_Mali_G710, [0000015DAB3A5800][0000015DACC696C0 49] Android_Mali_G710_Vulkan, [0000015DAA089E00][0000015DACC6D840 49] Android_Vulkan_SM5, [0000015DAB3A5700][0000015DACC719C0 49] Android_PowerVR_G6xxx, [0000015DAA089C00][0000015DA890FB40 49] Android_PowerVR_GT7xxx, [0000015DAB3A6100][0000015DACC80140 49] Android_PowerVR_GE8xxx, [0000015DAA089400][0000015DACC842C0 49] Android_PowerVR_GM9xxx, [0000015DAB3A7900][0000015DACC88440 49] Android_PowerVR_GM9xxx_Vulkan, [0000015DAB2FD700][0000015DACC8C5C0 49] Android_TegraK1, [0000015DAB3A7700][0000015DA4EBA740 49] Android_Unknown_Vulkan, [0000015DAB2FE200][0000015DA4EBE8C0 49] Lumin, [0000015DAB3A4D00][0000015DAC1CAA40 49] Lumin_Desktop, [0000015DAB2FDC00][0000015DAC19CBC0 49] HoloLens, 
[2022.03.09-06.42.29:419][  0]LogMeshReduction: Using QuadricMeshReduction for automatic static mesh reduction
[2022.03.09-06.42.29:419][  0]LogMeshReduction: Using SimplygonMeshReduction for automatic skeletal mesh reduction
[2022.03.09-06.42.29:419][  0]LogMeshReduction: Using ProxyLODMeshReduction for automatic mesh merging
[2022.03.09-06.42.29:419][  0]LogMeshReduction: No distributed automatic mesh merging module available
[2022.03.09-06.42.29:419][  0]LogMeshMerging: No distributed automatic mesh merging module available
[2022.03.09-06.42.29:583][  0]LogNetVersion: DiplomnaRabota1 1.0.0, NetCL: 17155196, EngineNetVer: 17, GameNetVer: 0 (Checksum: 2227974778)
[2022.03.09-06.42.29:858][  0]LogTexture: Default maximum texture size for cubemaps generated from long-lat sources has been changed from 512 to unlimited. In order to preserve old behaiour for '/Engine/MapTemplates/Sky/DaylightAmbientCubemap.DaylightAmbientCubemap', its maximum texture size has been explicitly set to 512.
[2022.03.09-06.42.29:911][  0]LogHMD: PokeAHoleMaterial loaded successfully
[2022.03.09-06.42.29:915][  0]LogUObjectArray: 17178 objects as part of root set at end of initial load.
[2022.03.09-06.42.29:915][  0]LogUObjectAllocator: 4301856 out of 0 bytes used by permanent object pool.
[2022.03.09-06.42.29:916][  0]LogUObjectArray: CloseDisregardForGC: 0/0 objects in disregard for GC pool
[2022.03.09-06.42.30:040][  0]LogD3D12RHI: Creating RTPSO with 3 shaders (0 cached, 3 new) took 53.15 ms. Compile time 6.31 ms, link time 46.82 ms.
[2022.03.09-06.42.30:079][  0]LogNiagaraDebuggerClient: Niagara Debugger Client Initialized | Session: 9A90FD9746F5A72EE09D7B834E27C040 | Instance: FF590DC044402B7BB7F263B5FB5D6D3A (DESKTOP-2MK5LJ7-9700).
[2022.03.09-06.42.30:256][  0]LogImageWrapper: Warning: PNG Warning: Duplicate iCCP chunk
[2022.03.09-06.42.30:256][  0]LogImageWrapper: Warning: PNG Warning: Duplicate iCCP chunk
[2022.03.09-06.42.30:256][  0]LogPython: Using Python 3.7.7
[2022.03.09-06.42.30:628][  0]LogTcpMessaging: Initializing TcpMessaging bridge
[2022.03.09-06.42.30:632][  0]LogUdpMessaging: Initializing bridge on interface 0.0.0.0:0 to multicast group 230.0.0.1:6666.
[2022.03.09-06.42.30:792][  0]SourceControl: Source control is disabled
[2022.03.09-06.42.30:792][  0]SourceControl: Source control is disabled
[2022.03.09-06.42.30:794][  0]SourceControl: Source control is disabled
[2022.03.09-06.42.30:845][  0]SourceControl: Source control is disabled
[2022.03.09-06.42.30:846][  0]SourceControl: Source control is disabled
[2022.03.09-06.42.30:851][  0]LogUProjectInfo: Found projects:
[2022.03.09-06.42.30:926][  0]LogOpenImageDenoise: OIDN starting up
[2022.03.09-06.42.30:936][  0]LogAndroidPermission: UAndroidPermissionCallbackProxy::GetInstance
[2022.03.09-06.42.30:952][  0]LogAudioCaptureCore: Display: No Audio Capture implementations found. Audio input will be silent.
[2022.03.09-06.42.30:952][  0]LogAudioCaptureCore: Display: No Audio Capture implementations found. Audio input will be silent.
[2022.03.09-06.42.31:041][  0]LogCollectionManager: Loaded 0 collections in 0.001191 seconds
[2022.03.09-06.42.31:060][  0]LogFileCache: Scanning file cache for directory 'C:/Diplomna Rabota/Saved/Collections/' took 0.00s
[2022.03.09-06.42.31:060][  0]LogFileCache: Scanning file cache for directory 'C:/Diplomna Rabota/Content/Developers/Nikolay/Collections/' took 0.00s
[2022.03.09-06.42.31:060][  0]LogFileCache: Scanning file cache for directory 'C:/Diplomna Rabota/Content/Collections/' took 0.00s
[2022.03.09-06.42.31:060][  0]LogOcInput: OculusInput pre-init called
[2022.03.09-06.42.31:230][  0]LogImageWrapper: Warning: PNG Warning: Duplicate iCCP chunk
[2022.03.09-06.42.31:230][  0]LogImageWrapper: Warning: PNG Warning: Duplicate iCCP chunk
[2022.03.09-06.42.31:230][  0]LogEngine: Initializing Engine...
[2022.03.09-06.42.31:235][  0]LogHMD: Failed to enumerate extensions. Please check that you have a valid OpenXR runtime installed.
[2022.03.09-06.42.31:235][  0]LogHMD: Failed to initialize OpenVR with code 110
[2022.03.09-06.42.31:236][  0]LogMagicLeap: Warning: VR disabled because ZI is not enabled.  To enable, in the editor, Edit -> Project Settings -> Plugins -> Magic Leap Plugin -> Enable Zero Iteration
[2022.03.09-06.42.31:236][  0]LogStats: UGameplayTagsManager::InitializeManager -  0.000 s
[2022.03.09-06.42.31:340][  0]LogInit: Initializing FReadOnlyCVARCache
[2022.03.09-06.42.31:346][  0]LogAIModule: Creating AISystem for world Untitled
[2022.03.09-06.42.31:349][  0]LogAudio: Display: Initializing Audio Device Manager...
[2022.03.09-06.42.31:351][  0]LogAudio: Display: Loading Default Audio Settings Objects...
[2022.03.09-06.42.31:352][  0]LogAudio: Display: No default SoundConcurrencyObject specified (or failed to load).
[2022.03.09-06.42.31:352][  0]LogAudio: Display: Audio Device Manager Initialized
[2022.03.09-06.42.31:352][  0]LogAudio: Display: Creating Audio Device:                 Id: 1, Scope: Shared, Realtime: True
[2022.03.09-06.42.31:352][  0]LogAudioMixer: Display: Audio Mixer Platform Settings:
[2022.03.09-06.42.31:352][  0]LogAudioMixer: Display: 	Sample Rate:						  48000
[2022.03.09-06.42.31:352][  0]LogAudioMixer: Display: 	Callback Buffer Frame Size Requested: 1024
[2022.03.09-06.42.31:352][  0]LogAudioMixer: Display: 	Callback Buffer Frame Size To Use:	  1024
[2022.03.09-06.42.31:352][  0]LogAudioMixer: Display: 	Number of buffers to queue:			  2
[2022.03.09-06.42.31:352][  0]LogAudioMixer: Display: 	Max Channels (voices):				  32
[2022.03.09-06.42.31:352][  0]LogAudioMixer: Display: 	Number of Async Source Workers:		  0
[2022.03.09-06.42.31:352][  0]LogAudio: Display: AudioDevice MaxSources: 32
[2022.03.09-06.42.31:353][  0]LogAudio: Display: Audio Spatialization Plugin: None (built-in).
[2022.03.09-06.42.31:353][  0]LogAudio: Display: Audio Reverb Plugin: None (built-in).
[2022.03.09-06.42.31:353][  0]LogAudio: Display: Audio Occlusion Plugin: None (built-in).
[2022.03.09-06.42.31:353][  0]LogAudioMixer: Display: Initializing audio mixer.
[2022.03.09-06.42.31:362][  0]LogAudioMixer: Display: 0: FrontLeft
[2022.03.09-06.42.31:362][  0]LogAudioMixer: Display: 1: FrontRight
[2022.03.09-06.42.31:399][  0]LogAudioMixer: Display: Using Audio Device Speakers (Realtek(R) Audio)
[2022.03.09-06.42.31:403][  0]LogAudioMixer: Display: Initializing Sound Submixes...
[2022.03.09-06.42.31:404][  0]LogAudioMixer: Display: Creating Master Submix 'MasterSubmixDefault'
[2022.03.09-06.42.31:404][  0]LogAudioMixer: Display: Creating Master Submix 'MasterReverbSubmixDefault'
[2022.03.09-06.42.31:405][  0]LogAudioMixer: Display: Creating Master Submix 'MasterEQSubmixDefault'
[2022.03.09-06.42.31:405][  0]LogAudioMixer: FMixerPlatformXAudio2::StartAudioStream() called
[2022.03.09-06.42.31:405][  0]LogAudioMixer: Display: Output buffers initialized: Frames=1024, Channels=2, Samples=2048
[2022.03.09-06.42.31:406][  0]LogAudioMixer: Display: Starting AudioMixerPlatformInterface::RunInternal()
[2022.03.09-06.42.31:406][  0]LogAudioMixer: Display: FMixerPlatformXAudio2::SubmitBuffer() called for the first time
[2022.03.09-06.42.31:406][  0]LogInit: FAudioDevice initialized.
[2022.03.09-06.42.31:406][  0]LogAudio: Display: Audio Device (ID: 1) registered with world 'Untitled'.
[2022.03.09-06.42.31:406][  0]LogNetVersion: Set ProjectVersion to 1.0.0.0. Version Checksum will be recalculated on next use.
[2022.03.09-06.42.31:462][  0]LogDerivedDataCache: Saved boot cache 0.05s 132MB C:/Users/Nikolay/AppData/Local/UnrealEngine/4.27/DerivedDataCache/Boot.ddc.
[2022.03.09-06.42.31:465][  0]LogInit: Texture streaming: Enabled
[2022.03.09-06.42.31:474][  0]LogAnalytics: Display: [UEEditor.Rocket.Release] APIServer = https://datarouter.ol.epicgames.com/. AppVersion = 4.27.1-17735300+++UE4+Release-4.27
[2022.03.09-06.42.31:478][  0]LogEngineSessionManager: EngineSessionManager initialized
[2022.03.09-06.42.31:478][  0]LogEditorSessionSummary: Verbose: Initializing EditorSessionSummaryWriter for editor session tracking
[2022.03.09-06.42.31:482][  0]LogEditorSessionSummary: EditorSessionSummaryWriter initialized
[2022.03.09-06.42.31:500][  0]LogInit: Transaction tracking system initialized
[2022.03.09-06.42.31:514][  0]BlueprintLog: New page: Editor Load
[2022.03.09-06.42.31:556][  0]LocalizationService: Localization service is disabled
[2022.03.09-06.42.31:571][  0]TimingProfiler: Initialize
[2022.03.09-06.42.31:571][  0]TimingProfiler: OnSessionChanged
[2022.03.09-06.42.31:571][  0]LoadingProfiler: Initialize
[2022.03.09-06.42.31:571][  0]LoadingProfiler: OnSessionChanged
[2022.03.09-06.42.31:571][  0]NetworkingProfiler: Initialize
[2022.03.09-06.42.31:571][  0]NetworkingProfiler: OnSessionChanged
[2022.03.09-06.42.31:571][  0]MemoryProfiler: Initialize
[2022.03.09-06.42.31:571][  0]MemoryProfiler: OnSessionChanged
[2022.03.09-06.42.31:684][  0]LogCook: Display: CookSettings for Memory: MemoryMaxUsedVirtual 0MiB, MemoryMaxUsedPhysical 16384MiB, MemoryMinFreeVirtual 0MiB, MemoryMinFreePhysical 1024MiB
[2022.03.09-06.42.31:684][  0]LogCook: Display: Mobile HDR setting 1
[2022.03.09-06.42.31:820][  0]LogFileCache: Scanning file cache for directory 'C:/Diplomna Rabota/Content/' took 0.00s
[2022.03.09-06.42.31:902][  0]LogImageWrapper: Warning: PNG Warning: Duplicate iCCP chunk
[2022.03.09-06.42.31:902][  0]LogImageWrapper: Warning: PNG Warning: Duplicate iCCP chunk
[2022.03.09-06.42.31:943][  0]LogInit: Display: Engine is initialized. Leaving FEngineLoop::Init()
[2022.03.09-06.42.31:947][  0]SourceControl: Source control is disabled
[2022.03.09-06.42.31:947][  0]LogUnrealEdMisc: Loading editor; pre map load, took 5.468
[2022.03.09-06.42.31:947][  0]Cmd: MAP LOAD FILE="../../../../../Diplomna Rabota/Content/ThirdPersonBP/Maps/Mansion1/Mansion1.umap" TEMPLATE=0 SHOWPROGRESS=1 FEATURELEVEL=3
[2022.03.09-06.42.31:947][  0]LightingResults: New page: Lighting Build
[2022.03.09-06.42.31:948][  0]LogWorld: UWorld::CleanupWorld for Untitled, bSessionEnded=true, bCleanupResources=true
[2022.03.09-06.42.31:948][  0]LogSlate: InvalidateAllWidgets triggered.  All widgets were invalidated
[2022.03.09-06.42.31:948][  0]MapCheck: New page: Map Check
[2022.03.09-06.42.31:948][  0]LightingResults: New page: Lighting Build
[2022.03.09-06.42.31:952][  0]LogAudio: Display: Audio Device unregistered from world 'None'.
[2022.03.09-06.42.31:954][  0]LogUObjectHash: Compacting FUObjectHashTables data took   0.62ms
[2022.03.09-06.42.32:553][  0]LogAudio: Display: Audio Device (ID: 1) registered with world 'Mansion1'.
[2022.03.09-06.42.32:554][  0]LogAIModule: Creating AISystem for world Mansion1
[2022.03.09-06.42.32:568][  0]LogEditorServer: Finished looking for orphan Actors (0.000 secs)
[2022.03.09-06.42.32:609][  0]LogUObjectHash: Compacting FUObjectHashTables data took   0.81ms
[2022.03.09-06.42.32:609][  0]Cmd: MAP CHECKDEP NOCLEARLOG
[2022.03.09-06.42.32:609][  0]MapCheck: Map check complete: 0 Error(s), 0 Warning(s), took 0.175ms to complete.
[2022.03.09-06.42.32:609][  0]LogFileHelpers: Loading map 'Mansion1' took 0.662
[2022.03.09-06.42.32:611][  0]LogUnrealEdMisc: Total Editor Startup Time, took 6.132
[2022.03.09-06.42.32:725][  0]LogSlate: Updating window title bar state: overlay mode, drag disabled, window buttons hidden, title bar hidden
[2022.03.09-06.42.32:731][  0]LogSlate: Updating window title bar state: overlay mode, drag disabled, window buttons hidden, title bar hidden
[2022.03.09-06.42.32:736][  0]LogSlate: Updating window title bar state: overlay mode, drag disabled, window buttons hidden, title bar hidden
[2022.03.09-06.42.32:741][  0]LogSlate: Updating window title bar state: overlay mode, drag disabled, window buttons hidden, title bar hidden
[2022.03.09-06.42.32:762][  0]LogNativeClassHierarchy: Verbose: Native class hierarchy populated in 0.0076 seconds. Added 3822 classes and 928 folders.
[2022.03.09-06.42.32:765][  0]LogNativeClassHierarchy: Verbose: Native class hierarchy updated for 'WidgetCarousel' in 0.0002 seconds. Added 0 classes and 0 folders.
[2022.03.09-06.42.32:769][  0]LogPakFile: PakFile PrimaryIndexSize=187
[2022.03.09-06.42.32:769][  0]LogPakFile: PakFile PathHashIndexSize=101
[2022.03.09-06.42.32:769][  0]LogPakFile: PakFile FullDirectoryIndexSize=148
[2022.03.09-06.42.32:769][  0]LogShaderLibrary: Display: ShaderCodeLibraryPakFileMountedCallback: PakFile 'C:/Game Dev/UE_4.27/FeaturePacks/FP_FirstPerson.upack' (chunk index -1, root 'root:/') mounted
[2022.03.09-06.42.32:769][  0]LogShaderLibrary: Display: ShaderCodeLibraryPakFileMountedCallback: pending pak file info (ChunkID:-1 Root:root:/ File:C:/Game Dev/UE_4.27/FeaturePacks/FP_FirstPerson.upack)
[2022.03.09-06.42.32:769][  0]LogPakFile: OnPakFileMounted2Time == 0.000146
[2022.03.09-06.42.32:771][  0]LogPakFile: PakFile PrimaryIndexSize=189
[2022.03.09-06.42.32:771][  0]LogPakFile: PakFile PathHashIndexSize=101
[2022.03.09-06.42.32:771][  0]LogPakFile: PakFile FullDirectoryIndexSize=152
[2022.03.09-06.42.32:771][  0]LogShaderLibrary: Display: ShaderCodeLibraryPakFileMountedCallback: PakFile 'C:/Game Dev/UE_4.27/FeaturePacks/FP_FirstPersonBP.upack' (chunk index -1, root 'root:/') mounted
[2022.03.09-06.42.32:771][  0]LogShaderLibrary: Display: ShaderCodeLibraryPakFileMountedCallback: pending pak file info (ChunkID:-1 Root:root:/ File:C:/Game Dev/UE_4.27/FeaturePacks/FP_FirstPersonBP.upack)
[2022.03.09-06.42.32:771][  0]LogPakFile: OnPakFileMounted2Time == 0.000035
[2022.03.09-06.42.32:772][  0]LogPakFile: PakFile PrimaryIndexSize=191
[2022.03.09-06.42.32:772][  0]LogPakFile: PakFile PathHashIndexSize=101
[2022.03.09-06.42.32:772][  0]LogPakFile: PakFile FullDirectoryIndexSize=160
[2022.03.09-06.42.32:772][  0]LogShaderLibrary: Display: ShaderCodeLibraryPakFileMountedCallback: PakFile 'C:/Game Dev/UE_4.27/FeaturePacks/MobileStarterContent.upack' (chunk index -1, root 'root:/') mounted
[2022.03.09-06.42.32:772][  0]LogShaderLibrary: Display: ShaderCodeLibraryPakFileMountedCallback: pending pak file info (ChunkID:-1 Root:root:/ File:C:/Game Dev/UE_4.27/FeaturePacks/MobileStarterContent.upack)
[2022.03.09-06.42.32:772][  0]LogPakFile: OnPakFileMounted2Time == 0.000029
[2022.03.09-06.42.32:773][  0]LogPakFile: PakFile PrimaryIndexSize=185
[2022.03.09-06.42.32:773][  0]LogPakFile: PakFile PathHashIndexSize=101
[2022.03.09-06.42.32:773][  0]LogPakFile: PakFile FullDirectoryIndexSize=148
[2022.03.09-06.42.32:773][  0]LogShaderLibrary: Display: ShaderCodeLibraryPakFileMountedCallback: PakFile 'C:/Game Dev/UE_4.27/FeaturePacks/StarterContent.upack' (chunk index -1, root 'root:/') mounted
[2022.03.09-06.42.32:773][  0]LogShaderLibrary: Display: ShaderCodeLibraryPakFileMountedCallback: pending pak file info (ChunkID:-1 Root:root:/ File:C:/Game Dev/UE_4.27/FeaturePacks/StarterContent.upack)
[2022.03.09-06.42.32:773][  0]LogPakFile: OnPakFileMounted2Time == 0.000030
[2022.03.09-06.42.32:774][  0]LogPakFile: PakFile PrimaryIndexSize=190
[2022.03.09-06.42.32:774][  0]LogPakFile: PakFile PathHashIndexSize=101
[2022.03.09-06.42.32:774][  0]LogPakFile: PakFile FullDirectoryIndexSize=154
[2022.03.09-06.42.32:774][  0]LogShaderLibrary: Display: ShaderCodeLibraryPakFileMountedCallback: PakFile 'C:/Game Dev/UE_4.27/FeaturePacks/TP_2DSideScroller.upack' (chunk index -1, root 'root:/') mounted
[2022.03.09-06.42.32:774][  0]LogShaderLibrary: Display: ShaderCodeLibraryPakFileMountedCallback: pending pak file info (ChunkID:-1 Root:root:/ File:C:/Game Dev/UE_4.27/FeaturePacks/TP_2DSideScroller.upack)
[2022.03.09-06.42.32:774][  0]LogPakFile: OnPakFileMounted2Time == 0.000029
[2022.03.09-06.42.32:775][  0]LogPakFile: PakFile PrimaryIndexSize=192
[2022.03.09-06.42.32:775][  0]LogPakFile: PakFile PathHashIndexSize=101
[2022.03.09-06.42.32:775][  0]LogPakFile: PakFile FullDirectoryIndexSize=158
[2022.03.09-06.42.32:775][  0]LogShaderLibrary: Display: ShaderCodeLibraryPakFileMountedCallback: PakFile 'C:/Game Dev/UE_4.27/FeaturePacks/TP_2DSideScrollerBP.upack' (chunk index -1, root 'root:/') mounted
[2022.03.09-06.42.32:775][  0]LogShaderLibrary: Display: ShaderCodeLibraryPakFileMountedCallback: pending pak file info (ChunkID:-1 Root:root:/ File:C:/Game Dev/UE_4.27/FeaturePacks/TP_2DSideScrollerBP.upack)
[2022.03.09-06.42.32:775][  0]LogPakFile: OnPakFileMounted2Time == 0.000029
[2022.03.09-06.42.32:776][  0]LogPakFile: PakFile PrimaryIndexSize=182
[2022.03.09-06.42.32:776][  0]LogPakFile: PakFile PathHashIndexSize=101
[2022.03.09-06.42.32:776][  0]LogPakFile: PakFile FullDirectoryIndexSize=138
[2022.03.09-06.42.32:776][  0]LogShaderLibrary: Display: ShaderCodeLibraryPakFileMountedCallback: PakFile 'C:/Game Dev/UE_4.27/FeaturePacks/TP_Flying.upack' (chunk index -1, root 'root:/') mounted
[2022.03.09-06.42.32:776][  0]LogShaderLibrary: Display: ShaderCodeLibraryPakFileMountedCallback: pending pak file info (ChunkID:-1 Root:root:/ File:C:/Game Dev/UE_4.27/FeaturePacks/TP_Flying.upack)
[2022.03.09-06.42.32:776][  0]LogPakFile: OnPakFileMounted2Time == 0.000028
[2022.03.09-06.42.32:777][  0]LogPakFile: PakFile PrimaryIndexSize=184
[2022.03.09-06.42.32:777][  0]LogPakFile: PakFile PathHashIndexSize=101
[2022.03.09-06.42.32:777][  0]LogPakFile: PakFile FullDirectoryIndexSize=142
[2022.03.09-06.42.32:777][  0]LogShaderLibrary: Display: ShaderCodeLibraryPakFileMountedCallback: PakFile 'C:/Game Dev/UE_4.27/FeaturePacks/TP_FlyingBP.upack' (chunk index -1, root 'root:/') mounted
[2022.03.09-06.42.32:777][  0]LogShaderLibrary: Display: ShaderCodeLibraryPakFileMountedCallback: pending pak file info (ChunkID:-1 Root:root:/ File:C:/Game Dev/UE_4.27/FeaturePacks/TP_FlyingBP.upack)
[2022.03.09-06.42.32:777][  0]LogPakFile: OnPakFileMounted2Time == 0.000028
[2022.03.09-06.42.32:778][  0]LogPakFile: PakFile PrimaryIndexSize=188
[2022.03.09-06.42.32:778][  0]LogPakFile: PakFile PathHashIndexSize=101
[2022.03.09-06.42.32:778][  0]LogPakFile: PakFile FullDirectoryIndexSize=150
[2022.03.09-06.42.32:778][  0]LogShaderLibrary: Display: ShaderCodeLibraryPakFileMountedCallback: PakFile 'C:/Game Dev/UE_4.27/FeaturePacks/TP_HandheldARBP.upack' (chunk index -1, root 'root:/') mounted
[2022.03.09-06.42.32:778][  0]LogShaderLibrary: Display: ShaderCodeLibraryPakFileMountedCallback: pending pak file info (ChunkID:-1 Root:root:/ File:C:/Game Dev/UE_4.27/FeaturePacks/TP_HandheldARBP.upack)
[2022.03.09-06.42.32:778][  0]LogPakFile: OnPakFileMounted2Time == 0.000028
[2022.03.09-06.42.32:780][  0]LogPakFile: PakFile PrimaryIndexSize=182
[2022.03.09-06.42.32:780][  0]LogPakFile: PakFile PathHashIndexSize=101
[2022.03.09-06.42.32:780][  0]LogPakFile: PakFile FullDirectoryIndexSize=138
[2022.03.09-06.42.32:780][  0]LogShaderLibrary: Display: ShaderCodeLibraryPakFileMountedCallback: PakFile 'C:/Game Dev/UE_4.27/FeaturePacks/TP_Puzzle.upack' (chunk index -1, root 'root:/') mounted
[2022.03.09-06.42.32:780][  0]LogShaderLibrary: Display: ShaderCodeLibraryPakFileMountedCallback: pending pak file info (ChunkID:-1 Root:root:/ File:C:/Game Dev/UE_4.27/FeaturePacks/TP_Puzzle.upack)
[2022.03.09-06.42.32:780][  0]LogPakFile: OnPakFileMounted2Time == 0.000029
[2022.03.09-06.42.32:781][  0]LogPakFile: PakFile PrimaryIndexSize=184
[2022.03.09-06.42.32:781][  0]LogPakFile: PakFile PathHashIndexSize=101
[2022.03.09-06.42.32:781][  0]LogPakFile: PakFile FullDirectoryIndexSize=142
[2022.03.09-06.42.32:781][  0]LogShaderLibrary: Display: ShaderCodeLibraryPakFileMountedCallback: PakFile 'C:/Game Dev/UE_4.27/FeaturePacks/TP_PuzzleBP.upack' (chunk index -1, root 'root:/') mounted
[2022.03.09-06.42.32:781][  0]LogShaderLibrary: Display: ShaderCodeLibraryPakFileMountedCallback: pending pak file info (ChunkID:-1 Root:root:/ File:C:/Game Dev/UE_4.27/FeaturePacks/TP_PuzzleBP.upack)
[2022.03.09-06.42.32:781][  0]LogPakFile: OnPakFileMounted2Time == 0.000028
[2022.03.09-06.42.32:782][  0]LogPakFile: PakFile PrimaryIndexSize=183
[2022.03.09-06.42.32:782][  0]LogPakFile: PakFile PathHashIndexSize=101
[2022.03.09-06.42.32:782][  0]LogPakFile: PakFile FullDirectoryIndexSize=140
[2022.03.09-06.42.32:782][  0]LogShaderLibrary: Display: ShaderCodeLibraryPakFileMountedCallback: PakFile 'C:/Game Dev/UE_4.27/FeaturePacks/TP_Rolling.upack' (chunk index -1, root 'root:/') mounted
[2022.03.09-06.42.32:782][  0]LogShaderLibrary: Display: ShaderCodeLibraryPakFileMountedCallback: pending pak file info (ChunkID:-1 Root:root:/ File:C:/Game Dev/UE_4.27/FeaturePacks/TP_Rolling.upack)
[2022.03.09-06.42.32:782][  0]LogPakFile: OnPakFileMounted2Time == 0.000028
[2022.03.09-06.42.32:783][  0]LogPakFile: PakFile PrimaryIndexSize=185
[2022.03.09-06.42.32:783][  0]LogPakFile: PakFile PathHashIndexSize=101
[2022.03.09-06.42.32:783][  0]LogPakFile: PakFile FullDirectoryIndexSize=144
[2022.03.09-06.42.32:783][  0]LogShaderLibrary: Display: ShaderCodeLibraryPakFileMountedCallback: PakFile 'C:/Game Dev/UE_4.27/FeaturePacks/TP_RollingBP.upack' (chunk index -1, root 'root:/') mounted
[2022.03.09-06.42.32:783][  0]LogShaderLibrary: Display: ShaderCodeLibraryPakFileMountedCallback: pending pak file info (ChunkID:-1 Root:root:/ File:C:/Game Dev/UE_4.27/FeaturePacks/TP_RollingBP.upack)
[2022.03.09-06.42.32:783][  0]LogPakFile: OnPakFileMounted2Time == 0.000028
[2022.03.09-06.42.32:784][  0]LogPakFile: PakFile PrimaryIndexSize=188
[2022.03.09-06.42.32:784][  0]LogPakFile: PakFile PathHashIndexSize=101
[2022.03.09-06.42.32:784][  0]LogPakFile: PakFile FullDirectoryIndexSize=150
[2022.03.09-06.42.32:784][  0]LogShaderLibrary: Display: ShaderCodeLibraryPakFileMountedCallback: PakFile 'C:/Game Dev/UE_4.27/FeaturePacks/TP_SideScroller.upack' (chunk index -1, root 'root:/') mounted
[2022.03.09-06.42.32:784][  0]LogShaderLibrary: Display: ShaderCodeLibraryPakFileMountedCallback: pending pak file info (ChunkID:-1 Root:root:/ File:C:/Game Dev/UE_4.27/FeaturePacks/TP_SideScroller.upack)
[2022.03.09-06.42.32:784][  0]LogPakFile: OnPakFileMounted2Time == 0.000028
[2022.03.09-06.42.32:785][  0]LogPakFile: PakFile PrimaryIndexSize=190
[2022.03.09-06.42.32:785][  0]LogPakFile: PakFile PathHashIndexSize=101
[2022.03.09-06.42.32:785][  0]LogPakFile: PakFile FullDirectoryIndexSize=154
[2022.03.09-06.42.32:785][  0]LogShaderLibrary: Display: ShaderCodeLibraryPakFileMountedCallback: PakFile 'C:/Game Dev/UE_4.27/FeaturePacks/TP_SideScrollerBP.upack' (chunk index -1, root 'root:/') mounted
[2022.03.09-06.42.32:785][  0]LogShaderLibrary: Display: ShaderCodeLibraryPakFileMountedCallback: pending pak file info (ChunkID:-1 Root:root:/ File:C:/Game Dev/UE_4.27/FeaturePacks/TP_SideScrollerBP.upack)
[2022.03.09-06.42.32:785][  0]LogPakFile: OnPakFileMounted2Time == 0.000028
[2022.03.09-06.42.32:786][  0]LogPakFile: PakFile PrimaryIndexSize=187
[2022.03.09-06.42.32:786][  0]LogPakFile: PakFile PathHashIndexSize=101
[2022.03.09-06.42.32:786][  0]LogPakFile: PakFile FullDirectoryIndexSize=148
[2022.03.09-06.42.32:786][  0]LogShaderLibrary: Display: ShaderCodeLibraryPakFileMountedCallback: PakFile 'C:/Game Dev/UE_4.27/FeaturePacks/TP_ThirdPerson.upack' (chunk index -1, root 'root:/') mounted
[2022.03.09-06.42.32:786][  0]LogShaderLibrary: Display: ShaderCodeLibraryPakFileMountedCallback: pending pak file info (ChunkID:-1 Root:root:/ File:C:/Game Dev/UE_4.27/FeaturePacks/TP_ThirdPerson.upack)
[2022.03.09-06.42.32:786][  0]LogPakFile: OnPakFileMounted2Time == 0.000027
[2022.03.09-06.42.32:787][  0]LogPakFile: PakFile PrimaryIndexSize=189
[2022.03.09-06.42.32:787][  0]LogPakFile: PakFile PathHashIndexSize=101
[2022.03.09-06.42.32:787][  0]LogPakFile: PakFile FullDirectoryIndexSize=152
[2022.03.09-06.42.32:787][  0]LogShaderLibrary: Display: ShaderCodeLibraryPakFileMountedCallback: PakFile 'C:/Game Dev/UE_4.27/FeaturePacks/TP_ThirdPersonBP.upack' (chunk index -1, root 'root:/') mounted
[2022.03.09-06.42.32:787][  0]LogShaderLibrary: Display: ShaderCodeLibraryPakFileMountedCallback: pending pak file info (ChunkID:-1 Root:root:/ File:C:/Game Dev/UE_4.27/FeaturePacks/TP_ThirdPersonBP.upack)
[2022.03.09-06.42.32:787][  0]LogPakFile: OnPakFileMounted2Time == 0.000028
[2022.03.09-06.42.32:788][  0]LogPakFile: PakFile PrimaryIndexSize=183
[2022.03.09-06.42.32:788][  0]LogPakFile: PakFile PathHashIndexSize=101
[2022.03.09-06.42.32:788][  0]LogPakFile: PakFile FullDirectoryIndexSize=140
[2022.03.09-06.42.32:788][  0]LogShaderLibrary: Display: ShaderCodeLibraryPakFileMountedCallback: PakFile 'C:/Game Dev/UE_4.27/FeaturePacks/TP_TopDown.upack' (chunk index -1, root 'root:/') mounted
[2022.03.09-06.42.32:788][  0]LogShaderLibrary: Display: ShaderCodeLibraryPakFileMountedCallback: pending pak file info (ChunkID:-1 Root:root:/ File:C:/Game Dev/UE_4.27/FeaturePacks/TP_TopDown.upack)
[2022.03.09-06.42.32:788][  0]LogPakFile: OnPakFileMounted2Time == 0.000035
[2022.03.09-06.42.32:789][  0]LogPakFile: PakFile PrimaryIndexSize=185
[2022.03.09-06.42.32:789][  0]LogPakFile: PakFile PathHashIndexSize=101
[2022.03.09-06.42.32:789][  0]LogPakFile: PakFile FullDirectoryIndexSize=144
[2022.03.09-06.42.32:789][  0]LogShaderLibrary: Display: ShaderCodeLibraryPakFileMountedCallback: PakFile 'C:/Game Dev/UE_4.27/FeaturePacks/TP_TopDownBP.upack' (chunk index -1, root 'root:/') mounted
[2022.03.09-06.42.32:789][  0]LogShaderLibrary: Display: ShaderCodeLibraryPakFileMountedCallback: pending pak file info (ChunkID:-1 Root:root:/ File:C:/Game Dev/UE_4.27/FeaturePacks/TP_TopDownBP.upack)
[2022.03.09-06.42.32:789][  0]LogPakFile: OnPakFileMounted2Time == 0.000028
[2022.03.09-06.42.32:790][  0]LogPakFile: PakFile PrimaryIndexSize=185
[2022.03.09-06.42.32:790][  0]LogPakFile: PakFile PathHashIndexSize=101
[2022.03.09-06.42.32:790][  0]LogPakFile: PakFile FullDirectoryIndexSize=144
[2022.03.09-06.42.32:790][  0]LogShaderLibrary: Display: ShaderCodeLibraryPakFileMountedCallback: PakFile 'C:/Game Dev/UE_4.27/FeaturePacks/TP_TwinStick.upack' (chunk index -1, root 'root:/') mounted
[2022.03.09-06.42.32:790][  0]LogShaderLibrary: Display: ShaderCodeLibraryPakFileMountedCallback: pending pak file info (ChunkID:-1 Root:root:/ File:C:/Game Dev/UE_4.27/FeaturePacks/TP_TwinStick.upack)
[2022.03.09-06.42.32:790][  0]LogPakFile: OnPakFileMounted2Time == 0.000028
[2022.03.09-06.42.32:791][  0]LogPakFile: PakFile PrimaryIndexSize=187
[2022.03.09-06.42.32:791][  0]LogPakFile: PakFile PathHashIndexSize=101
[2022.03.09-06.42.32:791][  0]LogPakFile: PakFile FullDirectoryIndexSize=148
[2022.03.09-06.42.32:791][  0]LogShaderLibrary: Display: ShaderCodeLibraryPakFileMountedCallback: PakFile 'C:/Game Dev/UE_4.27/FeaturePacks/TP_TwinStickBP.upack' (chunk index -1, root 'root:/') mounted
[2022.03.09-06.42.32:791][  0]LogShaderLibrary: Display: ShaderCodeLibraryPakFileMountedCallback: pending pak file info (ChunkID:-1 Root:root:/ File:C:/Game Dev/UE_4.27/FeaturePacks/TP_TwinStickBP.upack)
[2022.03.09-06.42.32:791][  0]LogPakFile: OnPakFileMounted2Time == 0.000029
[2022.03.09-06.42.32:792][  0]LogPakFile: PakFile PrimaryIndexSize=183
[2022.03.09-06.42.32:792][  0]LogPakFile: PakFile PathHashIndexSize=101
[2022.03.09-06.42.32:792][  0]LogPakFile: PakFile FullDirectoryIndexSize=140
[2022.03.09-06.42.32:792][  0]LogShaderLibrary: Display: ShaderCodeLibraryPakFileMountedCallback: PakFile 'C:/Game Dev/UE_4.27/FeaturePacks/TP_Vehicle.upack' (chunk index -1, root 'root:/') mounted
[2022.03.09-06.42.32:792][  0]LogShaderLibrary: Display: ShaderCodeLibraryPakFileMountedCallback: pending pak file info (ChunkID:-1 Root:root:/ File:C:/Game Dev/UE_4.27/FeaturePacks/TP_Vehicle.upack)
[2022.03.09-06.42.32:792][  0]LogPakFile: OnPakFileMounted2Time == 0.000029
[2022.03.09-06.42.32:793][  0]LogPakFile: PakFile PrimaryIndexSize=186
[2022.03.09-06.42.32:793][  0]LogPakFile: PakFile PathHashIndexSize=101
[2022.03.09-06.42.32:793][  0]LogPakFile: PakFile FullDirectoryIndexSize=146
[2022.03.09-06.42.32:793][  0]LogShaderLibrary: Display: ShaderCodeLibraryPakFileMountedCallback: PakFile 'C:/Game Dev/UE_4.27/FeaturePacks/TP_VehicleAdv.upack' (chunk index -1, root 'root:/') mounted
[2022.03.09-06.42.32:793][  0]LogShaderLibrary: Display: ShaderCodeLibraryPakFileMountedCallback: pending pak file info (ChunkID:-1 Root:root:/ File:C:/Game Dev/UE_4.27/FeaturePacks/TP_VehicleAdv.upack)
[2022.03.09-06.42.32:793][  0]LogPakFile: OnPakFileMounted2Time == 0.000028
[2022.03.09-06.42.32:794][  0]LogPakFile: PakFile PrimaryIndexSize=188
[2022.03.09-06.42.32:794][  0]LogPakFile: PakFile PathHashIndexSize=101
[2022.03.09-06.42.32:794][  0]LogPakFile: PakFile FullDirectoryIndexSize=150
[2022.03.09-06.42.32:794][  0]LogShaderLibrary: Display: ShaderCodeLibraryPakFileMountedCallback: PakFile 'C:/Game Dev/UE_4.27/FeaturePacks/TP_VehicleAdvBP.upack' (chunk index -1, root 'root:/') mounted
[2022.03.09-06.42.32:794][  0]LogShaderLibrary: Display: ShaderCodeLibraryPakFileMountedCallback: pending pak file info (ChunkID:-1 Root:root:/ File:C:/Game Dev/UE_4.27/FeaturePacks/TP_VehicleAdvBP.upack)
[2022.03.09-06.42.32:794][  0]LogPakFile: OnPakFileMounted2Time == 0.000027
[2022.03.09-06.42.32:795][  0]LogPakFile: PakFile PrimaryIndexSize=185
[2022.03.09-06.42.32:795][  0]LogPakFile: PakFile PathHashIndexSize=101
[2022.03.09-06.42.32:795][  0]LogPakFile: PakFile FullDirectoryIndexSize=144
[2022.03.09-06.42.32:795][  0]LogShaderLibrary: Display: ShaderCodeLibraryPakFileMountedCallback: PakFile 'C:/Game Dev/UE_4.27/FeaturePacks/TP_VehicleBP.upack' (chunk index -1, root 'root:/') mounted
[2022.03.09-06.42.32:795][  0]LogShaderLibrary: Display: ShaderCodeLibraryPakFileMountedCallback: pending pak file info (ChunkID:-1 Root:root:/ File:C:/Game Dev/UE_4.27/FeaturePacks/TP_VehicleBP.upack)
[2022.03.09-06.42.32:795][  0]LogPakFile: OnPakFileMounted2Time == 0.000028
[2022.03.09-06.42.32:796][  0]LogPakFile: PakFile PrimaryIndexSize=192
[2022.03.09-06.42.32:796][  0]LogPakFile: PakFile PathHashIndexSize=101
[2022.03.09-06.42.32:796][  0]LogPakFile: PakFile FullDirectoryIndexSize=158
[2022.03.09-06.42.32:796][  0]LogShaderLibrary: Display: ShaderCodeLibraryPakFileMountedCallback: PakFile 'C:/Game Dev/UE_4.27/FeaturePacks/TP_VirtualRealityBP.upack' (chunk index -1, root 'root:/') mounted
[2022.03.09-06.42.32:796][  0]LogShaderLibrary: Display: ShaderCodeLibraryPakFileMountedCallback: pending pak file info (ChunkID:-1 Root:root:/ File:C:/Game Dev/UE_4.27/FeaturePacks/TP_VirtualRealityBP.upack)
[2022.03.09-06.42.32:796][  0]LogPakFile: OnPakFileMounted2Time == 0.000028
[2022.03.09-06.42.32:844][  0]LogNativeClassHierarchy: Verbose: Native class hierarchy updated for 'AddContentDialog' in 0.0002 seconds. Added 0 classes and 0 folders.
[2022.03.09-06.42.32:847][  0]LogNativeClassHierarchy: Verbose: Native class hierarchy updated for 'SceneOutliner' in 0.0002 seconds. Added 2 classes and 0 folders.
[2022.03.09-06.42.32:927][  0]LogSlate: Took 0.000173 seconds to synchronously load lazily loaded font '../../../Engine/Content/Slate/Fonts/Roboto-Regular.ttf' (155K)
[2022.03.09-06.42.32:928][  0]LogSlate: Took 0.000369 seconds to synchronously load lazily loaded font '../../../Engine/Content/Editor/Slate/Fonts/FontAwesome.ttf' (139K)
[2022.03.09-06.42.32:929][  0]LogSlate: Took 0.000148 seconds to synchronously load lazily loaded font '../../../Engine/Content/Slate/Fonts/Roboto-Bold.ttf' (160K)
[2022.03.09-06.42.33:005][  0]LogRenderer: Reallocating scene render targets to support 964x432 Format 10 NumSamples 1 (Frame:1).
[2022.03.09-06.42.33:166][  0]LogD3D12RHI: Creating RTPSO with 139 shaders (0 cached, 139 new) took 132.66 ms. Compile time 118.86 ms, link time 13.58 ms.
[2022.03.09-06.42.33:245][  0]LogD3D12RHI: Creating RT View Heap with 250000 entries
[2022.03.09-06.42.33:267][  0]LogD3D12RHI: Creating RT Sampler Heap with 2048 entries
[2022.03.09-06.42.34:236][  0]LogD3D12RHI: Creating RTPSO with 8 shaders (0 cached, 8 new) took 968.87 ms. Compile time 11.12 ms, link time 957.72 ms.
[2022.03.09-06.42.34:238][  0]LogD3D12RHI: Creating RT View Heap with 250000 entries
[2022.03.09-06.42.34:259][  0]LogD3D12RHI: Creating RT Sampler Heap with 2048 entries
[2022.03.09-06.42.34:323][  0]LogD3D12RHI: Creating RTPSO with 3 shaders (2 cached, 1 new) took 62.36 ms. Compile time 0.44 ms, link time 61.89 ms.
[2022.03.09-06.42.34:323][  0]LogD3D12RHI: Creating RT View Heap with 250000 entries
[2022.03.09-06.42.34:346][  0]LogD3D12RHI: Creating RT Sampler Heap with 2048 entries
[2022.03.09-06.42.34:589][  0]LogNativeClassHierarchy: Verbose: Native class hierarchy updated for 'HierarchicalLODOutliner' in 0.0002 seconds. Added 0 classes and 0 folders.
[2022.03.09-06.42.34:589][  0]LogInput: Warning: Action Jump uses invalid key OculusGo_Left_Trigger_Click.
[2022.03.09-06.42.34:589][  0]LogInput: Warning: Action ResetVR uses invalid key OculusGo_Left_Trackpad_Click.
[2022.03.09-06.42.34:589][  0]LogInput: Warning: Use -RemoveInvalidKeys to remove instances of these keys from the action mapping.
[2022.03.09-06.42.34:589][  0]LogLoad: (Engine Initialization) Total time: 8.11 seconds
[2022.03.09-06.42.34:589][  0]LogLoad: (Engine Initialization) Total Blueprint compile time: 0.00 seconds
[2022.03.09-06.42.34:634][  0]LogAssetRegistry: Asset discovery search completed in 5.4928 seconds
[2022.03.09-06.42.34:638][  0]LogCollectionManager: Fixed up redirectors for 0 collections in 0.000003 seconds (updated 0 objects)
[2022.03.09-06.42.34:639][  0]LogContentStreaming: Texture pool size now 1000 MB
[2022.03.09-06.42.34:757][  1]LogD3D12RHI: Creating RT View Heap with 250000 entries
[2022.03.09-06.42.34:777][  1]LogD3D12RHI: Creating RT Sampler Heap with 2048 entries
[2022.03.09-06.42.34:777][  1]LogD3D12RHI: Creating RT View Heap with 250000 entries
[2022.03.09-06.42.34:799][  1]LogD3D12RHI: Creating RT Sampler Heap with 2048 entries
[2022.03.09-06.42.34:814][  1]LogD3D12RHI: Creating RT View Heap with 250000 entries
[2022.03.09-06.42.34:834][  1]LogD3D12RHI: Creating RT Sampler Heap with 2048 entries
[2022.03.09-06.42.34:835][  1]LogD3D12RHI: Creating RT View Heap with 250000 entries
[2022.03.09-06.42.34:855][  1]LogD3D12RHI: Creating RT Sampler Heap with 2048 entries
[2022.03.09-06.42.34:906][  2]LogSlate: Took 0.000569 seconds to synchronously load lazily loaded font '../../../Engine/Content/Slate/Fonts/Roboto-Light.ttf' (167K)
[2022.03.09-06.42.42:101][429]LogD3D12RHI: Creating RT View Heap with 250000 entries
[2022.03.09-06.42.42:101][429]LogD3D12RHI: Creating RT Sampler Heap with 2048 entries
[2022.03.09-06.42.42:101][429]LogD3D12RHI: Creating RT View Heap with 250000 entries
[2022.03.09-06.42.42:107][429]LogD3D12RHI: Creating RT Sampler Heap with 2048 entries
[2022.03.09-06.42.51:403][979]LogSlate: Window 'Plugins' being destroyed
[2022.03.09-06.42.51:407][979]LogSlate: Window 'Plugins' being destroyed
[2022.03.09-06.42.51:407][979]LogDirectoryWatcher: A directory notification for '../../../Engine/Plugins/' was aborted.
[2022.03.09-06.48.39:333][482]LogSlate: Only BGRA pngs, bmps or icos are supported in by External Image Picker
[2022.03.09-06.48.49:896][107]LogSlate: Took 0.000184 seconds to synchronously load lazily loaded font '../../../Engine/Content/Slate/Fonts/Roboto-Light.ttf' (167K)
[2022.03.09-06.48.49:926][107]LogAssetEditorSubsystem: Opening Asset editor for Blueprint /Game/ThirdPersonBP/Blueprints/ThirdPersonCharacter.ThirdPersonCharacter
[2022.03.09-06.48.50:145][107]LogNativeClassHierarchy: Verbose: Native class hierarchy updated for 'BlueprintGraph' in 0.0005 seconds. Added 126 classes and 0 folders.
[2022.03.09-06.48.50:817][107]LogSlate: Took 0.000228 seconds to synchronously load lazily loaded font '../../../Engine/Content/Slate/Fonts/Roboto-BoldCondensed.ttf' (158K)
[2022.03.09-06.48.51:014][108]LogSlate: Took 0.000596 seconds to synchronously load lazily loaded font '../../../Engine/Content/Slate/Fonts/Roboto-Italic.ttf' (157K)
[2022.03.09-06.49.10:740][257]LogAssetEditorSubsystem: Opening Asset editor for Blueprint /Game/AI/NPC/Basic/Blueprints/BasicEnemy.BasicEnemy
[2022.03.09-06.49.41:087][ 42]LogSlate: Window 'BasicEnemy' being destroyed
[2022.03.09-06.49.41:092][ 42]LogSlate: Window 'BasicEnemy' being destroyed
[2022.03.09-06.49.41:095][ 42]LogWorld: UWorld::CleanupWorld for World_6, bSessionEnded=true, bCleanupResources=true
[2022.03.09-06.49.41:096][ 42]LogSlate: InvalidateAllWidgets triggered.  All widgets were invalidated
[2022.03.09-06.49.41:156][ 42]LogActorComponent: UnregisterComponent: (/Engine/Transient.EditorFloorComp) Not registered. Aborting.
[2022.03.09-06.49.41:156][ 42]LogWorld: UWorld::CleanupWorld for World_8, bSessionEnded=true, bCleanupResources=true
[2022.03.09-06.49.41:156][ 42]LogSlate: InvalidateAllWidgets triggered.  All widgets were invalidated
